nohup: ignoring input
/home/rzhou/project/scenariogenerationai/simpleGAN/GAN_torch.py:9: DeprecationWarning: 
Pyarrow will become a required dependency of pandas in the next major release of pandas (pandas 3.0),
(to allow more performant data types, such as the Arrow string type, and better interoperability with other libraries)
but was not found to be installed on your system.
If this would cause problems for you,
please provide us feedback at https://github.com/pandas-dev/pandas/issues/54466
        
  import pandas as pd
Traceback (most recent call last):
  File "/home/rzhou/project/scenariogenerationai/simpleGAN/GAN_torch.py", line 205, in <module>
    d_fake_loss.backward()
  File "/home/rzhou/miniconda3/lib/python3.11/site-packages/torch/_tensor.py", line 522, in backward
    torch.autograd.backward(
  File "/home/rzhou/miniconda3/lib/python3.11/site-packages/torch/autograd/__init__.py", line 266, in backward
    Variable._execution_engine.run_backward(  # Calls into the C++ engine to run the backward pass
torch.cuda.OutOfMemoryError: CUDA out of memory. Tried to allocate 5.50 GiB. GPU 0 has a total capacity of 79.11 GiB of which 3.46 GiB is free. Process 278975 has 750.00 MiB memory in use. Process 415092 has 49.54 GiB memory in use. Including non-PyTorch memory, this process has 25.35 GiB memory in use. Of the allocated memory 24.67 GiB is allocated by PyTorch, and 36.27 MiB is reserved by PyTorch but unallocated. If reserved but unallocated memory is large try setting PYTORCH_CUDA_ALLOC_CONF=expandable_segments:True to avoid fragmentation.  See documentation for Memory Management  (https://pytorch.org/docs/stable/notes/cuda.html#environment-variables)
nohup: ignoring input
/home/rzhou/project/scenariogenerationai/simpleGAN/GAN_torch.py:9: DeprecationWarning: 
Pyarrow will become a required dependency of pandas in the next major release of pandas (pandas 3.0),
(to allow more performant data types, such as the Arrow string type, and better interoperability with other libraries)
but was not found to be installed on your system.
If this would cause problems for you,
please provide us feedback at https://github.com/pandas-dev/pandas/issues/54466
        
  import pandas as pd
Epoch: 0
dLoss: tensor(2.1380, device='cuda:0')
gLoss: tensor(0.4867, device='cuda:0')
tensor([[[ 0.8637,  0.6687,  0.8554,  ...,  0.9042, -0.8057,  0.8879],
         [ 0.7075,  0.9181, -0.2700,  ..., -0.8555,  0.8512,  0.9370],
         [ 0.8294, -0.8142,  0.9009,  ...,  0.9588,  0.9398,  0.8469],
         ...,
         [-0.8165,  0.8703,  0.7865,  ...,  0.9284, -0.4061, -0.4879],
         [ 0.8348,  0.6009, -0.3093,  ...,  0.7696,  0.0313,  0.9229],
         [ 0.9584,  0.9457,  0.4225,  ..., -0.5661,  0.9595,  0.9551]],

        [[ 0.8790,  0.6903,  0.8713,  ...,  0.9167, -0.8240,  0.9016],
         [ 0.7285,  0.9293, -0.2828,  ..., -0.8713,  0.8673,  0.9464],
         [ 0.8466, -0.8321,  0.9137,  ...,  0.9657,  0.9490,  0.8633],
         ...,
         [-0.8344,  0.8851,  0.8056,  ...,  0.9387, -0.4242, -0.5071],
         [ 0.8518,  0.6222, -0.3242,  ...,  0.7894,  0.0326,  0.9338],
         [ 0.9654,  0.9541,  0.4402,  ..., -0.5869,  0.9664,  0.9625]],

        [[ 0.8622,  0.6670,  0.8541,  ...,  0.9030, -0.8039,  0.8866],
         [ 0.7056,  0.9169, -0.2686,  ..., -0.8539,  0.8496,  0.9361],
         [ 0.8279, -0.8123,  0.8998,  ...,  0.9581,  0.9389,  0.8455],
         ...,
         [-0.8148,  0.8686,  0.7846,  ...,  0.9275, -0.4052, -0.4861],
         [ 0.8330,  0.5989, -0.3081,  ...,  0.7682,  0.0307,  0.9219],
         [ 0.9577,  0.9449,  0.4205,  ..., -0.5638,  0.9589,  0.9544]],

        ...,

        [[ 0.8854,  0.6995,  0.8779,  ...,  0.9217, -0.8316,  0.9072],
         [ 0.7374,  0.9339, -0.2877,  ..., -0.8780,  0.8740,  0.9502],
         [ 0.8537, -0.8394,  0.9191,  ...,  0.9685,  0.9526,  0.8702],
         ...,
         [-0.8418,  0.8914,  0.8137,  ...,  0.9428, -0.4317, -0.5164],
         [ 0.8589,  0.6315, -0.3306,  ...,  0.7976,  0.0326,  0.9381],
         [ 0.9682,  0.9576,  0.4479,  ..., -0.5958,  0.9692,  0.9655]],

        [[ 0.8355,  0.6323,  0.8266,  ...,  0.8805, -0.7730,  0.8626],
         [ 0.6717,  0.8965, -0.2497,  ..., -0.8265,  0.8220,  0.9187],
         [ 0.7988, -0.7822,  0.8771,  ...,  0.9448,  0.9220,  0.8174],
         ...,
         [-0.7842,  0.8426,  0.7527,  ...,  0.9087, -0.3780, -0.4555],
         [ 0.8038,  0.5649, -0.2860,  ...,  0.7359,  0.0295,  0.9023],
         [ 0.9443,  0.9290,  0.3932,  ..., -0.5307,  0.9457,  0.9404]],

        [[ 0.8893,  0.7053,  0.8822,  ...,  0.9249, -0.8368,  0.9107],
         [ 0.7437,  0.9368, -0.2914,  ..., -0.8820,  0.8783,  0.9526],
         [ 0.8583, -0.8444,  0.9223,  ...,  0.9702,  0.9548,  0.8744],
         ...,
         [-0.8466,  0.8953,  0.8189,  ...,  0.9455, -0.4364, -0.5218],
         [ 0.8635,  0.6381, -0.3351,  ...,  0.8029,  0.0332,  0.9409],
         [ 0.9699,  0.9597,  0.4537,  ..., -0.6024,  0.9708,  0.9673]]],
       device='cuda:0', grad_fn=<ViewBackward0>)
Epoch: 1
dLoss: tensor(70.8048, device='cuda:0')
gLoss: tensor(4.6236, device='cuda:0')
tensor([[[ 1.,  1.,  1.,  ...,  1., -1.,  1.],
         [ 1.,  1., -1.,  ..., -1.,  1.,  1.],
         [ 1., -1.,  1.,  ...,  1.,  1.,  1.],
         ...,
         [-1.,  1.,  1.,  ...,  1.,  1., -1.],
         [ 1.,  1., -1.,  ...,  1., -1.,  1.],
         [ 1.,  1., -1.,  ..., -1.,  1.,  1.]],

        [[ 1.,  1.,  1.,  ...,  1., -1.,  1.],
         [ 1.,  1., -1.,  ..., -1.,  1.,  1.],
         [ 1., -1.,  1.,  ...,  1.,  1.,  1.],
         ...,
         [-1.,  1.,  1.,  ...,  1.,  1., -1.],
         [ 1.,  1., -1.,  ...,  1., -1.,  1.],
         [ 1.,  1., -1.,  ..., -1.,  1.,  1.]],

        [[ 1.,  1.,  1.,  ...,  1., -1.,  1.],
         [ 1.,  1., -1.,  ..., -1.,  1.,  1.],
         [ 1., -1.,  1.,  ...,  1.,  1.,  1.],
         ...,
         [-1.,  1.,  1.,  ...,  1.,  1., -1.],
         [ 1.,  1., -1.,  ...,  1., -1.,  1.],
         [ 1.,  1., -1.,  ..., -1.,  1.,  1.]],

        ...,

        [[ 1.,  1.,  1.,  ...,  1., -1.,  1.],
         [ 1.,  1., -1.,  ..., -1.,  1.,  1.],
         [ 1., -1.,  1.,  ...,  1.,  1.,  1.],
         ...,
         [-1.,  1.,  1.,  ...,  1.,  1., -1.],
         [ 1.,  1., -1.,  ...,  1., -1.,  1.],
         [ 1.,  1., -1.,  ..., -1.,  1.,  1.]],

        [[ 1.,  1.,  1.,  ...,  1., -1.,  1.],
         [ 1.,  1., -1.,  ..., -1.,  1.,  1.],
         [ 1., -1.,  1.,  ...,  1.,  1.,  1.],
         ...,
         [-1.,  1.,  1.,  ...,  1.,  1., -1.],
         [ 1.,  1., -1.,  ...,  1., -1.,  1.],
         [ 1.,  1., -1.,  ..., -1.,  1.,  1.]],

        [[ 1.,  1.,  1.,  ...,  1., -1.,  1.],
         [ 1.,  1., -1.,  ..., -1.,  1.,  1.],
         [ 1., -1.,  1.,  ...,  1.,  1.,  1.],
         ...,
         [-1.,  1.,  1.,  ...,  1.,  1., -1.],
         [ 1.,  1., -1.,  ...,  1., -1.,  1.],
         [ 1.,  1., -1.,  ..., -1.,  1.,  1.]]], device='cuda:0',
       grad_fn=<ViewBackward0>)
Epoch: 2
dLoss: tensor(100., device='cuda:0')
gLoss: tensor(52.6015, device='cuda:0')
tensor([[[ 1.,  1.,  1.,  ...,  1., -1.,  1.],
         [ 1.,  1., -1.,  ..., -1.,  1.,  1.],
         [ 1., -1.,  1.,  ...,  1.,  1.,  1.],
         ...,
         [-1.,  1.,  1.,  ...,  1.,  1., -1.],
         [ 1.,  1., -1.,  ...,  1., -1.,  1.],
         [ 1.,  1., -1.,  ..., -1.,  1.,  1.]],

        [[ 1.,  1.,  1.,  ...,  1., -1.,  1.],
         [ 1.,  1., -1.,  ..., -1.,  1.,  1.],
         [ 1., -1.,  1.,  ...,  1.,  1.,  1.],
         ...,
         [-1.,  1.,  1.,  ...,  1.,  1., -1.],
         [ 1.,  1., -1.,  ...,  1., -1.,  1.],
         [ 1.,  1., -1.,  ..., -1.,  1.,  1.]],

        [[ 1.,  1.,  1.,  ...,  1., -1.,  1.],
         [ 1.,  1., -1.,  ..., -1.,  1.,  1.],
         [ 1., -1.,  1.,  ...,  1.,  1.,  1.],
         ...,
         [-1.,  1.,  1.,  ...,  1.,  1., -1.],
         [ 1.,  1., -1.,  ...,  1., -1.,  1.],
         [ 1.,  1., -1.,  ..., -1.,  1.,  1.]],

        ...,

        [[ 1.,  1.,  1.,  ...,  1., -1.,  1.],
         [ 1.,  1., -1.,  ..., -1.,  1.,  1.],
         [ 1., -1.,  1.,  ...,  1.,  1.,  1.],
         ...,
         [-1.,  1.,  1.,  ...,  1.,  1., -1.],
         [ 1.,  1., -1.,  ...,  1., -1.,  1.],
         [ 1.,  1., -1.,  ..., -1.,  1.,  1.]],

        [[ 1.,  1.,  1.,  ...,  1., -1.,  1.],
         [ 1.,  1., -1.,  ..., -1.,  1.,  1.],
         [ 1., -1.,  1.,  ...,  1.,  1.,  1.],
         ...,
         [-1.,  1.,  1.,  ...,  1.,  1., -1.],
         [ 1.,  1., -1.,  ...,  1., -1.,  1.],
         [ 1.,  1., -1.,  ..., -1.,  1.,  1.]],

        [[ 1.,  1.,  1.,  ...,  1., -1.,  1.],
         [ 1.,  1., -1.,  ..., -1.,  1.,  1.],
         [ 1., -1.,  1.,  ...,  1.,  1.,  1.],
         ...,
         [-1.,  1.,  1.,  ...,  1.,  1., -1.],
         [ 1.,  1., -1.,  ...,  1., -1.,  1.],
         [ 1.,  1., -1.,  ..., -1.,  1.,  1.]]], device='cuda:0',
       grad_fn=<ViewBackward0>)
Epoch: 3
dLoss: tensor(100., device='cuda:0')
gLoss: tensor(100., device='cuda:0')
tensor([[[ 1.,  1.,  1.,  ...,  1., -1.,  1.],
         [ 1.,  1., -1.,  ..., -1.,  1.,  1.],
         [ 1., -1.,  1.,  ...,  1.,  1.,  1.],
         ...,
         [-1.,  1.,  1.,  ...,  1.,  1., -1.],
         [ 1.,  1., -1.,  ...,  1., -1.,  1.],
         [ 1.,  1., -1.,  ..., -1.,  1.,  1.]],

        [[ 1.,  1.,  1.,  ...,  1., -1.,  1.],
         [ 1.,  1., -1.,  ..., -1.,  1.,  1.],
         [ 1., -1.,  1.,  ...,  1.,  1.,  1.],
         ...,
         [-1.,  1.,  1.,  ...,  1.,  1., -1.],
         [ 1.,  1., -1.,  ...,  1., -1.,  1.],
         [ 1.,  1., -1.,  ..., -1.,  1.,  1.]],

        [[ 1.,  1.,  1.,  ...,  1., -1.,  1.],
         [ 1.,  1., -1.,  ..., -1.,  1.,  1.],
         [ 1., -1.,  1.,  ...,  1.,  1.,  1.],
         ...,
         [-1.,  1.,  1.,  ...,  1.,  1., -1.],
         [ 1.,  1., -1.,  ...,  1., -1.,  1.],
         [ 1.,  1., -1.,  ..., -1.,  1.,  1.]],

        ...,

        [[ 1.,  1.,  1.,  ...,  1., -1.,  1.],
         [ 1.,  1., -1.,  ..., -1.,  1.,  1.],
         [ 1., -1.,  1.,  ...,  1.,  1.,  1.],
         ...,
         [-1.,  1.,  1.,  ...,  1.,  1., -1.],
         [ 1.,  1., -1.,  ...,  1., -1.,  1.],
         [ 1.,  1., -1.,  ..., -1.,  1.,  1.]],

        [[ 1.,  1.,  1.,  ...,  1., -1.,  1.],
         [ 1.,  1., -1.,  ..., -1.,  1.,  1.],
         [ 1., -1.,  1.,  ...,  1.,  1.,  1.],
         ...,
         [-1.,  1.,  1.,  ...,  1.,  1., -1.],
         [ 1.,  1., -1.,  ...,  1., -1.,  1.],
         [ 1.,  1., -1.,  ..., -1.,  1.,  1.]],

        [[ 1.,  1.,  1.,  ...,  1., -1.,  1.],
         [ 1.,  1., -1.,  ..., -1.,  1.,  1.],
         [ 1., -1.,  1.,  ...,  1.,  1.,  1.],
         ...,
         [-1.,  1.,  1.,  ...,  1.,  1., -1.],
         [ 1.,  1., -1.,  ...,  1., -1.,  1.],
         [ 1.,  1., -1.,  ..., -1.,  1.,  1.]]], device='cuda:0',
       grad_fn=<ViewBackward0>)
Epoch: 4
dLoss: tensor(100., device='cuda:0')
gLoss: tensor(100., device='cuda:0')
tensor([[[ 1.,  1.,  1.,  ...,  1., -1.,  1.],
         [ 1.,  1., -1.,  ..., -1.,  1.,  1.],
         [ 1., -1.,  1.,  ...,  1.,  1.,  1.],
         ...,
         [-1.,  1.,  1.,  ...,  1.,  1., -1.],
         [ 1.,  1., -1.,  ...,  1., -1.,  1.],
         [ 1.,  1., -1.,  ..., -1.,  1.,  1.]],

        [[ 1.,  1.,  1.,  ...,  1., -1.,  1.],
         [ 1.,  1., -1.,  ..., -1.,  1.,  1.],
         [ 1., -1.,  1.,  ...,  1.,  1.,  1.],
         ...,
         [-1.,  1.,  1.,  ...,  1.,  1., -1.],
         [ 1.,  1., -1.,  ...,  1., -1.,  1.],
         [ 1.,  1., -1.,  ..., -1.,  1.,  1.]],

        [[ 1.,  1.,  1.,  ...,  1., -1.,  1.],
         [ 1.,  1., -1.,  ..., -1.,  1.,  1.],
         [ 1., -1.,  1.,  ...,  1.,  1.,  1.],
         ...,
         [-1.,  1.,  1.,  ...,  1.,  1., -1.],
         [ 1.,  1., -1.,  ...,  1., -1.,  1.],
         [ 1.,  1., -1.,  ..., -1.,  1.,  1.]],

        ...,

        [[ 1.,  1.,  1.,  ...,  1., -1.,  1.],
         [ 1.,  1., -1.,  ..., -1.,  1.,  1.],
         [ 1., -1.,  1.,  ...,  1.,  1.,  1.],
         ...,
         [-1.,  1.,  1.,  ...,  1.,  1., -1.],
         [ 1.,  1., -1.,  ...,  1., -1.,  1.],
         [ 1.,  1., -1.,  ..., -1.,  1.,  1.]],

        [[ 1.,  1.,  1.,  ...,  1., -1.,  1.],
         [ 1.,  1., -1.,  ..., -1.,  1.,  1.],
         [ 1., -1.,  1.,  ...,  1.,  1.,  1.],
         ...,
         [-1.,  1.,  1.,  ...,  1.,  1., -1.],
         [ 1.,  1., -1.,  ...,  1., -1.,  1.],
         [ 1.,  1., -1.,  ..., -1.,  1.,  1.]],

        [[ 1.,  1.,  1.,  ...,  1., -1.,  1.],
         [ 1.,  1., -1.,  ..., -1.,  1.,  1.],
         [ 1., -1.,  1.,  ...,  1.,  1.,  1.],
         ...,
         [-1.,  1.,  1.,  ...,  1.,  1., -1.],
         [ 1.,  1., -1.,  ...,  1., -1.,  1.],
         [ 1.,  1., -1.,  ..., -1.,  1.,  1.]]], device='cuda:0',
       grad_fn=<ViewBackward0>)
Epoch: 5
dLoss: tensor(100., device='cuda:0')
gLoss: tensor(100., device='cuda:0')
tensor([[[ 1.,  1.,  1.,  ...,  1., -1.,  1.],
         [ 1.,  1., -1.,  ..., -1.,  1.,  1.],
         [ 1., -1.,  1.,  ...,  1.,  1.,  1.],
         ...,
         [-1.,  1.,  1.,  ...,  1.,  1., -1.],
         [ 1.,  1., -1.,  ...,  1., -1.,  1.],
         [ 1.,  1., -1.,  ..., -1.,  1.,  1.]],

        [[ 1.,  1.,  1.,  ...,  1., -1.,  1.],
         [ 1.,  1., -1.,  ..., -1.,  1.,  1.],
         [ 1., -1.,  1.,  ...,  1.,  1.,  1.],
         ...,
         [-1.,  1.,  1.,  ...,  1.,  1., -1.],
         [ 1.,  1., -1.,  ...,  1., -1.,  1.],
         [ 1.,  1., -1.,  ..., -1.,  1.,  1.]],

        [[ 1.,  1.,  1.,  ...,  1., -1.,  1.],
         [ 1.,  1., -1.,  ..., -1.,  1.,  1.],
         [ 1., -1.,  1.,  ...,  1.,  1.,  1.],
         ...,
         [-1.,  1.,  1.,  ...,  1.,  1., -1.],
         [ 1.,  1., -1.,  ...,  1., -1.,  1.],
         [ 1.,  1., -1.,  ..., -1.,  1.,  1.]],

        ...,

        [[ 1.,  1.,  1.,  ...,  1., -1.,  1.],
         [ 1.,  1., -1.,  ..., -1.,  1.,  1.],
         [ 1., -1.,  1.,  ...,  1.,  1.,  1.],
         ...,
         [-1.,  1.,  1.,  ...,  1.,  1., -1.],
         [ 1.,  1., -1.,  ...,  1., -1.,  1.],
         [ 1.,  1., -1.,  ..., -1.,  1.,  1.]],

        [[ 1.,  1.,  1.,  ...,  1., -1.,  1.],
         [ 1.,  1., -1.,  ..., -1.,  1.,  1.],
         [ 1., -1.,  1.,  ...,  1.,  1.,  1.],
         ...,
         [-1.,  1.,  1.,  ...,  1.,  1., -1.],
         [ 1.,  1., -1.,  ...,  1., -1.,  1.],
         [ 1.,  1., -1.,  ..., -1.,  1.,  1.]],

        [[ 1.,  1.,  1.,  ...,  1., -1.,  1.],
         [ 1.,  1., -1.,  ..., -1.,  1.,  1.],
         [ 1., -1.,  1.,  ...,  1.,  1.,  1.],
         ...,
         [-1.,  1.,  1.,  ...,  1.,  1., -1.],
         [ 1.,  1., -1.,  ...,  1., -1.,  1.],
         [ 1.,  1., -1.,  ..., -1.,  1.,  1.]]], device='cuda:0',
       grad_fn=<ViewBackward0>)
Epoch: 6
dLoss: tensor(100., device='cuda:0')
gLoss: tensor(100., device='cuda:0')
tensor([[[ 1.,  1.,  1.,  ...,  1., -1.,  1.],
         [ 1.,  1., -1.,  ..., -1.,  1.,  1.],
         [ 1., -1.,  1.,  ...,  1.,  1.,  1.],
         ...,
         [-1.,  1.,  1.,  ...,  1.,  1., -1.],
         [ 1.,  1., -1.,  ...,  1., -1.,  1.],
         [ 1.,  1., -1.,  ..., -1.,  1.,  1.]],

        [[ 1.,  1.,  1.,  ...,  1., -1.,  1.],
         [ 1.,  1., -1.,  ..., -1.,  1.,  1.],
         [ 1., -1.,  1.,  ...,  1.,  1.,  1.],
         ...,
         [-1.,  1.,  1.,  ...,  1.,  1., -1.],
         [ 1.,  1., -1.,  ...,  1., -1.,  1.],
         [ 1.,  1., -1.,  ..., -1.,  1.,  1.]],

        [[ 1.,  1.,  1.,  ...,  1., -1.,  1.],
         [ 1.,  1., -1.,  ..., -1.,  1.,  1.],
         [ 1., -1.,  1.,  ...,  1.,  1.,  1.],
         ...,
         [-1.,  1.,  1.,  ...,  1.,  1., -1.],
         [ 1.,  1., -1.,  ...,  1., -1.,  1.],
         [ 1.,  1., -1.,  ..., -1.,  1.,  1.]],

        ...,

        [[ 1.,  1.,  1.,  ...,  1., -1.,  1.],
         [ 1.,  1., -1.,  ..., -1.,  1.,  1.],
         [ 1., -1.,  1.,  ...,  1.,  1.,  1.],
         ...,
         [-1.,  1.,  1.,  ...,  1.,  1., -1.],
         [ 1.,  1., -1.,  ...,  1., -1.,  1.],
         [ 1.,  1., -1.,  ..., -1.,  1.,  1.]],

        [[ 1.,  1.,  1.,  ...,  1., -1.,  1.],
         [ 1.,  1., -1.,  ..., -1.,  1.,  1.],
         [ 1., -1.,  1.,  ...,  1.,  1.,  1.],
         ...,
         [-1.,  1.,  1.,  ...,  1.,  1., -1.],
         [ 1.,  1., -1.,  ...,  1., -1.,  1.],
         [ 1.,  1., -1.,  ..., -1.,  1.,  1.]],

        [[ 1.,  1.,  1.,  ...,  1., -1.,  1.],
         [ 1.,  1., -1.,  ..., -1.,  1.,  1.],
         [ 1., -1.,  1.,  ...,  1.,  1.,  1.],
         ...,
         [-1.,  1.,  1.,  ...,  1.,  1., -1.],
         [ 1.,  1., -1.,  ...,  1., -1.,  1.],
         [ 1.,  1., -1.,  ..., -1.,  1.,  1.]]], device='cuda:0',
       grad_fn=<ViewBackward0>)
Epoch: 7
dLoss: tensor(100., device='cuda:0')
gLoss: tensor(100., device='cuda:0')
tensor([[[ 1.,  1.,  1.,  ...,  1., -1.,  1.],
         [ 1.,  1., -1.,  ..., -1.,  1.,  1.],
         [ 1., -1.,  1.,  ...,  1.,  1.,  1.],
         ...,
         [-1.,  1.,  1.,  ...,  1.,  1., -1.],
         [ 1.,  1., -1.,  ...,  1., -1.,  1.],
         [ 1.,  1., -1.,  ..., -1.,  1.,  1.]],

        [[ 1.,  1.,  1.,  ...,  1., -1.,  1.],
         [ 1.,  1., -1.,  ..., -1.,  1.,  1.],
         [ 1., -1.,  1.,  ...,  1.,  1.,  1.],
         ...,
         [-1.,  1.,  1.,  ...,  1.,  1., -1.],
         [ 1.,  1., -1.,  ...,  1., -1.,  1.],
         [ 1.,  1., -1.,  ..., -1.,  1.,  1.]],

        [[ 1.,  1.,  1.,  ...,  1., -1.,  1.],
         [ 1.,  1., -1.,  ..., -1.,  1.,  1.],
         [ 1., -1.,  1.,  ...,  1.,  1.,  1.],
         ...,
         [-1.,  1.,  1.,  ...,  1.,  1., -1.],
         [ 1.,  1., -1.,  ...,  1., -1.,  1.],
         [ 1.,  1., -1.,  ..., -1.,  1.,  1.]],

        ...,

        [[ 1.,  1.,  1.,  ...,  1., -1.,  1.],
         [ 1.,  1., -1.,  ..., -1.,  1.,  1.],
         [ 1., -1.,  1.,  ...,  1.,  1.,  1.],
         ...,
         [-1.,  1.,  1.,  ...,  1.,  1., -1.],
         [ 1.,  1., -1.,  ...,  1., -1.,  1.],
         [ 1.,  1., -1.,  ..., -1.,  1.,  1.]],

        [[ 1.,  1.,  1.,  ...,  1., -1.,  1.],
         [ 1.,  1., -1.,  ..., -1.,  1.,  1.],
         [ 1., -1.,  1.,  ...,  1.,  1.,  1.],
         ...,
         [-1.,  1.,  1.,  ...,  1.,  1., -1.],
         [ 1.,  1., -1.,  ...,  1., -1.,  1.],
         [ 1.,  1., -1.,  ..., -1.,  1.,  1.]],

        [[ 1.,  1.,  1.,  ...,  1., -1.,  1.],
         [ 1.,  1., -1.,  ..., -1.,  1.,  1.],
         [ 1., -1.,  1.,  ...,  1.,  1.,  1.],
         ...,
         [-1.,  1.,  1.,  ...,  1.,  1., -1.],
         [ 1.,  1., -1.,  ...,  1., -1.,  1.],
         [ 1.,  1., -1.,  ..., -1.,  1.,  1.]]], device='cuda:0',
       grad_fn=<ViewBackward0>)
Epoch: 8
dLoss: tensor(100., device='cuda:0')
gLoss: tensor(100., device='cuda:0')
tensor([[[ 1.,  1.,  1.,  ...,  1., -1.,  1.],
         [ 1.,  1., -1.,  ..., -1.,  1.,  1.],
         [ 1., -1.,  1.,  ...,  1.,  1.,  1.],
         ...,
         [-1.,  1.,  1.,  ...,  1.,  1., -1.],
         [ 1.,  1., -1.,  ...,  1., -1.,  1.],
         [ 1.,  1., -1.,  ..., -1.,  1.,  1.]],

        [[ 1.,  1.,  1.,  ...,  1., -1.,  1.],
         [ 1.,  1., -1.,  ..., -1.,  1.,  1.],
         [ 1., -1.,  1.,  ...,  1.,  1.,  1.],
         ...,
         [-1.,  1.,  1.,  ...,  1.,  1., -1.],
         [ 1.,  1., -1.,  ...,  1., -1.,  1.],
         [ 1.,  1., -1.,  ..., -1.,  1.,  1.]],

        [[ 1.,  1.,  1.,  ...,  1., -1.,  1.],
         [ 1.,  1., -1.,  ..., -1.,  1.,  1.],
         [ 1., -1.,  1.,  ...,  1.,  1.,  1.],
         ...,
         [-1.,  1.,  1.,  ...,  1.,  1., -1.],
         [ 1.,  1., -1.,  ...,  1., -1.,  1.],
         [ 1.,  1., -1.,  ..., -1.,  1.,  1.]],

        ...,

        [[ 1.,  1.,  1.,  ...,  1., -1.,  1.],
         [ 1.,  1., -1.,  ..., -1.,  1.,  1.],
         [ 1., -1.,  1.,  ...,  1.,  1.,  1.],
         ...,
         [-1.,  1.,  1.,  ...,  1.,  1., -1.],
         [ 1.,  1., -1.,  ...,  1., -1.,  1.],
         [ 1.,  1., -1.,  ..., -1.,  1.,  1.]],

        [[ 1.,  1.,  1.,  ...,  1., -1.,  1.],
         [ 1.,  1., -1.,  ..., -1.,  1.,  1.],
         [ 1., -1.,  1.,  ...,  1.,  1.,  1.],
         ...,
         [-1.,  1.,  1.,  ...,  1.,  1., -1.],
         [ 1.,  1., -1.,  ...,  1., -1.,  1.],
         [ 1.,  1., -1.,  ..., -1.,  1.,  1.]],

        [[ 1.,  1.,  1.,  ...,  1., -1.,  1.],
         [ 1.,  1., -1.,  ..., -1.,  1.,  1.],
         [ 1., -1.,  1.,  ...,  1.,  1.,  1.],
         ...,
         [-1.,  1.,  1.,  ...,  1.,  1., -1.],
         [ 1.,  1., -1.,  ...,  1., -1.,  1.],
         [ 1.,  1., -1.,  ..., -1.,  1.,  1.]]], device='cuda:0',
       grad_fn=<ViewBackward0>)
Epoch: 9
dLoss: tensor(100., device='cuda:0')
gLoss: tensor(100., device='cuda:0')
tensor([[[ 1.,  1.,  1.,  ...,  1., -1.,  1.],
         [ 1.,  1., -1.,  ..., -1.,  1.,  1.],
         [ 1., -1.,  1.,  ...,  1.,  1.,  1.],
         ...,
         [-1.,  1.,  1.,  ...,  1.,  1., -1.],
         [ 1.,  1., -1.,  ...,  1., -1.,  1.],
         [ 1.,  1., -1.,  ..., -1.,  1.,  1.]],

        [[ 1.,  1.,  1.,  ...,  1., -1.,  1.],
         [ 1.,  1., -1.,  ..., -1.,  1.,  1.],
         [ 1., -1.,  1.,  ...,  1.,  1.,  1.],
         ...,
         [-1.,  1.,  1.,  ...,  1.,  1., -1.],
         [ 1.,  1., -1.,  ...,  1., -1.,  1.],
         [ 1.,  1., -1.,  ..., -1.,  1.,  1.]],

        [[ 1.,  1.,  1.,  ...,  1., -1.,  1.],
         [ 1.,  1., -1.,  ..., -1.,  1.,  1.],
         [ 1., -1.,  1.,  ...,  1.,  1.,  1.],
         ...,
         [-1.,  1.,  1.,  ...,  1.,  1., -1.],
         [ 1.,  1., -1.,  ...,  1., -1.,  1.],
         [ 1.,  1., -1.,  ..., -1.,  1.,  1.]],

        ...,

        [[ 1.,  1.,  1.,  ...,  1., -1.,  1.],
         [ 1.,  1., -1.,  ..., -1.,  1.,  1.],
         [ 1., -1.,  1.,  ...,  1.,  1.,  1.],
         ...,
         [-1.,  1.,  1.,  ...,  1.,  1., -1.],
         [ 1.,  1., -1.,  ...,  1., -1.,  1.],
         [ 1.,  1., -1.,  ..., -1.,  1.,  1.]],

        [[ 1.,  1.,  1.,  ...,  1., -1.,  1.],
         [ 1.,  1., -1.,  ..., -1.,  1.,  1.],
         [ 1., -1.,  1.,  ...,  1.,  1.,  1.],
         ...,
         [-1.,  1.,  1.,  ...,  1.,  1., -1.],
         [ 1.,  1., -1.,  ...,  1., -1.,  1.],
         [ 1.,  1., -1.,  ..., -1.,  1.,  1.]],

        [[ 1.,  1.,  1.,  ...,  1., -1.,  1.],
         [ 1.,  1., -1.,  ..., -1.,  1.,  1.],
         [ 1., -1.,  1.,  ...,  1.,  1.,  1.],
         ...,
         [-1.,  1.,  1.,  ...,  1.,  1., -1.],
         [ 1.,  1., -1.,  ...,  1., -1.,  1.],
         [ 1.,  1., -1.,  ..., -1.,  1.,  1.]]], device='cuda:0',
       grad_fn=<ViewBackward0>)
Epoch: 10
dLoss: tensor(100., device='cuda:0')
gLoss: tensor(100., device='cuda:0')
tensor([[[ 1.,  1.,  1.,  ...,  1., -1.,  1.],
         [ 1.,  1., -1.,  ..., -1.,  1.,  1.],
         [ 1., -1.,  1.,  ...,  1.,  1.,  1.],
         ...,
         [-1.,  1.,  1.,  ...,  1.,  1., -1.],
         [ 1.,  1., -1.,  ...,  1., -1.,  1.],
         [ 1.,  1., -1.,  ..., -1.,  1.,  1.]],

        [[ 1.,  1.,  1.,  ...,  1., -1.,  1.],
         [ 1.,  1., -1.,  ..., -1.,  1.,  1.],
         [ 1., -1.,  1.,  ...,  1.,  1.,  1.],
         ...,
         [-1.,  1.,  1.,  ...,  1.,  1., -1.],
         [ 1.,  1., -1.,  ...,  1., -1.,  1.],
         [ 1.,  1., -1.,  ..., -1.,  1.,  1.]],

        [[ 1.,  1.,  1.,  ...,  1., -1.,  1.],
         [ 1.,  1., -1.,  ..., -1.,  1.,  1.],
         [ 1., -1.,  1.,  ...,  1.,  1.,  1.],
         ...,
         [-1.,  1.,  1.,  ...,  1.,  1., -1.],
         [ 1.,  1., -1.,  ...,  1., -1.,  1.],
         [ 1.,  1., -1.,  ..., -1.,  1.,  1.]],

        ...,

        [[ 1.,  1.,  1.,  ...,  1., -1.,  1.],
         [ 1.,  1., -1.,  ..., -1.,  1.,  1.],
         [ 1., -1.,  1.,  ...,  1.,  1.,  1.],
         ...,
         [-1.,  1.,  1.,  ...,  1.,  1., -1.],
         [ 1.,  1., -1.,  ...,  1., -1.,  1.],
         [ 1.,  1., -1.,  ..., -1.,  1.,  1.]],

        [[ 1.,  1.,  1.,  ...,  1., -1.,  1.],
         [ 1.,  1., -1.,  ..., -1.,  1.,  1.],
         [ 1., -1.,  1.,  ...,  1.,  1.,  1.],
         ...,
         [-1.,  1.,  1.,  ...,  1.,  1., -1.],
         [ 1.,  1., -1.,  ...,  1., -1.,  1.],
         [ 1.,  1., -1.,  ..., -1.,  1.,  1.]],

        [[ 1.,  1.,  1.,  ...,  1., -1.,  1.],
         [ 1.,  1., -1.,  ..., -1.,  1.,  1.],
         [ 1., -1.,  1.,  ...,  1.,  1.,  1.],
         ...,
         [-1.,  1.,  1.,  ...,  1.,  1., -1.],
         [ 1.,  1., -1.,  ...,  1., -1.,  1.],
         [ 1.,  1., -1.,  ..., -1.,  1.,  1.]]], device='cuda:0',
       grad_fn=<ViewBackward0>)
Epoch: 11
dLoss: tensor(100., device='cuda:0')
gLoss: tensor(100., device='cuda:0')
tensor([[[ 1.,  1.,  1.,  ...,  1., -1.,  1.],
         [ 1.,  1., -1.,  ..., -1.,  1.,  1.],
         [ 1., -1.,  1.,  ...,  1.,  1.,  1.],
         ...,
         [-1.,  1.,  1.,  ...,  1.,  1., -1.],
         [ 1.,  1., -1.,  ...,  1., -1.,  1.],
         [ 1.,  1., -1.,  ..., -1.,  1.,  1.]],

        [[ 1.,  1.,  1.,  ...,  1., -1.,  1.],
         [ 1.,  1., -1.,  ..., -1.,  1.,  1.],
         [ 1., -1.,  1.,  ...,  1.,  1.,  1.],
         ...,
         [-1.,  1.,  1.,  ...,  1.,  1., -1.],
         [ 1.,  1., -1.,  ...,  1., -1.,  1.],
         [ 1.,  1., -1.,  ..., -1.,  1.,  1.]],

        [[ 1.,  1.,  1.,  ...,  1., -1.,  1.],
         [ 1.,  1., -1.,  ..., -1.,  1.,  1.],
         [ 1., -1.,  1.,  ...,  1.,  1.,  1.],
         ...,
         [-1.,  1.,  1.,  ...,  1.,  1., -1.],
         [ 1.,  1., -1.,  ...,  1., -1.,  1.],
         [ 1.,  1., -1.,  ..., -1.,  1.,  1.]],

        ...,

        [[ 1.,  1.,  1.,  ...,  1., -1.,  1.],
         [ 1.,  1., -1.,  ..., -1.,  1.,  1.],
         [ 1., -1.,  1.,  ...,  1.,  1.,  1.],
         ...,
         [-1.,  1.,  1.,  ...,  1.,  1., -1.],
         [ 1.,  1., -1.,  ...,  1., -1.,  1.],
         [ 1.,  1., -1.,  ..., -1.,  1.,  1.]],

        [[ 1.,  1.,  1.,  ...,  1., -1.,  1.],
         [ 1.,  1., -1.,  ..., -1.,  1.,  1.],
         [ 1., -1.,  1.,  ...,  1.,  1.,  1.],
         ...,
         [-1.,  1.,  1.,  ...,  1.,  1., -1.],
         [ 1.,  1., -1.,  ...,  1., -1.,  1.],
         [ 1.,  1., -1.,  ..., -1.,  1.,  1.]],

        [[ 1.,  1.,  1.,  ...,  1., -1.,  1.],
         [ 1.,  1., -1.,  ..., -1.,  1.,  1.],
         [ 1., -1.,  1.,  ...,  1.,  1.,  1.],
         ...,
         [-1.,  1.,  1.,  ...,  1.,  1., -1.],
         [ 1.,  1., -1.,  ...,  1., -1.,  1.],
         [ 1.,  1., -1.,  ..., -1.,  1.,  1.]]], device='cuda:0',
       grad_fn=<ViewBackward0>)
Epoch: 12
dLoss: tensor(100., device='cuda:0')
gLoss: tensor(100., device='cuda:0')
tensor([[[ 1.,  1.,  1.,  ...,  1., -1.,  1.],
         [ 1.,  1., -1.,  ..., -1.,  1.,  1.],
         [ 1., -1.,  1.,  ...,  1.,  1.,  1.],
         ...,
         [-1.,  1.,  1.,  ...,  1.,  1., -1.],
         [ 1.,  1., -1.,  ...,  1., -1.,  1.],
         [ 1.,  1., -1.,  ..., -1.,  1.,  1.]],

        [[ 1.,  1.,  1.,  ...,  1., -1.,  1.],
         [ 1.,  1., -1.,  ..., -1.,  1.,  1.],
         [ 1., -1.,  1.,  ...,  1.,  1.,  1.],
         ...,
         [-1.,  1.,  1.,  ...,  1.,  1., -1.],
         [ 1.,  1., -1.,  ...,  1., -1.,  1.],
         [ 1.,  1., -1.,  ..., -1.,  1.,  1.]],

        [[ 1.,  1.,  1.,  ...,  1., -1.,  1.],
         [ 1.,  1., -1.,  ..., -1.,  1.,  1.],
         [ 1., -1.,  1.,  ...,  1.,  1.,  1.],
         ...,
         [-1.,  1.,  1.,  ...,  1.,  1., -1.],
         [ 1.,  1., -1.,  ...,  1., -1.,  1.],
         [ 1.,  1., -1.,  ..., -1.,  1.,  1.]],

        ...,

        [[ 1.,  1.,  1.,  ...,  1., -1.,  1.],
         [ 1.,  1., -1.,  ..., -1.,  1.,  1.],
         [ 1., -1.,  1.,  ...,  1.,  1.,  1.],
         ...,
         [-1.,  1.,  1.,  ...,  1.,  1., -1.],
         [ 1.,  1., -1.,  ...,  1., -1.,  1.],
         [ 1.,  1., -1.,  ..., -1.,  1.,  1.]],

        [[ 1.,  1.,  1.,  ...,  1., -1.,  1.],
         [ 1.,  1., -1.,  ..., -1.,  1.,  1.],
         [ 1., -1.,  1.,  ...,  1.,  1.,  1.],
         ...,
         [-1.,  1.,  1.,  ...,  1.,  1., -1.],
         [ 1.,  1., -1.,  ...,  1., -1.,  1.],
         [ 1.,  1., -1.,  ..., -1.,  1.,  1.]],

        [[ 1.,  1.,  1.,  ...,  1., -1.,  1.],
         [ 1.,  1., -1.,  ..., -1.,  1.,  1.],
         [ 1., -1.,  1.,  ...,  1.,  1.,  1.],
         ...,
         [-1.,  1.,  1.,  ...,  1.,  1., -1.],
         [ 1.,  1., -1.,  ...,  1., -1.,  1.],
         [ 1.,  1., -1.,  ..., -1.,  1.,  1.]]], device='cuda:0',
       grad_fn=<ViewBackward0>)
Epoch: 13
dLoss: tensor(100., device='cuda:0')
gLoss: tensor(100., device='cuda:0')
tensor([[[ 1.,  1.,  1.,  ...,  1., -1.,  1.],
         [ 1.,  1., -1.,  ..., -1.,  1.,  1.],
         [ 1., -1.,  1.,  ...,  1.,  1.,  1.],
         ...,
         [-1.,  1.,  1.,  ...,  1.,  1., -1.],
         [ 1.,  1., -1.,  ...,  1., -1.,  1.],
         [ 1.,  1., -1.,  ..., -1.,  1.,  1.]],

        [[ 1.,  1.,  1.,  ...,  1., -1.,  1.],
         [ 1.,  1., -1.,  ..., -1.,  1.,  1.],
         [ 1., -1.,  1.,  ...,  1.,  1.,  1.],
         ...,
         [-1.,  1.,  1.,  ...,  1.,  1., -1.],
         [ 1.,  1., -1.,  ...,  1., -1.,  1.],
         [ 1.,  1., -1.,  ..., -1.,  1.,  1.]],

        [[ 1.,  1.,  1.,  ...,  1., -1.,  1.],
         [ 1.,  1., -1.,  ..., -1.,  1.,  1.],
         [ 1., -1.,  1.,  ...,  1.,  1.,  1.],
         ...,
         [-1.,  1.,  1.,  ...,  1.,  1., -1.],
         [ 1.,  1., -1.,  ...,  1., -1.,  1.],
         [ 1.,  1., -1.,  ..., -1.,  1.,  1.]],

        ...,

        [[ 1.,  1.,  1.,  ...,  1., -1.,  1.],
         [ 1.,  1., -1.,  ..., -1.,  1.,  1.],
         [ 1., -1.,  1.,  ...,  1.,  1.,  1.],
         ...,
         [-1.,  1.,  1.,  ...,  1.,  1., -1.],
         [ 1.,  1., -1.,  ...,  1., -1.,  1.],
         [ 1.,  1., -1.,  ..., -1.,  1.,  1.]],

        [[ 1.,  1.,  1.,  ...,  1., -1.,  1.],
         [ 1.,  1., -1.,  ..., -1.,  1.,  1.],
         [ 1., -1.,  1.,  ...,  1.,  1.,  1.],
         ...,
         [-1.,  1.,  1.,  ...,  1.,  1., -1.],
         [ 1.,  1., -1.,  ...,  1., -1.,  1.],
         [ 1.,  1., -1.,  ..., -1.,  1.,  1.]],

        [[ 1.,  1.,  1.,  ...,  1., -1.,  1.],
         [ 1.,  1., -1.,  ..., -1.,  1.,  1.],
         [ 1., -1.,  1.,  ...,  1.,  1.,  1.],
         ...,
         [-1.,  1.,  1.,  ...,  1.,  1., -1.],
         [ 1.,  1., -1.,  ...,  1., -1.,  1.],
         [ 1.,  1., -1.,  ..., -1.,  1.,  1.]]], device='cuda:0',
       grad_fn=<ViewBackward0>)
Epoch: 14
dLoss: tensor(100., device='cuda:0')
gLoss: tensor(100., device='cuda:0')
tensor([[[ 1.,  1.,  1.,  ...,  1., -1.,  1.],
         [ 1.,  1., -1.,  ..., -1.,  1.,  1.],
         [ 1., -1.,  1.,  ...,  1.,  1.,  1.],
         ...,
         [-1.,  1.,  1.,  ...,  1.,  1., -1.],
         [ 1.,  1., -1.,  ...,  1., -1.,  1.],
         [ 1.,  1., -1.,  ..., -1.,  1.,  1.]],

        [[ 1.,  1.,  1.,  ...,  1., -1.,  1.],
         [ 1.,  1., -1.,  ..., -1.,  1.,  1.],
         [ 1., -1.,  1.,  ...,  1.,  1.,  1.],
         ...,
         [-1.,  1.,  1.,  ...,  1.,  1., -1.],
         [ 1.,  1., -1.,  ...,  1., -1.,  1.],
         [ 1.,  1., -1.,  ..., -1.,  1.,  1.]],

        [[ 1.,  1.,  1.,  ...,  1., -1.,  1.],
         [ 1.,  1., -1.,  ..., -1.,  1.,  1.],
         [ 1., -1.,  1.,  ...,  1.,  1.,  1.],
         ...,
         [-1.,  1.,  1.,  ...,  1.,  1., -1.],
         [ 1.,  1., -1.,  ...,  1., -1.,  1.],
         [ 1.,  1., -1.,  ..., -1.,  1.,  1.]],

        ...,

        [[ 1.,  1.,  1.,  ...,  1., -1.,  1.],
         [ 1.,  1., -1.,  ..., -1.,  1.,  1.],
         [ 1., -1.,  1.,  ...,  1.,  1.,  1.],
         ...,
         [-1.,  1.,  1.,  ...,  1.,  1., -1.],
         [ 1.,  1., -1.,  ...,  1., -1.,  1.],
         [ 1.,  1., -1.,  ..., -1.,  1.,  1.]],

        [[ 1.,  1.,  1.,  ...,  1., -1.,  1.],
         [ 1.,  1., -1.,  ..., -1.,  1.,  1.],
         [ 1., -1.,  1.,  ...,  1.,  1.,  1.],
         ...,
         [-1.,  1.,  1.,  ...,  1.,  1., -1.],
         [ 1.,  1., -1.,  ...,  1., -1.,  1.],
         [ 1.,  1., -1.,  ..., -1.,  1.,  1.]],

        [[ 1.,  1.,  1.,  ...,  1., -1.,  1.],
         [ 1.,  1., -1.,  ..., -1.,  1.,  1.],
         [ 1., -1.,  1.,  ...,  1.,  1.,  1.],
         ...,
         [-1.,  1.,  1.,  ...,  1.,  1., -1.],
         [ 1.,  1., -1.,  ...,  1., -1.,  1.],
         [ 1.,  1., -1.,  ..., -1.,  1.,  1.]]], device='cuda:0',
       grad_fn=<ViewBackward0>)
Epoch: 15
dLoss: tensor(100., device='cuda:0')
gLoss: tensor(100., device='cuda:0')
tensor([[[ 1.,  1.,  1.,  ...,  1., -1.,  1.],
         [ 1.,  1., -1.,  ..., -1.,  1.,  1.],
         [ 1., -1.,  1.,  ...,  1.,  1.,  1.],
         ...,
         [-1.,  1.,  1.,  ...,  1.,  1., -1.],
         [ 1.,  1., -1.,  ...,  1., -1.,  1.],
         [ 1.,  1., -1.,  ..., -1.,  1.,  1.]],

        [[ 1.,  1.,  1.,  ...,  1., -1.,  1.],
         [ 1.,  1., -1.,  ..., -1.,  1.,  1.],
         [ 1., -1.,  1.,  ...,  1.,  1.,  1.],
         ...,
         [-1.,  1.,  1.,  ...,  1.,  1., -1.],
         [ 1.,  1., -1.,  ...,  1., -1.,  1.],
         [ 1.,  1., -1.,  ..., -1.,  1.,  1.]],

        [[ 1.,  1.,  1.,  ...,  1., -1.,  1.],
         [ 1.,  1., -1.,  ..., -1.,  1.,  1.],
         [ 1., -1.,  1.,  ...,  1.,  1.,  1.],
         ...,
         [-1.,  1.,  1.,  ...,  1.,  1., -1.],
         [ 1.,  1., -1.,  ...,  1., -1.,  1.],
         [ 1.,  1., -1.,  ..., -1.,  1.,  1.]],

        ...,

        [[ 1.,  1.,  1.,  ...,  1., -1.,  1.],
         [ 1.,  1., -1.,  ..., -1.,  1.,  1.],
         [ 1., -1.,  1.,  ...,  1.,  1.,  1.],
         ...,
         [-1.,  1.,  1.,  ...,  1.,  1., -1.],
         [ 1.,  1., -1.,  ...,  1., -1.,  1.],
         [ 1.,  1., -1.,  ..., -1.,  1.,  1.]],

        [[ 1.,  1.,  1.,  ...,  1., -1.,  1.],
         [ 1.,  1., -1.,  ..., -1.,  1.,  1.],
         [ 1., -1.,  1.,  ...,  1.,  1.,  1.],
         ...,
         [-1.,  1.,  1.,  ...,  1.,  1., -1.],
         [ 1.,  1., -1.,  ...,  1., -1.,  1.],
         [ 1.,  1., -1.,  ..., -1.,  1.,  1.]],

        [[ 1.,  1.,  1.,  ...,  1., -1.,  1.],
         [ 1.,  1., -1.,  ..., -1.,  1.,  1.],
         [ 1., -1.,  1.,  ...,  1.,  1.,  1.],
         ...,
         [-1.,  1.,  1.,  ...,  1.,  1., -1.],
         [ 1.,  1., -1.,  ...,  1., -1.,  1.],
         [ 1.,  1., -1.,  ..., -1.,  1.,  1.]]], device='cuda:0',
       grad_fn=<ViewBackward0>)
Epoch: 16
dLoss: tensor(100., device='cuda:0')
gLoss: tensor(100., device='cuda:0')
tensor([[[ 1.,  1.,  1.,  ...,  1., -1.,  1.],
         [ 1.,  1., -1.,  ..., -1.,  1.,  1.],
         [ 1., -1.,  1.,  ...,  1.,  1.,  1.],
         ...,
         [-1.,  1.,  1.,  ...,  1.,  1., -1.],
         [ 1.,  1., -1.,  ...,  1., -1.,  1.],
         [ 1.,  1., -1.,  ..., -1.,  1.,  1.]],

        [[ 1.,  1.,  1.,  ...,  1., -1.,  1.],
         [ 1.,  1., -1.,  ..., -1.,  1.,  1.],
         [ 1., -1.,  1.,  ...,  1.,  1.,  1.],
         ...,
         [-1.,  1.,  1.,  ...,  1.,  1., -1.],
         [ 1.,  1., -1.,  ...,  1., -1.,  1.],
         [ 1.,  1., -1.,  ..., -1.,  1.,  1.]],

        [[ 1.,  1.,  1.,  ...,  1., -1.,  1.],
         [ 1.,  1., -1.,  ..., -1.,  1.,  1.],
         [ 1., -1.,  1.,  ...,  1.,  1.,  1.],
         ...,
         [-1.,  1.,  1.,  ...,  1.,  1., -1.],
         [ 1.,  1., -1.,  ...,  1., -1.,  1.],
         [ 1.,  1., -1.,  ..., -1.,  1.,  1.]],

        ...,

        [[ 1.,  1.,  1.,  ...,  1., -1.,  1.],
         [ 1.,  1., -1.,  ..., -1.,  1.,  1.],
         [ 1., -1.,  1.,  ...,  1.,  1.,  1.],
         ...,
         [-1.,  1.,  1.,  ...,  1.,  1., -1.],
         [ 1.,  1., -1.,  ...,  1., -1.,  1.],
         [ 1.,  1., -1.,  ..., -1.,  1.,  1.]],

        [[ 1.,  1.,  1.,  ...,  1., -1.,  1.],
         [ 1.,  1., -1.,  ..., -1.,  1.,  1.],
         [ 1., -1.,  1.,  ...,  1.,  1.,  1.],
         ...,
         [-1.,  1.,  1.,  ...,  1.,  1., -1.],
         [ 1.,  1., -1.,  ...,  1., -1.,  1.],
         [ 1.,  1., -1.,  ..., -1.,  1.,  1.]],

        [[ 1.,  1.,  1.,  ...,  1., -1.,  1.],
         [ 1.,  1., -1.,  ..., -1.,  1.,  1.],
         [ 1., -1.,  1.,  ...,  1.,  1.,  1.],
         ...,
         [-1.,  1.,  1.,  ...,  1.,  1., -1.],
         [ 1.,  1., -1.,  ...,  1., -1.,  1.],
         [ 1.,  1., -1.,  ..., -1.,  1.,  1.]]], device='cuda:0',
       grad_fn=<ViewBackward0>)
Epoch: 17
dLoss: tensor(100., device='cuda:0')
gLoss: tensor(100., device='cuda:0')
tensor([[[ 1.,  1.,  1.,  ...,  1., -1.,  1.],
         [ 1.,  1., -1.,  ..., -1.,  1.,  1.],
         [ 1., -1.,  1.,  ...,  1.,  1.,  1.],
         ...,
         [-1.,  1.,  1.,  ...,  1.,  1., -1.],
         [ 1.,  1., -1.,  ...,  1., -1.,  1.],
         [ 1.,  1., -1.,  ..., -1.,  1.,  1.]],

        [[ 1.,  1.,  1.,  ...,  1., -1.,  1.],
         [ 1.,  1., -1.,  ..., -1.,  1.,  1.],
         [ 1., -1.,  1.,  ...,  1.,  1.,  1.],
         ...,
         [-1.,  1.,  1.,  ...,  1.,  1., -1.],
         [ 1.,  1., -1.,  ...,  1., -1.,  1.],
         [ 1.,  1., -1.,  ..., -1.,  1.,  1.]],

        [[ 1.,  1.,  1.,  ...,  1., -1.,  1.],
         [ 1.,  1., -1.,  ..., -1.,  1.,  1.],
         [ 1., -1.,  1.,  ...,  1.,  1.,  1.],
         ...,
         [-1.,  1.,  1.,  ...,  1.,  1., -1.],
         [ 1.,  1., -1.,  ...,  1., -1.,  1.],
         [ 1.,  1., -1.,  ..., -1.,  1.,  1.]],

        ...,

        [[ 1.,  1.,  1.,  ...,  1., -1.,  1.],
         [ 1.,  1., -1.,  ..., -1.,  1.,  1.],
         [ 1., -1.,  1.,  ...,  1.,  1.,  1.],
         ...,
         [-1.,  1.,  1.,  ...,  1.,  1., -1.],
         [ 1.,  1., -1.,  ...,  1., -1.,  1.],
         [ 1.,  1., -1.,  ..., -1.,  1.,  1.]],

        [[ 1.,  1.,  1.,  ...,  1., -1.,  1.],
         [ 1.,  1., -1.,  ..., -1.,  1.,  1.],
         [ 1., -1.,  1.,  ...,  1.,  1.,  1.],
         ...,
         [-1.,  1.,  1.,  ...,  1.,  1., -1.],
         [ 1.,  1., -1.,  ...,  1., -1.,  1.],
         [ 1.,  1., -1.,  ..., -1.,  1.,  1.]],

        [[ 1.,  1.,  1.,  ...,  1., -1.,  1.],
         [ 1.,  1., -1.,  ..., -1.,  1.,  1.],
         [ 1., -1.,  1.,  ...,  1.,  1.,  1.],
         ...,
         [-1.,  1.,  1.,  ...,  1.,  1., -1.],
         [ 1.,  1., -1.,  ...,  1., -1.,  1.],
         [ 1.,  1., -1.,  ..., -1.,  1.,  1.]]], device='cuda:0',
       grad_fn=<ViewBackward0>)
Epoch: 18
dLoss: tensor(100., device='cuda:0')
gLoss: tensor(100., device='cuda:0')
tensor([[[ 1.,  1.,  1.,  ...,  1., -1.,  1.],
         [ 1.,  1., -1.,  ..., -1.,  1.,  1.],
         [ 1., -1.,  1.,  ...,  1.,  1.,  1.],
         ...,
         [-1.,  1.,  1.,  ...,  1.,  1., -1.],
         [ 1.,  1., -1.,  ...,  1., -1.,  1.],
         [ 1.,  1., -1.,  ..., -1.,  1.,  1.]],

        [[ 1.,  1.,  1.,  ...,  1., -1.,  1.],
         [ 1.,  1., -1.,  ..., -1.,  1.,  1.],
         [ 1., -1.,  1.,  ...,  1.,  1.,  1.],
         ...,
         [-1.,  1.,  1.,  ...,  1.,  1., -1.],
         [ 1.,  1., -1.,  ...,  1., -1.,  1.],
         [ 1.,  1., -1.,  ..., -1.,  1.,  1.]],

        [[ 1.,  1.,  1.,  ...,  1., -1.,  1.],
         [ 1.,  1., -1.,  ..., -1.,  1.,  1.],
         [ 1., -1.,  1.,  ...,  1.,  1.,  1.],
         ...,
         [-1.,  1.,  1.,  ...,  1.,  1., -1.],
         [ 1.,  1., -1.,  ...,  1., -1.,  1.],
         [ 1.,  1., -1.,  ..., -1.,  1.,  1.]],

        ...,

        [[ 1.,  1.,  1.,  ...,  1., -1.,  1.],
         [ 1.,  1., -1.,  ..., -1.,  1.,  1.],
         [ 1., -1.,  1.,  ...,  1.,  1.,  1.],
         ...,
         [-1.,  1.,  1.,  ...,  1.,  1., -1.],
         [ 1.,  1., -1.,  ...,  1., -1.,  1.],
         [ 1.,  1., -1.,  ..., -1.,  1.,  1.]],

        [[ 1.,  1.,  1.,  ...,  1., -1.,  1.],
         [ 1.,  1., -1.,  ..., -1.,  1.,  1.],
         [ 1., -1.,  1.,  ...,  1.,  1.,  1.],
         ...,
         [-1.,  1.,  1.,  ...,  1.,  1., -1.],
         [ 1.,  1., -1.,  ...,  1., -1.,  1.],
         [ 1.,  1., -1.,  ..., -1.,  1.,  1.]],

        [[ 1.,  1.,  1.,  ...,  1., -1.,  1.],
         [ 1.,  1., -1.,  ..., -1.,  1.,  1.],
         [ 1., -1.,  1.,  ...,  1.,  1.,  1.],
         ...,
         [-1.,  1.,  1.,  ...,  1.,  1., -1.],
         [ 1.,  1., -1.,  ...,  1., -1.,  1.],
         [ 1.,  1., -1.,  ..., -1.,  1.,  1.]]], device='cuda:0',
       grad_fn=<ViewBackward0>)
Epoch: 19
dLoss: tensor(100., device='cuda:0')
gLoss: tensor(100., device='cuda:0')
tensor([[[ 1.,  1.,  1.,  ...,  1., -1.,  1.],
         [ 1.,  1., -1.,  ..., -1.,  1.,  1.],
         [ 1., -1.,  1.,  ...,  1.,  1.,  1.],
         ...,
         [-1.,  1.,  1.,  ...,  1.,  1., -1.],
         [ 1.,  1., -1.,  ...,  1., -1.,  1.],
         [ 1.,  1., -1.,  ..., -1.,  1.,  1.]],

        [[ 1.,  1.,  1.,  ...,  1., -1.,  1.],
         [ 1.,  1., -1.,  ..., -1.,  1.,  1.],
         [ 1., -1.,  1.,  ...,  1.,  1.,  1.],
         ...,
         [-1.,  1.,  1.,  ...,  1.,  1., -1.],
         [ 1.,  1., -1.,  ...,  1., -1.,  1.],
         [ 1.,  1., -1.,  ..., -1.,  1.,  1.]],

        [[ 1.,  1.,  1.,  ...,  1., -1.,  1.],
         [ 1.,  1., -1.,  ..., -1.,  1.,  1.],
         [ 1., -1.,  1.,  ...,  1.,  1.,  1.],
         ...,
         [-1.,  1.,  1.,  ...,  1.,  1., -1.],
         [ 1.,  1., -1.,  ...,  1., -1.,  1.],
         [ 1.,  1., -1.,  ..., -1.,  1.,  1.]],

        ...,

        [[ 1.,  1.,  1.,  ...,  1., -1.,  1.],
         [ 1.,  1., -1.,  ..., -1.,  1.,  1.],
         [ 1., -1.,  1.,  ...,  1.,  1.,  1.],
         ...,
         [-1.,  1.,  1.,  ...,  1.,  1., -1.],
         [ 1.,  1., -1.,  ...,  1., -1.,  1.],
         [ 1.,  1., -1.,  ..., -1.,  1.,  1.]],

        [[ 1.,  1.,  1.,  ...,  1., -1.,  1.],
         [ 1.,  1., -1.,  ..., -1.,  1.,  1.],
         [ 1., -1.,  1.,  ...,  1.,  1.,  1.],
         ...,
         [-1.,  1.,  1.,  ...,  1.,  1., -1.],
         [ 1.,  1., -1.,  ...,  1., -1.,  1.],
         [ 1.,  1., -1.,  ..., -1.,  1.,  1.]],

        [[ 1.,  1.,  1.,  ...,  1., -1.,  1.],
         [ 1.,  1., -1.,  ..., -1.,  1.,  1.],
         [ 1., -1.,  1.,  ...,  1.,  1.,  1.],
         ...,
         [-1.,  1.,  1.,  ...,  1.,  1., -1.],
         [ 1.,  1., -1.,  ...,  1., -1.,  1.],
         [ 1.,  1., -1.,  ..., -1.,  1.,  1.]]], device='cuda:0',
       grad_fn=<ViewBackward0>)
Epoch: 20
dLoss: tensor(100., device='cuda:0')
gLoss: tensor(100., device='cuda:0')
tensor([[[ 1.,  1.,  1.,  ...,  1., -1.,  1.],
         [ 1.,  1., -1.,  ..., -1.,  1.,  1.],
         [ 1., -1.,  1.,  ...,  1.,  1.,  1.],
         ...,
         [-1.,  1.,  1.,  ...,  1.,  1., -1.],
         [ 1.,  1., -1.,  ...,  1., -1.,  1.],
         [ 1.,  1., -1.,  ..., -1.,  1.,  1.]],

        [[ 1.,  1.,  1.,  ...,  1., -1.,  1.],
         [ 1.,  1., -1.,  ..., -1.,  1.,  1.],
         [ 1., -1.,  1.,  ...,  1.,  1.,  1.],
         ...,
         [-1.,  1.,  1.,  ...,  1.,  1., -1.],
         [ 1.,  1., -1.,  ...,  1., -1.,  1.],
         [ 1.,  1., -1.,  ..., -1.,  1.,  1.]],

        [[ 1.,  1.,  1.,  ...,  1., -1.,  1.],
         [ 1.,  1., -1.,  ..., -1.,  1.,  1.],
         [ 1., -1.,  1.,  ...,  1.,  1.,  1.],
         ...,
         [-1.,  1.,  1.,  ...,  1.,  1., -1.],
         [ 1.,  1., -1.,  ...,  1., -1.,  1.],
         [ 1.,  1., -1.,  ..., -1.,  1.,  1.]],

        ...,

        [[ 1.,  1.,  1.,  ...,  1., -1.,  1.],
         [ 1.,  1., -1.,  ..., -1.,  1.,  1.],
         [ 1., -1.,  1.,  ...,  1.,  1.,  1.],
         ...,
         [-1.,  1.,  1.,  ...,  1.,  1., -1.],
         [ 1.,  1., -1.,  ...,  1., -1.,  1.],
         [ 1.,  1., -1.,  ..., -1.,  1.,  1.]],

        [[ 1.,  1.,  1.,  ...,  1., -1.,  1.],
         [ 1.,  1., -1.,  ..., -1.,  1.,  1.],
         [ 1., -1.,  1.,  ...,  1.,  1.,  1.],
         ...,
         [-1.,  1.,  1.,  ...,  1.,  1., -1.],
         [ 1.,  1., -1.,  ...,  1., -1.,  1.],
         [ 1.,  1., -1.,  ..., -1.,  1.,  1.]],

        [[ 1.,  1.,  1.,  ...,  1., -1.,  1.],
         [ 1.,  1., -1.,  ..., -1.,  1.,  1.],
         [ 1., -1.,  1.,  ...,  1.,  1.,  1.],
         ...,
         [-1.,  1.,  1.,  ...,  1.,  1., -1.],
         [ 1.,  1., -1.,  ...,  1., -1.,  1.],
         [ 1.,  1., -1.,  ..., -1.,  1.,  1.]]], device='cuda:0',
       grad_fn=<ViewBackward0>)
Epoch: 21
dLoss: tensor(100., device='cuda:0')
gLoss: tensor(100., device='cuda:0')
tensor([[[ 1.,  1.,  1.,  ...,  1., -1.,  1.],
         [ 1.,  1., -1.,  ..., -1.,  1.,  1.],
         [ 1., -1.,  1.,  ...,  1.,  1.,  1.],
         ...,
         [-1.,  1.,  1.,  ...,  1.,  1., -1.],
         [ 1.,  1., -1.,  ...,  1., -1.,  1.],
         [ 1.,  1., -1.,  ..., -1.,  1.,  1.]],

        [[ 1.,  1.,  1.,  ...,  1., -1.,  1.],
         [ 1.,  1., -1.,  ..., -1.,  1.,  1.],
         [ 1., -1.,  1.,  ...,  1.,  1.,  1.],
         ...,
         [-1.,  1.,  1.,  ...,  1.,  1., -1.],
         [ 1.,  1., -1.,  ...,  1., -1.,  1.],
         [ 1.,  1., -1.,  ..., -1.,  1.,  1.]],

        [[ 1.,  1.,  1.,  ...,  1., -1.,  1.],
         [ 1.,  1., -1.,  ..., -1.,  1.,  1.],
         [ 1., -1.,  1.,  ...,  1.,  1.,  1.],
         ...,
         [-1.,  1.,  1.,  ...,  1.,  1., -1.],
         [ 1.,  1., -1.,  ...,  1., -1.,  1.],
         [ 1.,  1., -1.,  ..., -1.,  1.,  1.]],

        ...,

        [[ 1.,  1.,  1.,  ...,  1., -1.,  1.],
         [ 1.,  1., -1.,  ..., -1.,  1.,  1.],
         [ 1., -1.,  1.,  ...,  1.,  1.,  1.],
         ...,
         [-1.,  1.,  1.,  ...,  1.,  1., -1.],
         [ 1.,  1., -1.,  ...,  1., -1.,  1.],
         [ 1.,  1., -1.,  ..., -1.,  1.,  1.]],

        [[ 1.,  1.,  1.,  ...,  1., -1.,  1.],
         [ 1.,  1., -1.,  ..., -1.,  1.,  1.],
         [ 1., -1.,  1.,  ...,  1.,  1.,  1.],
         ...,
         [-1.,  1.,  1.,  ...,  1.,  1., -1.],
         [ 1.,  1., -1.,  ...,  1., -1.,  1.],
         [ 1.,  1., -1.,  ..., -1.,  1.,  1.]],

        [[ 1.,  1.,  1.,  ...,  1., -1.,  1.],
         [ 1.,  1., -1.,  ..., -1.,  1.,  1.],
         [ 1., -1.,  1.,  ...,  1.,  1.,  1.],
         ...,
         [-1.,  1.,  1.,  ...,  1.,  1., -1.],
         [ 1.,  1., -1.,  ...,  1., -1.,  1.],
         [ 1.,  1., -1.,  ..., -1.,  1.,  1.]]], device='cuda:0',
       grad_fn=<ViewBackward0>)
Epoch: 22
dLoss: tensor(100., device='cuda:0')
gLoss: tensor(100., device='cuda:0')
tensor([[[ 1.,  1.,  1.,  ...,  1., -1.,  1.],
         [ 1.,  1., -1.,  ..., -1.,  1.,  1.],
         [ 1., -1.,  1.,  ...,  1.,  1.,  1.],
         ...,
         [-1.,  1.,  1.,  ...,  1.,  1., -1.],
         [ 1.,  1., -1.,  ...,  1., -1.,  1.],
         [ 1.,  1., -1.,  ..., -1.,  1.,  1.]],

        [[ 1.,  1.,  1.,  ...,  1., -1.,  1.],
         [ 1.,  1., -1.,  ..., -1.,  1.,  1.],
         [ 1., -1.,  1.,  ...,  1.,  1.,  1.],
         ...,
         [-1.,  1.,  1.,  ...,  1.,  1., -1.],
         [ 1.,  1., -1.,  ...,  1., -1.,  1.],
         [ 1.,  1., -1.,  ..., -1.,  1.,  1.]],

        [[ 1.,  1.,  1.,  ...,  1., -1.,  1.],
         [ 1.,  1., -1.,  ..., -1.,  1.,  1.],
         [ 1., -1.,  1.,  ...,  1.,  1.,  1.],
         ...,
         [-1.,  1.,  1.,  ...,  1.,  1., -1.],
         [ 1.,  1., -1.,  ...,  1., -1.,  1.],
         [ 1.,  1., -1.,  ..., -1.,  1.,  1.]],

        ...,

        [[ 1.,  1.,  1.,  ...,  1., -1.,  1.],
         [ 1.,  1., -1.,  ..., -1.,  1.,  1.],
         [ 1., -1.,  1.,  ...,  1.,  1.,  1.],
         ...,
         [-1.,  1.,  1.,  ...,  1.,  1., -1.],
         [ 1.,  1., -1.,  ...,  1., -1.,  1.],
         [ 1.,  1., -1.,  ..., -1.,  1.,  1.]],

        [[ 1.,  1.,  1.,  ...,  1., -1.,  1.],
         [ 1.,  1., -1.,  ..., -1.,  1.,  1.],
         [ 1., -1.,  1.,  ...,  1.,  1.,  1.],
         ...,
         [-1.,  1.,  1.,  ...,  1.,  1., -1.],
         [ 1.,  1., -1.,  ...,  1., -1.,  1.],
         [ 1.,  1., -1.,  ..., -1.,  1.,  1.]],

        [[ 1.,  1.,  1.,  ...,  1., -1.,  1.],
         [ 1.,  1., -1.,  ..., -1.,  1.,  1.],
         [ 1., -1.,  1.,  ...,  1.,  1.,  1.],
         ...,
         [-1.,  1.,  1.,  ...,  1.,  1., -1.],
         [ 1.,  1., -1.,  ...,  1., -1.,  1.],
         [ 1.,  1., -1.,  ..., -1.,  1.,  1.]]], device='cuda:0',
       grad_fn=<ViewBackward0>)
Epoch: 23
dLoss: tensor(100., device='cuda:0')
gLoss: tensor(100., device='cuda:0')
tensor([[[ 1.,  1.,  1.,  ...,  1., -1.,  1.],
         [ 1.,  1., -1.,  ..., -1.,  1.,  1.],
         [ 1., -1.,  1.,  ...,  1.,  1.,  1.],
         ...,
         [-1.,  1.,  1.,  ...,  1.,  1., -1.],
         [ 1.,  1., -1.,  ...,  1., -1.,  1.],
         [ 1.,  1., -1.,  ..., -1.,  1.,  1.]],

        [[ 1.,  1.,  1.,  ...,  1., -1.,  1.],
         [ 1.,  1., -1.,  ..., -1.,  1.,  1.],
         [ 1., -1.,  1.,  ...,  1.,  1.,  1.],
         ...,
         [-1.,  1.,  1.,  ...,  1.,  1., -1.],
         [ 1.,  1., -1.,  ...,  1., -1.,  1.],
         [ 1.,  1., -1.,  ..., -1.,  1.,  1.]],

        [[ 1.,  1.,  1.,  ...,  1., -1.,  1.],
         [ 1.,  1., -1.,  ..., -1.,  1.,  1.],
         [ 1., -1.,  1.,  ...,  1.,  1.,  1.],
         ...,
         [-1.,  1.,  1.,  ...,  1.,  1., -1.],
         [ 1.,  1., -1.,  ...,  1., -1.,  1.],
         [ 1.,  1., -1.,  ..., -1.,  1.,  1.]],

        ...,

        [[ 1.,  1.,  1.,  ...,  1., -1.,  1.],
         [ 1.,  1., -1.,  ..., -1.,  1.,  1.],
         [ 1., -1.,  1.,  ...,  1.,  1.,  1.],
         ...,
         [-1.,  1.,  1.,  ...,  1.,  1., -1.],
         [ 1.,  1., -1.,  ...,  1., -1.,  1.],
         [ 1.,  1., -1.,  ..., -1.,  1.,  1.]],

        [[ 1.,  1.,  1.,  ...,  1., -1.,  1.],
         [ 1.,  1., -1.,  ..., -1.,  1.,  1.],
         [ 1., -1.,  1.,  ...,  1.,  1.,  1.],
         ...,
         [-1.,  1.,  1.,  ...,  1.,  1., -1.],
         [ 1.,  1., -1.,  ...,  1., -1.,  1.],
         [ 1.,  1., -1.,  ..., -1.,  1.,  1.]],

        [[ 1.,  1.,  1.,  ...,  1., -1.,  1.],
         [ 1.,  1., -1.,  ..., -1.,  1.,  1.],
         [ 1., -1.,  1.,  ...,  1.,  1.,  1.],
         ...,
         [-1.,  1.,  1.,  ...,  1.,  1., -1.],
         [ 1.,  1., -1.,  ...,  1., -1.,  1.],
         [ 1.,  1., -1.,  ..., -1.,  1.,  1.]]], device='cuda:0',
       grad_fn=<ViewBackward0>)
Epoch: 24
dLoss: tensor(100., device='cuda:0')
gLoss: tensor(100., device='cuda:0')
tensor([[[ 1.,  1.,  1.,  ...,  1., -1.,  1.],
         [ 1.,  1., -1.,  ..., -1.,  1.,  1.],
         [ 1., -1.,  1.,  ...,  1.,  1.,  1.],
         ...,
         [-1.,  1.,  1.,  ...,  1.,  1., -1.],
         [ 1.,  1., -1.,  ...,  1., -1.,  1.],
         [ 1.,  1., -1.,  ..., -1.,  1.,  1.]],

        [[ 1.,  1.,  1.,  ...,  1., -1.,  1.],
         [ 1.,  1., -1.,  ..., -1.,  1.,  1.],
         [ 1., -1.,  1.,  ...,  1.,  1.,  1.],
         ...,
         [-1.,  1.,  1.,  ...,  1.,  1., -1.],
         [ 1.,  1., -1.,  ...,  1., -1.,  1.],
         [ 1.,  1., -1.,  ..., -1.,  1.,  1.]],

        [[ 1.,  1.,  1.,  ...,  1., -1.,  1.],
         [ 1.,  1., -1.,  ..., -1.,  1.,  1.],
         [ 1., -1.,  1.,  ...,  1.,  1.,  1.],
         ...,
         [-1.,  1.,  1.,  ...,  1.,  1., -1.],
         [ 1.,  1., -1.,  ...,  1., -1.,  1.],
         [ 1.,  1., -1.,  ..., -1.,  1.,  1.]],

        ...,

        [[ 1.,  1.,  1.,  ...,  1., -1.,  1.],
         [ 1.,  1., -1.,  ..., -1.,  1.,  1.],
         [ 1., -1.,  1.,  ...,  1.,  1.,  1.],
         ...,
         [-1.,  1.,  1.,  ...,  1.,  1., -1.],
         [ 1.,  1., -1.,  ...,  1., -1.,  1.],
         [ 1.,  1., -1.,  ..., -1.,  1.,  1.]],

        [[ 1.,  1.,  1.,  ...,  1., -1.,  1.],
         [ 1.,  1., -1.,  ..., -1.,  1.,  1.],
         [ 1., -1.,  1.,  ...,  1.,  1.,  1.],
         ...,
         [-1.,  1.,  1.,  ...,  1.,  1., -1.],
         [ 1.,  1., -1.,  ...,  1., -1.,  1.],
         [ 1.,  1., -1.,  ..., -1.,  1.,  1.]],

        [[ 1.,  1.,  1.,  ...,  1., -1.,  1.],
         [ 1.,  1., -1.,  ..., -1.,  1.,  1.],
         [ 1., -1.,  1.,  ...,  1.,  1.,  1.],
         ...,
         [-1.,  1.,  1.,  ...,  1.,  1., -1.],
         [ 1.,  1., -1.,  ...,  1., -1.,  1.],
         [ 1.,  1., -1.,  ..., -1.,  1.,  1.]]], device='cuda:0',
       grad_fn=<ViewBackward0>)
Epoch: 25
dLoss: tensor(100., device='cuda:0')
gLoss: tensor(100., device='cuda:0')
tensor([[[ 1.,  1.,  1.,  ...,  1., -1.,  1.],
         [ 1.,  1., -1.,  ..., -1.,  1.,  1.],
         [ 1., -1.,  1.,  ...,  1.,  1.,  1.],
         ...,
         [-1.,  1.,  1.,  ...,  1.,  1., -1.],
         [ 1.,  1., -1.,  ...,  1., -1.,  1.],
         [ 1.,  1., -1.,  ..., -1.,  1.,  1.]],

        [[ 1.,  1.,  1.,  ...,  1., -1.,  1.],
         [ 1.,  1., -1.,  ..., -1.,  1.,  1.],
         [ 1., -1.,  1.,  ...,  1.,  1.,  1.],
         ...,
         [-1.,  1.,  1.,  ...,  1.,  1., -1.],
         [ 1.,  1., -1.,  ...,  1., -1.,  1.],
         [ 1.,  1., -1.,  ..., -1.,  1.,  1.]],

        [[ 1.,  1.,  1.,  ...,  1., -1.,  1.],
         [ 1.,  1., -1.,  ..., -1.,  1.,  1.],
         [ 1., -1.,  1.,  ...,  1.,  1.,  1.],
         ...,
         [-1.,  1.,  1.,  ...,  1.,  1., -1.],
         [ 1.,  1., -1.,  ...,  1., -1.,  1.],
         [ 1.,  1., -1.,  ..., -1.,  1.,  1.]],

        ...,

        [[ 1.,  1.,  1.,  ...,  1., -1.,  1.],
         [ 1.,  1., -1.,  ..., -1.,  1.,  1.],
         [ 1., -1.,  1.,  ...,  1.,  1.,  1.],
         ...,
         [-1.,  1.,  1.,  ...,  1.,  1., -1.],
         [ 1.,  1., -1.,  ...,  1., -1.,  1.],
         [ 1.,  1., -1.,  ..., -1.,  1.,  1.]],

        [[ 1.,  1.,  1.,  ...,  1., -1.,  1.],
         [ 1.,  1., -1.,  ..., -1.,  1.,  1.],
         [ 1., -1.,  1.,  ...,  1.,  1.,  1.],
         ...,
         [-1.,  1.,  1.,  ...,  1.,  1., -1.],
         [ 1.,  1., -1.,  ...,  1., -1.,  1.],
         [ 1.,  1., -1.,  ..., -1.,  1.,  1.]],

        [[ 1.,  1.,  1.,  ...,  1., -1.,  1.],
         [ 1.,  1., -1.,  ..., -1.,  1.,  1.],
         [ 1., -1.,  1.,  ...,  1.,  1.,  1.],
         ...,
         [-1.,  1.,  1.,  ...,  1.,  1., -1.],
         [ 1.,  1., -1.,  ...,  1., -1.,  1.],
         [ 1.,  1., -1.,  ..., -1.,  1.,  1.]]], device='cuda:0',
       grad_fn=<ViewBackward0>)
Epoch: 26
dLoss: tensor(100., device='cuda:0')
gLoss: tensor(100., device='cuda:0')
tensor([[[ 1.,  1.,  1.,  ...,  1., -1.,  1.],
         [ 1.,  1., -1.,  ..., -1.,  1.,  1.],
         [ 1., -1.,  1.,  ...,  1.,  1.,  1.],
         ...,
         [-1.,  1.,  1.,  ...,  1.,  1., -1.],
         [ 1.,  1., -1.,  ...,  1., -1.,  1.],
         [ 1.,  1., -1.,  ..., -1.,  1.,  1.]],

        [[ 1.,  1.,  1.,  ...,  1., -1.,  1.],
         [ 1.,  1., -1.,  ..., -1.,  1.,  1.],
         [ 1., -1.,  1.,  ...,  1.,  1.,  1.],
         ...,
         [-1.,  1.,  1.,  ...,  1.,  1., -1.],
         [ 1.,  1., -1.,  ...,  1., -1.,  1.],
         [ 1.,  1., -1.,  ..., -1.,  1.,  1.]],

        [[ 1.,  1.,  1.,  ...,  1., -1.,  1.],
         [ 1.,  1., -1.,  ..., -1.,  1.,  1.],
         [ 1., -1.,  1.,  ...,  1.,  1.,  1.],
         ...,
         [-1.,  1.,  1.,  ...,  1.,  1., -1.],
         [ 1.,  1., -1.,  ...,  1., -1.,  1.],
         [ 1.,  1., -1.,  ..., -1.,  1.,  1.]],

        ...,

        [[ 1.,  1.,  1.,  ...,  1., -1.,  1.],
         [ 1.,  1., -1.,  ..., -1.,  1.,  1.],
         [ 1., -1.,  1.,  ...,  1.,  1.,  1.],
         ...,
         [-1.,  1.,  1.,  ...,  1.,  1., -1.],
         [ 1.,  1., -1.,  ...,  1., -1.,  1.],
         [ 1.,  1., -1.,  ..., -1.,  1.,  1.]],

        [[ 1.,  1.,  1.,  ...,  1., -1.,  1.],
         [ 1.,  1., -1.,  ..., -1.,  1.,  1.],
         [ 1., -1.,  1.,  ...,  1.,  1.,  1.],
         ...,
         [-1.,  1.,  1.,  ...,  1.,  1., -1.],
         [ 1.,  1., -1.,  ...,  1., -1.,  1.],
         [ 1.,  1., -1.,  ..., -1.,  1.,  1.]],

        [[ 1.,  1.,  1.,  ...,  1., -1.,  1.],
         [ 1.,  1., -1.,  ..., -1.,  1.,  1.],
         [ 1., -1.,  1.,  ...,  1.,  1.,  1.],
         ...,
         [-1.,  1.,  1.,  ...,  1.,  1., -1.],
         [ 1.,  1., -1.,  ...,  1., -1.,  1.],
         [ 1.,  1., -1.,  ..., -1.,  1.,  1.]]], device='cuda:0',
       grad_fn=<ViewBackward0>)
Epoch: 27
dLoss: tensor(100., device='cuda:0')
gLoss: tensor(100., device='cuda:0')
tensor([[[ 1.,  1.,  1.,  ...,  1., -1.,  1.],
         [ 1.,  1., -1.,  ..., -1.,  1.,  1.],
         [ 1., -1.,  1.,  ...,  1.,  1.,  1.],
         ...,
         [-1.,  1.,  1.,  ...,  1.,  1., -1.],
         [ 1.,  1., -1.,  ...,  1., -1.,  1.],
         [ 1.,  1., -1.,  ..., -1.,  1.,  1.]],

        [[ 1.,  1.,  1.,  ...,  1., -1.,  1.],
         [ 1.,  1., -1.,  ..., -1.,  1.,  1.],
         [ 1., -1.,  1.,  ...,  1.,  1.,  1.],
         ...,
         [-1.,  1.,  1.,  ...,  1.,  1., -1.],
         [ 1.,  1., -1.,  ...,  1., -1.,  1.],
         [ 1.,  1., -1.,  ..., -1.,  1.,  1.]],

        [[ 1.,  1.,  1.,  ...,  1., -1.,  1.],
         [ 1.,  1., -1.,  ..., -1.,  1.,  1.],
         [ 1., -1.,  1.,  ...,  1.,  1.,  1.],
         ...,
         [-1.,  1.,  1.,  ...,  1.,  1., -1.],
         [ 1.,  1., -1.,  ...,  1., -1.,  1.],
         [ 1.,  1., -1.,  ..., -1.,  1.,  1.]],

        ...,

        [[ 1.,  1.,  1.,  ...,  1., -1.,  1.],
         [ 1.,  1., -1.,  ..., -1.,  1.,  1.],
         [ 1., -1.,  1.,  ...,  1.,  1.,  1.],
         ...,
         [-1.,  1.,  1.,  ...,  1.,  1., -1.],
         [ 1.,  1., -1.,  ...,  1., -1.,  1.],
         [ 1.,  1., -1.,  ..., -1.,  1.,  1.]],

        [[ 1.,  1.,  1.,  ...,  1., -1.,  1.],
         [ 1.,  1., -1.,  ..., -1.,  1.,  1.],
         [ 1., -1.,  1.,  ...,  1.,  1.,  1.],
         ...,
         [-1.,  1.,  1.,  ...,  1.,  1., -1.],
         [ 1.,  1., -1.,  ...,  1., -1.,  1.],
         [ 1.,  1., -1.,  ..., -1.,  1.,  1.]],

        [[ 1.,  1.,  1.,  ...,  1., -1.,  1.],
         [ 1.,  1., -1.,  ..., -1.,  1.,  1.],
         [ 1., -1.,  1.,  ...,  1.,  1.,  1.],
         ...,
         [-1.,  1.,  1.,  ...,  1.,  1., -1.],
         [ 1.,  1., -1.,  ...,  1., -1.,  1.],
         [ 1.,  1., -1.,  ..., -1.,  1.,  1.]]], device='cuda:0',
       grad_fn=<ViewBackward0>)
Epoch: 28
dLoss: tensor(100., device='cuda:0')
gLoss: tensor(100., device='cuda:0')
tensor([[[ 1.,  1.,  1.,  ...,  1., -1.,  1.],
         [ 1.,  1., -1.,  ..., -1.,  1.,  1.],
         [ 1., -1.,  1.,  ...,  1.,  1.,  1.],
         ...,
         [-1.,  1.,  1.,  ...,  1.,  1., -1.],
         [ 1.,  1., -1.,  ...,  1., -1.,  1.],
         [ 1.,  1., -1.,  ..., -1.,  1.,  1.]],

        [[ 1.,  1.,  1.,  ...,  1., -1.,  1.],
         [ 1.,  1., -1.,  ..., -1.,  1.,  1.],
         [ 1., -1.,  1.,  ...,  1.,  1.,  1.],
         ...,
         [-1.,  1.,  1.,  ...,  1.,  1., -1.],
         [ 1.,  1., -1.,  ...,  1., -1.,  1.],
         [ 1.,  1., -1.,  ..., -1.,  1.,  1.]],

        [[ 1.,  1.,  1.,  ...,  1., -1.,  1.],
         [ 1.,  1., -1.,  ..., -1.,  1.,  1.],
         [ 1., -1.,  1.,  ...,  1.,  1.,  1.],
         ...,
         [-1.,  1.,  1.,  ...,  1.,  1., -1.],
         [ 1.,  1., -1.,  ...,  1., -1.,  1.],
         [ 1.,  1., -1.,  ..., -1.,  1.,  1.]],

        ...,

        [[ 1.,  1.,  1.,  ...,  1., -1.,  1.],
         [ 1.,  1., -1.,  ..., -1.,  1.,  1.],
         [ 1., -1.,  1.,  ...,  1.,  1.,  1.],
         ...,
         [-1.,  1.,  1.,  ...,  1.,  1., -1.],
         [ 1.,  1., -1.,  ...,  1., -1.,  1.],
         [ 1.,  1., -1.,  ..., -1.,  1.,  1.]],

        [[ 1.,  1.,  1.,  ...,  1., -1.,  1.],
         [ 1.,  1., -1.,  ..., -1.,  1.,  1.],
         [ 1., -1.,  1.,  ...,  1.,  1.,  1.],
         ...,
         [-1.,  1.,  1.,  ...,  1.,  1., -1.],
         [ 1.,  1., -1.,  ...,  1., -1.,  1.],
         [ 1.,  1., -1.,  ..., -1.,  1.,  1.]],

        [[ 1.,  1.,  1.,  ...,  1., -1.,  1.],
         [ 1.,  1., -1.,  ..., -1.,  1.,  1.],
         [ 1., -1.,  1.,  ...,  1.,  1.,  1.],
         ...,
         [-1.,  1.,  1.,  ...,  1.,  1., -1.],
         [ 1.,  1., -1.,  ...,  1., -1.,  1.],
         [ 1.,  1., -1.,  ..., -1.,  1.,  1.]]], device='cuda:0',
       grad_fn=<ViewBackward0>)
Epoch: 29
dLoss: tensor(100., device='cuda:0')
gLoss: tensor(100., device='cuda:0')
tensor([[[ 1.,  1.,  1.,  ...,  1., -1.,  1.],
         [ 1.,  1., -1.,  ..., -1.,  1.,  1.],
         [ 1., -1.,  1.,  ...,  1.,  1.,  1.],
         ...,
         [-1.,  1.,  1.,  ...,  1.,  1., -1.],
         [ 1.,  1., -1.,  ...,  1., -1.,  1.],
         [ 1.,  1., -1.,  ..., -1.,  1.,  1.]],

        [[ 1.,  1.,  1.,  ...,  1., -1.,  1.],
         [ 1.,  1., -1.,  ..., -1.,  1.,  1.],
         [ 1., -1.,  1.,  ...,  1.,  1.,  1.],
         ...,
         [-1.,  1.,  1.,  ...,  1.,  1., -1.],
         [ 1.,  1., -1.,  ...,  1., -1.,  1.],
         [ 1.,  1., -1.,  ..., -1.,  1.,  1.]],

        [[ 1.,  1.,  1.,  ...,  1., -1.,  1.],
         [ 1.,  1., -1.,  ..., -1.,  1.,  1.],
         [ 1., -1.,  1.,  ...,  1.,  1.,  1.],
         ...,
         [-1.,  1.,  1.,  ...,  1.,  1., -1.],
         [ 1.,  1., -1.,  ...,  1., -1.,  1.],
         [ 1.,  1., -1.,  ..., -1.,  1.,  1.]],

        ...,

        [[ 1.,  1.,  1.,  ...,  1., -1.,  1.],
         [ 1.,  1., -1.,  ..., -1.,  1.,  1.],
         [ 1., -1.,  1.,  ...,  1.,  1.,  1.],
         ...,
         [-1.,  1.,  1.,  ...,  1.,  1., -1.],
         [ 1.,  1., -1.,  ...,  1., -1.,  1.],
         [ 1.,  1., -1.,  ..., -1.,  1.,  1.]],

        [[ 1.,  1.,  1.,  ...,  1., -1.,  1.],
         [ 1.,  1., -1.,  ..., -1.,  1.,  1.],
         [ 1., -1.,  1.,  ...,  1.,  1.,  1.],
         ...,
         [-1.,  1.,  1.,  ...,  1.,  1., -1.],
         [ 1.,  1., -1.,  ...,  1., -1.,  1.],
         [ 1.,  1., -1.,  ..., -1.,  1.,  1.]],

        [[ 1.,  1.,  1.,  ...,  1., -1.,  1.],
         [ 1.,  1., -1.,  ..., -1.,  1.,  1.],
         [ 1., -1.,  1.,  ...,  1.,  1.,  1.],
         ...,
         [-1.,  1.,  1.,  ...,  1.,  1., -1.],
         [ 1.,  1., -1.,  ...,  1., -1.,  1.],
         [ 1.,  1., -1.,  ..., -1.,  1.,  1.]]], device='cuda:0',
       grad_fn=<ViewBackward0>)
Epoch: 30
dLoss: tensor(100., device='cuda:0')
gLoss: tensor(100., device='cuda:0')
tensor([[[ 1.,  1.,  1.,  ...,  1., -1.,  1.],
         [ 1.,  1., -1.,  ..., -1.,  1.,  1.],
         [ 1., -1.,  1.,  ...,  1.,  1.,  1.],
         ...,
         [-1.,  1.,  1.,  ...,  1.,  1., -1.],
         [ 1.,  1., -1.,  ...,  1., -1.,  1.],
         [ 1.,  1., -1.,  ..., -1.,  1.,  1.]],

        [[ 1.,  1.,  1.,  ...,  1., -1.,  1.],
         [ 1.,  1., -1.,  ..., -1.,  1.,  1.],
         [ 1., -1.,  1.,  ...,  1.,  1.,  1.],
         ...,
         [-1.,  1.,  1.,  ...,  1.,  1., -1.],
         [ 1.,  1., -1.,  ...,  1., -1.,  1.],
         [ 1.,  1., -1.,  ..., -1.,  1.,  1.]],

        [[ 1.,  1.,  1.,  ...,  1., -1.,  1.],
         [ 1.,  1., -1.,  ..., -1.,  1.,  1.],
         [ 1., -1.,  1.,  ...,  1.,  1.,  1.],
         ...,
         [-1.,  1.,  1.,  ...,  1.,  1., -1.],
         [ 1.,  1., -1.,  ...,  1., -1.,  1.],
         [ 1.,  1., -1.,  ..., -1.,  1.,  1.]],

        ...,

        [[ 1.,  1.,  1.,  ...,  1., -1.,  1.],
         [ 1.,  1., -1.,  ..., -1.,  1.,  1.],
         [ 1., -1.,  1.,  ...,  1.,  1.,  1.],
         ...,
         [-1.,  1.,  1.,  ...,  1.,  1., -1.],
         [ 1.,  1., -1.,  ...,  1., -1.,  1.],
         [ 1.,  1., -1.,  ..., -1.,  1.,  1.]],

        [[ 1.,  1.,  1.,  ...,  1., -1.,  1.],
         [ 1.,  1., -1.,  ..., -1.,  1.,  1.],
         [ 1., -1.,  1.,  ...,  1.,  1.,  1.],
         ...,
         [-1.,  1.,  1.,  ...,  1.,  1., -1.],
         [ 1.,  1., -1.,  ...,  1., -1.,  1.],
         [ 1.,  1., -1.,  ..., -1.,  1.,  1.]],

        [[ 1.,  1.,  1.,  ...,  1., -1.,  1.],
         [ 1.,  1., -1.,  ..., -1.,  1.,  1.],
         [ 1., -1.,  1.,  ...,  1.,  1.,  1.],
         ...,
         [-1.,  1.,  1.,  ...,  1.,  1., -1.],
         [ 1.,  1., -1.,  ...,  1., -1.,  1.],
         [ 1.,  1., -1.,  ..., -1.,  1.,  1.]]], device='cuda:0',
       grad_fn=<ViewBackward0>)
Epoch: 31
dLoss: tensor(100., device='cuda:0')
gLoss: tensor(100., device='cuda:0')
tensor([[[ 1.,  1.,  1.,  ...,  1., -1.,  1.],
         [ 1.,  1., -1.,  ..., -1.,  1.,  1.],
         [ 1., -1.,  1.,  ...,  1.,  1.,  1.],
         ...,
         [-1.,  1.,  1.,  ...,  1.,  1., -1.],
         [ 1.,  1., -1.,  ...,  1., -1.,  1.],
         [ 1.,  1., -1.,  ..., -1.,  1.,  1.]],

        [[ 1.,  1.,  1.,  ...,  1., -1.,  1.],
         [ 1.,  1., -1.,  ..., -1.,  1.,  1.],
         [ 1., -1.,  1.,  ...,  1.,  1.,  1.],
         ...,
         [-1.,  1.,  1.,  ...,  1.,  1., -1.],
         [ 1.,  1., -1.,  ...,  1., -1.,  1.],
         [ 1.,  1., -1.,  ..., -1.,  1.,  1.]],

        [[ 1.,  1.,  1.,  ...,  1., -1.,  1.],
         [ 1.,  1., -1.,  ..., -1.,  1.,  1.],
         [ 1., -1.,  1.,  ...,  1.,  1.,  1.],
         ...,
         [-1.,  1.,  1.,  ...,  1.,  1., -1.],
         [ 1.,  1., -1.,  ...,  1., -1.,  1.],
         [ 1.,  1., -1.,  ..., -1.,  1.,  1.]],

        ...,

        [[ 1.,  1.,  1.,  ...,  1., -1.,  1.],
         [ 1.,  1., -1.,  ..., -1.,  1.,  1.],
         [ 1., -1.,  1.,  ...,  1.,  1.,  1.],
         ...,
         [-1.,  1.,  1.,  ...,  1.,  1., -1.],
         [ 1.,  1., -1.,  ...,  1., -1.,  1.],
         [ 1.,  1., -1.,  ..., -1.,  1.,  1.]],

        [[ 1.,  1.,  1.,  ...,  1., -1.,  1.],
         [ 1.,  1., -1.,  ..., -1.,  1.,  1.],
         [ 1., -1.,  1.,  ...,  1.,  1.,  1.],
         ...,
         [-1.,  1.,  1.,  ...,  1.,  1., -1.],
         [ 1.,  1., -1.,  ...,  1., -1.,  1.],
         [ 1.,  1., -1.,  ..., -1.,  1.,  1.]],

        [[ 1.,  1.,  1.,  ...,  1., -1.,  1.],
         [ 1.,  1., -1.,  ..., -1.,  1.,  1.],
         [ 1., -1.,  1.,  ...,  1.,  1.,  1.],
         ...,
         [-1.,  1.,  1.,  ...,  1.,  1., -1.],
         [ 1.,  1., -1.,  ...,  1., -1.,  1.],
         [ 1.,  1., -1.,  ..., -1.,  1.,  1.]]], device='cuda:0',
       grad_fn=<ViewBackward0>)
Epoch: 32
dLoss: tensor(100., device='cuda:0')
gLoss: tensor(100., device='cuda:0')
tensor([[[ 1.,  1.,  1.,  ...,  1., -1.,  1.],
         [ 1.,  1., -1.,  ..., -1.,  1.,  1.],
         [ 1., -1.,  1.,  ...,  1.,  1.,  1.],
         ...,
         [-1.,  1.,  1.,  ...,  1.,  1., -1.],
         [ 1.,  1., -1.,  ...,  1., -1.,  1.],
         [ 1.,  1., -1.,  ..., -1.,  1.,  1.]],

        [[ 1.,  1.,  1.,  ...,  1., -1.,  1.],
         [ 1.,  1., -1.,  ..., -1.,  1.,  1.],
         [ 1., -1.,  1.,  ...,  1.,  1.,  1.],
         ...,
         [-1.,  1.,  1.,  ...,  1.,  1., -1.],
         [ 1.,  1., -1.,  ...,  1., -1.,  1.],
         [ 1.,  1., -1.,  ..., -1.,  1.,  1.]],

        [[ 1.,  1.,  1.,  ...,  1., -1.,  1.],
         [ 1.,  1., -1.,  ..., -1.,  1.,  1.],
         [ 1., -1.,  1.,  ...,  1.,  1.,  1.],
         ...,
         [-1.,  1.,  1.,  ...,  1.,  1., -1.],
         [ 1.,  1., -1.,  ...,  1., -1.,  1.],
         [ 1.,  1., -1.,  ..., -1.,  1.,  1.]],

        ...,

        [[ 1.,  1.,  1.,  ...,  1., -1.,  1.],
         [ 1.,  1., -1.,  ..., -1.,  1.,  1.],
         [ 1., -1.,  1.,  ...,  1.,  1.,  1.],
         ...,
         [-1.,  1.,  1.,  ...,  1.,  1., -1.],
         [ 1.,  1., -1.,  ...,  1., -1.,  1.],
         [ 1.,  1., -1.,  ..., -1.,  1.,  1.]],

        [[ 1.,  1.,  1.,  ...,  1., -1.,  1.],
         [ 1.,  1., -1.,  ..., -1.,  1.,  1.],
         [ 1., -1.,  1.,  ...,  1.,  1.,  1.],
         ...,
         [-1.,  1.,  1.,  ...,  1.,  1., -1.],
         [ 1.,  1., -1.,  ...,  1., -1.,  1.],
         [ 1.,  1., -1.,  ..., -1.,  1.,  1.]],

        [[ 1.,  1.,  1.,  ...,  1., -1.,  1.],
         [ 1.,  1., -1.,  ..., -1.,  1.,  1.],
         [ 1., -1.,  1.,  ...,  1.,  1.,  1.],
         ...,
         [-1.,  1.,  1.,  ...,  1.,  1., -1.],
         [ 1.,  1., -1.,  ...,  1., -1.,  1.],
         [ 1.,  1., -1.,  ..., -1.,  1.,  1.]]], device='cuda:0',
       grad_fn=<ViewBackward0>)
Epoch: 33
dLoss: tensor(100., device='cuda:0')
gLoss: tensor(100., device='cuda:0')
tensor([[[ 1.,  1.,  1.,  ...,  1., -1.,  1.],
         [ 1.,  1., -1.,  ..., -1.,  1.,  1.],
         [ 1., -1.,  1.,  ...,  1.,  1.,  1.],
         ...,
         [-1.,  1.,  1.,  ...,  1.,  1., -1.],
         [ 1.,  1., -1.,  ...,  1., -1.,  1.],
         [ 1.,  1., -1.,  ..., -1.,  1.,  1.]],

        [[ 1.,  1.,  1.,  ...,  1., -1.,  1.],
         [ 1.,  1., -1.,  ..., -1.,  1.,  1.],
         [ 1., -1.,  1.,  ...,  1.,  1.,  1.],
         ...,
         [-1.,  1.,  1.,  ...,  1.,  1., -1.],
         [ 1.,  1., -1.,  ...,  1., -1.,  1.],
         [ 1.,  1., -1.,  ..., -1.,  1.,  1.]],

        [[ 1.,  1.,  1.,  ...,  1., -1.,  1.],
         [ 1.,  1., -1.,  ..., -1.,  1.,  1.],
         [ 1., -1.,  1.,  ...,  1.,  1.,  1.],
         ...,
         [-1.,  1.,  1.,  ...,  1.,  1., -1.],
         [ 1.,  1., -1.,  ...,  1., -1.,  1.],
         [ 1.,  1., -1.,  ..., -1.,  1.,  1.]],

        ...,

        [[ 1.,  1.,  1.,  ...,  1., -1.,  1.],
         [ 1.,  1., -1.,  ..., -1.,  1.,  1.],
         [ 1., -1.,  1.,  ...,  1.,  1.,  1.],
         ...,
         [-1.,  1.,  1.,  ...,  1.,  1., -1.],
         [ 1.,  1., -1.,  ...,  1., -1.,  1.],
         [ 1.,  1., -1.,  ..., -1.,  1.,  1.]],

        [[ 1.,  1.,  1.,  ...,  1., -1.,  1.],
         [ 1.,  1., -1.,  ..., -1.,  1.,  1.],
         [ 1., -1.,  1.,  ...,  1.,  1.,  1.],
         ...,
         [-1.,  1.,  1.,  ...,  1.,  1., -1.],
         [ 1.,  1., -1.,  ...,  1., -1.,  1.],
         [ 1.,  1., -1.,  ..., -1.,  1.,  1.]],

        [[ 1.,  1.,  1.,  ...,  1., -1.,  1.],
         [ 1.,  1., -1.,  ..., -1.,  1.,  1.],
         [ 1., -1.,  1.,  ...,  1.,  1.,  1.],
         ...,
         [-1.,  1.,  1.,  ...,  1.,  1., -1.],
         [ 1.,  1., -1.,  ...,  1., -1.,  1.],
         [ 1.,  1., -1.,  ..., -1.,  1.,  1.]]], device='cuda:0',
       grad_fn=<ViewBackward0>)
Epoch: 34
dLoss: tensor(100., device='cuda:0')
gLoss: tensor(100., device='cuda:0')
tensor([[[ 1.,  1.,  1.,  ...,  1., -1.,  1.],
         [ 1.,  1., -1.,  ..., -1.,  1.,  1.],
         [ 1., -1.,  1.,  ...,  1.,  1.,  1.],
         ...,
         [-1.,  1.,  1.,  ...,  1.,  1., -1.],
         [ 1.,  1., -1.,  ...,  1., -1.,  1.],
         [ 1.,  1., -1.,  ..., -1.,  1.,  1.]],

        [[ 1.,  1.,  1.,  ...,  1., -1.,  1.],
         [ 1.,  1., -1.,  ..., -1.,  1.,  1.],
         [ 1., -1.,  1.,  ...,  1.,  1.,  1.],
         ...,
         [-1.,  1.,  1.,  ...,  1.,  1., -1.],
         [ 1.,  1., -1.,  ...,  1., -1.,  1.],
         [ 1.,  1., -1.,  ..., -1.,  1.,  1.]],

        [[ 1.,  1.,  1.,  ...,  1., -1.,  1.],
         [ 1.,  1., -1.,  ..., -1.,  1.,  1.],
         [ 1., -1.,  1.,  ...,  1.,  1.,  1.],
         ...,
         [-1.,  1.,  1.,  ...,  1.,  1., -1.],
         [ 1.,  1., -1.,  ...,  1., -1.,  1.],
         [ 1.,  1., -1.,  ..., -1.,  1.,  1.]],

        ...,

        [[ 1.,  1.,  1.,  ...,  1., -1.,  1.],
         [ 1.,  1., -1.,  ..., -1.,  1.,  1.],
         [ 1., -1.,  1.,  ...,  1.,  1.,  1.],
         ...,
         [-1.,  1.,  1.,  ...,  1.,  1., -1.],
         [ 1.,  1., -1.,  ...,  1., -1.,  1.],
         [ 1.,  1., -1.,  ..., -1.,  1.,  1.]],

        [[ 1.,  1.,  1.,  ...,  1., -1.,  1.],
         [ 1.,  1., -1.,  ..., -1.,  1.,  1.],
         [ 1., -1.,  1.,  ...,  1.,  1.,  1.],
         ...,
         [-1.,  1.,  1.,  ...,  1.,  1., -1.],
         [ 1.,  1., -1.,  ...,  1., -1.,  1.],
         [ 1.,  1., -1.,  ..., -1.,  1.,  1.]],

        [[ 1.,  1.,  1.,  ...,  1., -1.,  1.],
         [ 1.,  1., -1.,  ..., -1.,  1.,  1.],
         [ 1., -1.,  1.,  ...,  1.,  1.,  1.],
         ...,
         [-1.,  1.,  1.,  ...,  1.,  1., -1.],
         [ 1.,  1., -1.,  ...,  1., -1.,  1.],
         [ 1.,  1., -1.,  ..., -1.,  1.,  1.]]], device='cuda:0',
       grad_fn=<ViewBackward0>)
Epoch: 35
dLoss: tensor(100., device='cuda:0')
gLoss: tensor(100., device='cuda:0')
tensor([[[ 1.,  1.,  1.,  ...,  1., -1.,  1.],
         [ 1.,  1., -1.,  ..., -1.,  1.,  1.],
         [ 1., -1.,  1.,  ...,  1.,  1.,  1.],
         ...,
         [-1.,  1.,  1.,  ...,  1.,  1., -1.],
         [ 1.,  1., -1.,  ...,  1., -1.,  1.],
         [ 1.,  1., -1.,  ..., -1.,  1.,  1.]],

        [[ 1.,  1.,  1.,  ...,  1., -1.,  1.],
         [ 1.,  1., -1.,  ..., -1.,  1.,  1.],
         [ 1., -1.,  1.,  ...,  1.,  1.,  1.],
         ...,
         [-1.,  1.,  1.,  ...,  1.,  1., -1.],
         [ 1.,  1., -1.,  ...,  1., -1.,  1.],
         [ 1.,  1., -1.,  ..., -1.,  1.,  1.]],

        [[ 1.,  1.,  1.,  ...,  1., -1.,  1.],
         [ 1.,  1., -1.,  ..., -1.,  1.,  1.],
         [ 1., -1.,  1.,  ...,  1.,  1.,  1.],
         ...,
         [-1.,  1.,  1.,  ...,  1.,  1., -1.],
         [ 1.,  1., -1.,  ...,  1., -1.,  1.],
         [ 1.,  1., -1.,  ..., -1.,  1.,  1.]],

        ...,

        [[ 1.,  1.,  1.,  ...,  1., -1.,  1.],
         [ 1.,  1., -1.,  ..., -1.,  1.,  1.],
         [ 1., -1.,  1.,  ...,  1.,  1.,  1.],
         ...,
         [-1.,  1.,  1.,  ...,  1.,  1., -1.],
         [ 1.,  1., -1.,  ...,  1., -1.,  1.],
         [ 1.,  1., -1.,  ..., -1.,  1.,  1.]],

        [[ 1.,  1.,  1.,  ...,  1., -1.,  1.],
         [ 1.,  1., -1.,  ..., -1.,  1.,  1.],
         [ 1., -1.,  1.,  ...,  1.,  1.,  1.],
         ...,
         [-1.,  1.,  1.,  ...,  1.,  1., -1.],
         [ 1.,  1., -1.,  ...,  1., -1.,  1.],
         [ 1.,  1., -1.,  ..., -1.,  1.,  1.]],

        [[ 1.,  1.,  1.,  ...,  1., -1.,  1.],
         [ 1.,  1., -1.,  ..., -1.,  1.,  1.],
         [ 1., -1.,  1.,  ...,  1.,  1.,  1.],
         ...,
         [-1.,  1.,  1.,  ...,  1.,  1., -1.],
         [ 1.,  1., -1.,  ...,  1., -1.,  1.],
         [ 1.,  1., -1.,  ..., -1.,  1.,  1.]]], device='cuda:0',
       grad_fn=<ViewBackward0>)
Epoch: 36
dLoss: tensor(100., device='cuda:0')
gLoss: tensor(100., device='cuda:0')
tensor([[[ 1.,  1.,  1.,  ...,  1., -1.,  1.],
         [ 1.,  1., -1.,  ..., -1.,  1.,  1.],
         [ 1., -1.,  1.,  ...,  1.,  1.,  1.],
         ...,
         [-1.,  1.,  1.,  ...,  1.,  1., -1.],
         [ 1.,  1., -1.,  ...,  1., -1.,  1.],
         [ 1.,  1., -1.,  ..., -1.,  1.,  1.]],

        [[ 1.,  1.,  1.,  ...,  1., -1.,  1.],
         [ 1.,  1., -1.,  ..., -1.,  1.,  1.],
         [ 1., -1.,  1.,  ...,  1.,  1.,  1.],
         ...,
         [-1.,  1.,  1.,  ...,  1.,  1., -1.],
         [ 1.,  1., -1.,  ...,  1., -1.,  1.],
         [ 1.,  1., -1.,  ..., -1.,  1.,  1.]],

        [[ 1.,  1.,  1.,  ...,  1., -1.,  1.],
         [ 1.,  1., -1.,  ..., -1.,  1.,  1.],
         [ 1., -1.,  1.,  ...,  1.,  1.,  1.],
         ...,
         [-1.,  1.,  1.,  ...,  1.,  1., -1.],
         [ 1.,  1., -1.,  ...,  1., -1.,  1.],
         [ 1.,  1., -1.,  ..., -1.,  1.,  1.]],

        ...,

        [[ 1.,  1.,  1.,  ...,  1., -1.,  1.],
         [ 1.,  1., -1.,  ..., -1.,  1.,  1.],
         [ 1., -1.,  1.,  ...,  1.,  1.,  1.],
         ...,
         [-1.,  1.,  1.,  ...,  1.,  1., -1.],
         [ 1.,  1., -1.,  ...,  1., -1.,  1.],
         [ 1.,  1., -1.,  ..., -1.,  1.,  1.]],

        [[ 1.,  1.,  1.,  ...,  1., -1.,  1.],
         [ 1.,  1., -1.,  ..., -1.,  1.,  1.],
         [ 1., -1.,  1.,  ...,  1.,  1.,  1.],
         ...,
         [-1.,  1.,  1.,  ...,  1.,  1., -1.],
         [ 1.,  1., -1.,  ...,  1., -1.,  1.],
         [ 1.,  1., -1.,  ..., -1.,  1.,  1.]],

        [[ 1.,  1.,  1.,  ...,  1., -1.,  1.],
         [ 1.,  1., -1.,  ..., -1.,  1.,  1.],
         [ 1., -1.,  1.,  ...,  1.,  1.,  1.],
         ...,
         [-1.,  1.,  1.,  ...,  1.,  1., -1.],
         [ 1.,  1., -1.,  ...,  1., -1.,  1.],
         [ 1.,  1., -1.,  ..., -1.,  1.,  1.]]], device='cuda:0',
       grad_fn=<ViewBackward0>)
Epoch: 37
dLoss: tensor(100., device='cuda:0')
gLoss: tensor(100., device='cuda:0')
tensor([[[ 1.,  1.,  1.,  ...,  1., -1.,  1.],
         [ 1.,  1., -1.,  ..., -1.,  1.,  1.],
         [ 1., -1.,  1.,  ...,  1.,  1.,  1.],
         ...,
         [-1.,  1.,  1.,  ...,  1.,  1., -1.],
         [ 1.,  1., -1.,  ...,  1., -1.,  1.],
         [ 1.,  1., -1.,  ..., -1.,  1.,  1.]],

        [[ 1.,  1.,  1.,  ...,  1., -1.,  1.],
         [ 1.,  1., -1.,  ..., -1.,  1.,  1.],
         [ 1., -1.,  1.,  ...,  1.,  1.,  1.],
         ...,
         [-1.,  1.,  1.,  ...,  1.,  1., -1.],
         [ 1.,  1., -1.,  ...,  1., -1.,  1.],
         [ 1.,  1., -1.,  ..., -1.,  1.,  1.]],

        [[ 1.,  1.,  1.,  ...,  1., -1.,  1.],
         [ 1.,  1., -1.,  ..., -1.,  1.,  1.],
         [ 1., -1.,  1.,  ...,  1.,  1.,  1.],
         ...,
         [-1.,  1.,  1.,  ...,  1.,  1., -1.],
         [ 1.,  1., -1.,  ...,  1., -1.,  1.],
         [ 1.,  1., -1.,  ..., -1.,  1.,  1.]],

        ...,

        [[ 1.,  1.,  1.,  ...,  1., -1.,  1.],
         [ 1.,  1., -1.,  ..., -1.,  1.,  1.],
         [ 1., -1.,  1.,  ...,  1.,  1.,  1.],
         ...,
         [-1.,  1.,  1.,  ...,  1.,  1., -1.],
         [ 1.,  1., -1.,  ...,  1., -1.,  1.],
         [ 1.,  1., -1.,  ..., -1.,  1.,  1.]],

        [[ 1.,  1.,  1.,  ...,  1., -1.,  1.],
         [ 1.,  1., -1.,  ..., -1.,  1.,  1.],
         [ 1., -1.,  1.,  ...,  1.,  1.,  1.],
         ...,
         [-1.,  1.,  1.,  ...,  1.,  1., -1.],
         [ 1.,  1., -1.,  ...,  1., -1.,  1.],
         [ 1.,  1., -1.,  ..., -1.,  1.,  1.]],

        [[ 1.,  1.,  1.,  ...,  1., -1.,  1.],
         [ 1.,  1., -1.,  ..., -1.,  1.,  1.],
         [ 1., -1.,  1.,  ...,  1.,  1.,  1.],
         ...,
         [-1.,  1.,  1.,  ...,  1.,  1., -1.],
         [ 1.,  1., -1.,  ...,  1., -1.,  1.],
         [ 1.,  1., -1.,  ..., -1.,  1.,  1.]]], device='cuda:0',
       grad_fn=<ViewBackward0>)
Epoch: 38
dLoss: tensor(100., device='cuda:0')
gLoss: tensor(100., device='cuda:0')
tensor([[[ 1.,  1.,  1.,  ...,  1., -1.,  1.],
         [ 1.,  1., -1.,  ..., -1.,  1.,  1.],
         [ 1., -1.,  1.,  ...,  1.,  1.,  1.],
         ...,
         [-1.,  1.,  1.,  ...,  1.,  1., -1.],
         [ 1.,  1., -1.,  ...,  1., -1.,  1.],
         [ 1.,  1., -1.,  ..., -1.,  1.,  1.]],

        [[ 1.,  1.,  1.,  ...,  1., -1.,  1.],
         [ 1.,  1., -1.,  ..., -1.,  1.,  1.],
         [ 1., -1.,  1.,  ...,  1.,  1.,  1.],
         ...,
         [-1.,  1.,  1.,  ...,  1.,  1., -1.],
         [ 1.,  1., -1.,  ...,  1., -1.,  1.],
         [ 1.,  1., -1.,  ..., -1.,  1.,  1.]],

        [[ 1.,  1.,  1.,  ...,  1., -1.,  1.],
         [ 1.,  1., -1.,  ..., -1.,  1.,  1.],
         [ 1., -1.,  1.,  ...,  1.,  1.,  1.],
         ...,
         [-1.,  1.,  1.,  ...,  1.,  1., -1.],
         [ 1.,  1., -1.,  ...,  1., -1.,  1.],
         [ 1.,  1., -1.,  ..., -1.,  1.,  1.]],

        ...,

        [[ 1.,  1.,  1.,  ...,  1., -1.,  1.],
         [ 1.,  1., -1.,  ..., -1.,  1.,  1.],
         [ 1., -1.,  1.,  ...,  1.,  1.,  1.],
         ...,
         [-1.,  1.,  1.,  ...,  1.,  1., -1.],
         [ 1.,  1., -1.,  ...,  1., -1.,  1.],
         [ 1.,  1., -1.,  ..., -1.,  1.,  1.]],

        [[ 1.,  1.,  1.,  ...,  1., -1.,  1.],
         [ 1.,  1., -1.,  ..., -1.,  1.,  1.],
         [ 1., -1.,  1.,  ...,  1.,  1.,  1.],
         ...,
         [-1.,  1.,  1.,  ...,  1.,  1., -1.],
         [ 1.,  1., -1.,  ...,  1., -1.,  1.],
         [ 1.,  1., -1.,  ..., -1.,  1.,  1.]],

        [[ 1.,  1.,  1.,  ...,  1., -1.,  1.],
         [ 1.,  1., -1.,  ..., -1.,  1.,  1.],
         [ 1., -1.,  1.,  ...,  1.,  1.,  1.],
         ...,
         [-1.,  1.,  1.,  ...,  1.,  1., -1.],
         [ 1.,  1., -1.,  ...,  1., -1.,  1.],
         [ 1.,  1., -1.,  ..., -1.,  1.,  1.]]], device='cuda:0',
       grad_fn=<ViewBackward0>)
Epoch: 39
dLoss: tensor(100., device='cuda:0')
gLoss: tensor(100., device='cuda:0')
tensor([[[ 1.,  1.,  1.,  ...,  1., -1.,  1.],
         [ 1.,  1., -1.,  ..., -1.,  1.,  1.],
         [ 1., -1.,  1.,  ...,  1.,  1.,  1.],
         ...,
         [-1.,  1.,  1.,  ...,  1.,  1., -1.],
         [ 1.,  1., -1.,  ...,  1., -1.,  1.],
         [ 1.,  1., -1.,  ..., -1.,  1.,  1.]],

        [[ 1.,  1.,  1.,  ...,  1., -1.,  1.],
         [ 1.,  1., -1.,  ..., -1.,  1.,  1.],
         [ 1., -1.,  1.,  ...,  1.,  1.,  1.],
         ...,
         [-1.,  1.,  1.,  ...,  1.,  1., -1.],
         [ 1.,  1., -1.,  ...,  1., -1.,  1.],
         [ 1.,  1., -1.,  ..., -1.,  1.,  1.]],

        [[ 1.,  1.,  1.,  ...,  1., -1.,  1.],
         [ 1.,  1., -1.,  ..., -1.,  1.,  1.],
         [ 1., -1.,  1.,  ...,  1.,  1.,  1.],
         ...,
         [-1.,  1.,  1.,  ...,  1.,  1., -1.],
         [ 1.,  1., -1.,  ...,  1., -1.,  1.],
         [ 1.,  1., -1.,  ..., -1.,  1.,  1.]],

        ...,

        [[ 1.,  1.,  1.,  ...,  1., -1.,  1.],
         [ 1.,  1., -1.,  ..., -1.,  1.,  1.],
         [ 1., -1.,  1.,  ...,  1.,  1.,  1.],
         ...,
         [-1.,  1.,  1.,  ...,  1.,  1., -1.],
         [ 1.,  1., -1.,  ...,  1., -1.,  1.],
         [ 1.,  1., -1.,  ..., -1.,  1.,  1.]],

        [[ 1.,  1.,  1.,  ...,  1., -1.,  1.],
         [ 1.,  1., -1.,  ..., -1.,  1.,  1.],
         [ 1., -1.,  1.,  ...,  1.,  1.,  1.],
         ...,
         [-1.,  1.,  1.,  ...,  1.,  1., -1.],
         [ 1.,  1., -1.,  ...,  1., -1.,  1.],
         [ 1.,  1., -1.,  ..., -1.,  1.,  1.]],

        [[ 1.,  1.,  1.,  ...,  1., -1.,  1.],
         [ 1.,  1., -1.,  ..., -1.,  1.,  1.],
         [ 1., -1.,  1.,  ...,  1.,  1.,  1.],
         ...,
         [-1.,  1.,  1.,  ...,  1.,  1., -1.],
         [ 1.,  1., -1.,  ...,  1., -1.,  1.],
         [ 1.,  1., -1.,  ..., -1.,  1.,  1.]]], device='cuda:0',
       grad_fn=<ViewBackward0>)
Epoch: 40
dLoss: tensor(100., device='cuda:0')
gLoss: tensor(100., device='cuda:0')
tensor([[[ 1.,  1.,  1.,  ...,  1., -1.,  1.],
         [ 1.,  1., -1.,  ..., -1.,  1.,  1.],
         [ 1., -1.,  1.,  ...,  1.,  1.,  1.],
         ...,
         [-1.,  1.,  1.,  ...,  1.,  1., -1.],
         [ 1.,  1., -1.,  ...,  1., -1.,  1.],
         [ 1.,  1., -1.,  ..., -1.,  1.,  1.]],

        [[ 1.,  1.,  1.,  ...,  1., -1.,  1.],
         [ 1.,  1., -1.,  ..., -1.,  1.,  1.],
         [ 1., -1.,  1.,  ...,  1.,  1.,  1.],
         ...,
         [-1.,  1.,  1.,  ...,  1.,  1., -1.],
         [ 1.,  1., -1.,  ...,  1., -1.,  1.],
         [ 1.,  1., -1.,  ..., -1.,  1.,  1.]],

        [[ 1.,  1.,  1.,  ...,  1., -1.,  1.],
         [ 1.,  1., -1.,  ..., -1.,  1.,  1.],
         [ 1., -1.,  1.,  ...,  1.,  1.,  1.],
         ...,
         [-1.,  1.,  1.,  ...,  1.,  1., -1.],
         [ 1.,  1., -1.,  ...,  1., -1.,  1.],
         [ 1.,  1., -1.,  ..., -1.,  1.,  1.]],

        ...,

        [[ 1.,  1.,  1.,  ...,  1., -1.,  1.],
         [ 1.,  1., -1.,  ..., -1.,  1.,  1.],
         [ 1., -1.,  1.,  ...,  1.,  1.,  1.],
         ...,
         [-1.,  1.,  1.,  ...,  1.,  1., -1.],
         [ 1.,  1., -1.,  ...,  1., -1.,  1.],
         [ 1.,  1., -1.,  ..., -1.,  1.,  1.]],

        [[ 1.,  1.,  1.,  ...,  1., -1.,  1.],
         [ 1.,  1., -1.,  ..., -1.,  1.,  1.],
         [ 1., -1.,  1.,  ...,  1.,  1.,  1.],
         ...,
         [-1.,  1.,  1.,  ...,  1.,  1., -1.],
         [ 1.,  1., -1.,  ...,  1., -1.,  1.],
         [ 1.,  1., -1.,  ..., -1.,  1.,  1.]],

        [[ 1.,  1.,  1.,  ...,  1., -1.,  1.],
         [ 1.,  1., -1.,  ..., -1.,  1.,  1.],
         [ 1., -1.,  1.,  ...,  1.,  1.,  1.],
         ...,
         [-1.,  1.,  1.,  ...,  1.,  1., -1.],
         [ 1.,  1., -1.,  ...,  1., -1.,  1.],
         [ 1.,  1., -1.,  ..., -1.,  1.,  1.]]], device='cuda:0',
       grad_fn=<ViewBackward0>)
Epoch: 41
dLoss: tensor(100., device='cuda:0')
gLoss: tensor(100., device='cuda:0')
tensor([[[ 1.,  1.,  1.,  ...,  1., -1.,  1.],
         [ 1.,  1., -1.,  ..., -1.,  1.,  1.],
         [ 1., -1.,  1.,  ...,  1.,  1.,  1.],
         ...,
         [-1.,  1.,  1.,  ...,  1.,  1., -1.],
         [ 1.,  1., -1.,  ...,  1., -1.,  1.],
         [ 1.,  1., -1.,  ..., -1.,  1.,  1.]],

        [[ 1.,  1.,  1.,  ...,  1., -1.,  1.],
         [ 1.,  1., -1.,  ..., -1.,  1.,  1.],
         [ 1., -1.,  1.,  ...,  1.,  1.,  1.],
         ...,
         [-1.,  1.,  1.,  ...,  1.,  1., -1.],
         [ 1.,  1., -1.,  ...,  1., -1.,  1.],
         [ 1.,  1., -1.,  ..., -1.,  1.,  1.]],

        [[ 1.,  1.,  1.,  ...,  1., -1.,  1.],
         [ 1.,  1., -1.,  ..., -1.,  1.,  1.],
         [ 1., -1.,  1.,  ...,  1.,  1.,  1.],
         ...,
         [-1.,  1.,  1.,  ...,  1.,  1., -1.],
         [ 1.,  1., -1.,  ...,  1., -1.,  1.],
         [ 1.,  1., -1.,  ..., -1.,  1.,  1.]],

        ...,

        [[ 1.,  1.,  1.,  ...,  1., -1.,  1.],
         [ 1.,  1., -1.,  ..., -1.,  1.,  1.],
         [ 1., -1.,  1.,  ...,  1.,  1.,  1.],
         ...,
         [-1.,  1.,  1.,  ...,  1.,  1., -1.],
         [ 1.,  1., -1.,  ...,  1., -1.,  1.],
         [ 1.,  1., -1.,  ..., -1.,  1.,  1.]],

        [[ 1.,  1.,  1.,  ...,  1., -1.,  1.],
         [ 1.,  1., -1.,  ..., -1.,  1.,  1.],
         [ 1., -1.,  1.,  ...,  1.,  1.,  1.],
         ...,
         [-1.,  1.,  1.,  ...,  1.,  1., -1.],
         [ 1.,  1., -1.,  ...,  1., -1.,  1.],
         [ 1.,  1., -1.,  ..., -1.,  1.,  1.]],

        [[ 1.,  1.,  1.,  ...,  1., -1.,  1.],
         [ 1.,  1., -1.,  ..., -1.,  1.,  1.],
         [ 1., -1.,  1.,  ...,  1.,  1.,  1.],
         ...,
         [-1.,  1.,  1.,  ...,  1.,  1., -1.],
         [ 1.,  1., -1.,  ...,  1., -1.,  1.],
         [ 1.,  1., -1.,  ..., -1.,  1.,  1.]]], device='cuda:0',
       grad_fn=<ViewBackward0>)
Epoch: 42
dLoss: tensor(100., device='cuda:0')
gLoss: tensor(100., device='cuda:0')
tensor([[[ 1.,  1.,  1.,  ...,  1., -1.,  1.],
         [ 1.,  1., -1.,  ..., -1.,  1.,  1.],
         [ 1., -1.,  1.,  ...,  1.,  1.,  1.],
         ...,
         [-1.,  1.,  1.,  ...,  1.,  1., -1.],
         [ 1.,  1., -1.,  ...,  1., -1.,  1.],
         [ 1.,  1., -1.,  ..., -1.,  1.,  1.]],

        [[ 1.,  1.,  1.,  ...,  1., -1.,  1.],
         [ 1.,  1., -1.,  ..., -1.,  1.,  1.],
         [ 1., -1.,  1.,  ...,  1.,  1.,  1.],
         ...,
         [-1.,  1.,  1.,  ...,  1.,  1., -1.],
         [ 1.,  1., -1.,  ...,  1., -1.,  1.],
         [ 1.,  1., -1.,  ..., -1.,  1.,  1.]],

        [[ 1.,  1.,  1.,  ...,  1., -1.,  1.],
         [ 1.,  1., -1.,  ..., -1.,  1.,  1.],
         [ 1., -1.,  1.,  ...,  1.,  1.,  1.],
         ...,
         [-1.,  1.,  1.,  ...,  1.,  1., -1.],
         [ 1.,  1., -1.,  ...,  1., -1.,  1.],
         [ 1.,  1., -1.,  ..., -1.,  1.,  1.]],

        ...,

        [[ 1.,  1.,  1.,  ...,  1., -1.,  1.],
         [ 1.,  1., -1.,  ..., -1.,  1.,  1.],
         [ 1., -1.,  1.,  ...,  1.,  1.,  1.],
         ...,
         [-1.,  1.,  1.,  ...,  1.,  1., -1.],
         [ 1.,  1., -1.,  ...,  1., -1.,  1.],
         [ 1.,  1., -1.,  ..., -1.,  1.,  1.]],

        [[ 1.,  1.,  1.,  ...,  1., -1.,  1.],
         [ 1.,  1., -1.,  ..., -1.,  1.,  1.],
         [ 1., -1.,  1.,  ...,  1.,  1.,  1.],
         ...,
         [-1.,  1.,  1.,  ...,  1.,  1., -1.],
         [ 1.,  1., -1.,  ...,  1., -1.,  1.],
         [ 1.,  1., -1.,  ..., -1.,  1.,  1.]],

        [[ 1.,  1.,  1.,  ...,  1., -1.,  1.],
         [ 1.,  1., -1.,  ..., -1.,  1.,  1.],
         [ 1., -1.,  1.,  ...,  1.,  1.,  1.],
         ...,
         [-1.,  1.,  1.,  ...,  1.,  1., -1.],
         [ 1.,  1., -1.,  ...,  1., -1.,  1.],
         [ 1.,  1., -1.,  ..., -1.,  1.,  1.]]], device='cuda:0',
       grad_fn=<ViewBackward0>)
Epoch: 43
dLoss: tensor(100., device='cuda:0')
gLoss: tensor(100., device='cuda:0')
tensor([[[ 1.,  1.,  1.,  ...,  1., -1.,  1.],
         [ 1.,  1., -1.,  ..., -1.,  1.,  1.],
         [ 1., -1.,  1.,  ...,  1.,  1.,  1.],
         ...,
         [-1.,  1.,  1.,  ...,  1.,  1., -1.],
         [ 1.,  1., -1.,  ...,  1., -1.,  1.],
         [ 1.,  1., -1.,  ..., -1.,  1.,  1.]],

        [[ 1.,  1.,  1.,  ...,  1., -1.,  1.],
         [ 1.,  1., -1.,  ..., -1.,  1.,  1.],
         [ 1., -1.,  1.,  ...,  1.,  1.,  1.],
         ...,
         [-1.,  1.,  1.,  ...,  1.,  1., -1.],
         [ 1.,  1., -1.,  ...,  1., -1.,  1.],
         [ 1.,  1., -1.,  ..., -1.,  1.,  1.]],

        [[ 1.,  1.,  1.,  ...,  1., -1.,  1.],
         [ 1.,  1., -1.,  ..., -1.,  1.,  1.],
         [ 1., -1.,  1.,  ...,  1.,  1.,  1.],
         ...,
         [-1.,  1.,  1.,  ...,  1.,  1., -1.],
         [ 1.,  1., -1.,  ...,  1., -1.,  1.],
         [ 1.,  1., -1.,  ..., -1.,  1.,  1.]],

        ...,

        [[ 1.,  1.,  1.,  ...,  1., -1.,  1.],
         [ 1.,  1., -1.,  ..., -1.,  1.,  1.],
         [ 1., -1.,  1.,  ...,  1.,  1.,  1.],
         ...,
         [-1.,  1.,  1.,  ...,  1.,  1., -1.],
         [ 1.,  1., -1.,  ...,  1., -1.,  1.],
         [ 1.,  1., -1.,  ..., -1.,  1.,  1.]],

        [[ 1.,  1.,  1.,  ...,  1., -1.,  1.],
         [ 1.,  1., -1.,  ..., -1.,  1.,  1.],
         [ 1., -1.,  1.,  ...,  1.,  1.,  1.],
         ...,
         [-1.,  1.,  1.,  ...,  1.,  1., -1.],
         [ 1.,  1., -1.,  ...,  1., -1.,  1.],
         [ 1.,  1., -1.,  ..., -1.,  1.,  1.]],

        [[ 1.,  1.,  1.,  ...,  1., -1.,  1.],
         [ 1.,  1., -1.,  ..., -1.,  1.,  1.],
         [ 1., -1.,  1.,  ...,  1.,  1.,  1.],
         ...,
         [-1.,  1.,  1.,  ...,  1.,  1., -1.],
         [ 1.,  1., -1.,  ...,  1., -1.,  1.],
         [ 1.,  1., -1.,  ..., -1.,  1.,  1.]]], device='cuda:0',
       grad_fn=<ViewBackward0>)
Epoch: 44
dLoss: tensor(100., device='cuda:0')
gLoss: tensor(100., device='cuda:0')
tensor([[[ 1.,  1.,  1.,  ...,  1., -1.,  1.],
         [ 1.,  1., -1.,  ..., -1.,  1.,  1.],
         [ 1., -1.,  1.,  ...,  1.,  1.,  1.],
         ...,
         [-1.,  1.,  1.,  ...,  1.,  1., -1.],
         [ 1.,  1., -1.,  ...,  1., -1.,  1.],
         [ 1.,  1., -1.,  ..., -1.,  1.,  1.]],

        [[ 1.,  1.,  1.,  ...,  1., -1.,  1.],
         [ 1.,  1., -1.,  ..., -1.,  1.,  1.],
         [ 1., -1.,  1.,  ...,  1.,  1.,  1.],
         ...,
         [-1.,  1.,  1.,  ...,  1.,  1., -1.],
         [ 1.,  1., -1.,  ...,  1., -1.,  1.],
         [ 1.,  1., -1.,  ..., -1.,  1.,  1.]],

        [[ 1.,  1.,  1.,  ...,  1., -1.,  1.],
         [ 1.,  1., -1.,  ..., -1.,  1.,  1.],
         [ 1., -1.,  1.,  ...,  1.,  1.,  1.],
         ...,
         [-1.,  1.,  1.,  ...,  1.,  1., -1.],
         [ 1.,  1., -1.,  ...,  1., -1.,  1.],
         [ 1.,  1., -1.,  ..., -1.,  1.,  1.]],

        ...,

        [[ 1.,  1.,  1.,  ...,  1., -1.,  1.],
         [ 1.,  1., -1.,  ..., -1.,  1.,  1.],
         [ 1., -1.,  1.,  ...,  1.,  1.,  1.],
         ...,
         [-1.,  1.,  1.,  ...,  1.,  1., -1.],
         [ 1.,  1., -1.,  ...,  1., -1.,  1.],
         [ 1.,  1., -1.,  ..., -1.,  1.,  1.]],

        [[ 1.,  1.,  1.,  ...,  1., -1.,  1.],
         [ 1.,  1., -1.,  ..., -1.,  1.,  1.],
         [ 1., -1.,  1.,  ...,  1.,  1.,  1.],
         ...,
         [-1.,  1.,  1.,  ...,  1.,  1., -1.],
         [ 1.,  1., -1.,  ...,  1., -1.,  1.],
         [ 1.,  1., -1.,  ..., -1.,  1.,  1.]],

        [[ 1.,  1.,  1.,  ...,  1., -1.,  1.],
         [ 1.,  1., -1.,  ..., -1.,  1.,  1.],
         [ 1., -1.,  1.,  ...,  1.,  1.,  1.],
         ...,
         [-1.,  1.,  1.,  ...,  1.,  1., -1.],
         [ 1.,  1., -1.,  ...,  1., -1.,  1.],
         [ 1.,  1., -1.,  ..., -1.,  1.,  1.]]], device='cuda:0',
       grad_fn=<ViewBackward0>)
Epoch: 45
dLoss: tensor(100., device='cuda:0')
gLoss: tensor(100., device='cuda:0')
tensor([[[ 1.,  1.,  1.,  ...,  1., -1.,  1.],
         [ 1.,  1., -1.,  ..., -1.,  1.,  1.],
         [ 1., -1.,  1.,  ...,  1.,  1.,  1.],
         ...,
         [-1.,  1.,  1.,  ...,  1.,  1., -1.],
         [ 1.,  1., -1.,  ...,  1., -1.,  1.],
         [ 1.,  1., -1.,  ..., -1.,  1.,  1.]],

        [[ 1.,  1.,  1.,  ...,  1., -1.,  1.],
         [ 1.,  1., -1.,  ..., -1.,  1.,  1.],
         [ 1., -1.,  1.,  ...,  1.,  1.,  1.],
         ...,
         [-1.,  1.,  1.,  ...,  1.,  1., -1.],
         [ 1.,  1., -1.,  ...,  1., -1.,  1.],
         [ 1.,  1., -1.,  ..., -1.,  1.,  1.]],

        [[ 1.,  1.,  1.,  ...,  1., -1.,  1.],
         [ 1.,  1., -1.,  ..., -1.,  1.,  1.],
         [ 1., -1.,  1.,  ...,  1.,  1.,  1.],
         ...,
         [-1.,  1.,  1.,  ...,  1.,  1., -1.],
         [ 1.,  1., -1.,  ...,  1., -1.,  1.],
         [ 1.,  1., -1.,  ..., -1.,  1.,  1.]],

        ...,

        [[ 1.,  1.,  1.,  ...,  1., -1.,  1.],
         [ 1.,  1., -1.,  ..., -1.,  1.,  1.],
         [ 1., -1.,  1.,  ...,  1.,  1.,  1.],
         ...,
         [-1.,  1.,  1.,  ...,  1.,  1., -1.],
         [ 1.,  1., -1.,  ...,  1., -1.,  1.],
         [ 1.,  1., -1.,  ..., -1.,  1.,  1.]],

        [[ 1.,  1.,  1.,  ...,  1., -1.,  1.],
         [ 1.,  1., -1.,  ..., -1.,  1.,  1.],
         [ 1., -1.,  1.,  ...,  1.,  1.,  1.],
         ...,
         [-1.,  1.,  1.,  ...,  1.,  1., -1.],
         [ 1.,  1., -1.,  ...,  1., -1.,  1.],
         [ 1.,  1., -1.,  ..., -1.,  1.,  1.]],

        [[ 1.,  1.,  1.,  ...,  1., -1.,  1.],
         [ 1.,  1., -1.,  ..., -1.,  1.,  1.],
         [ 1., -1.,  1.,  ...,  1.,  1.,  1.],
         ...,
         [-1.,  1.,  1.,  ...,  1.,  1., -1.],
         [ 1.,  1., -1.,  ...,  1., -1.,  1.],
         [ 1.,  1., -1.,  ..., -1.,  1.,  1.]]], device='cuda:0',
       grad_fn=<ViewBackward0>)
Epoch: 46
dLoss: tensor(100., device='cuda:0')
gLoss: tensor(100., device='cuda:0')
tensor([[[ 1.,  1.,  1.,  ...,  1., -1.,  1.],
         [ 1.,  1., -1.,  ..., -1.,  1.,  1.],
         [ 1., -1.,  1.,  ...,  1.,  1.,  1.],
         ...,
         [-1.,  1.,  1.,  ...,  1.,  1., -1.],
         [ 1.,  1., -1.,  ...,  1., -1.,  1.],
         [ 1.,  1., -1.,  ..., -1.,  1.,  1.]],

        [[ 1.,  1.,  1.,  ...,  1., -1.,  1.],
         [ 1.,  1., -1.,  ..., -1.,  1.,  1.],
         [ 1., -1.,  1.,  ...,  1.,  1.,  1.],
         ...,
         [-1.,  1.,  1.,  ...,  1.,  1., -1.],
         [ 1.,  1., -1.,  ...,  1., -1.,  1.],
         [ 1.,  1., -1.,  ..., -1.,  1.,  1.]],

        [[ 1.,  1.,  1.,  ...,  1., -1.,  1.],
         [ 1.,  1., -1.,  ..., -1.,  1.,  1.],
         [ 1., -1.,  1.,  ...,  1.,  1.,  1.],
         ...,
         [-1.,  1.,  1.,  ...,  1.,  1., -1.],
         [ 1.,  1., -1.,  ...,  1., -1.,  1.],
         [ 1.,  1., -1.,  ..., -1.,  1.,  1.]],

        ...,

        [[ 1.,  1.,  1.,  ...,  1., -1.,  1.],
         [ 1.,  1., -1.,  ..., -1.,  1.,  1.],
         [ 1., -1.,  1.,  ...,  1.,  1.,  1.],
         ...,
         [-1.,  1.,  1.,  ...,  1.,  1., -1.],
         [ 1.,  1., -1.,  ...,  1., -1.,  1.],
         [ 1.,  1., -1.,  ..., -1.,  1.,  1.]],

        [[ 1.,  1.,  1.,  ...,  1., -1.,  1.],
         [ 1.,  1., -1.,  ..., -1.,  1.,  1.],
         [ 1., -1.,  1.,  ...,  1.,  1.,  1.],
         ...,
         [-1.,  1.,  1.,  ...,  1.,  1., -1.],
         [ 1.,  1., -1.,  ...,  1., -1.,  1.],
         [ 1.,  1., -1.,  ..., -1.,  1.,  1.]],

        [[ 1.,  1.,  1.,  ...,  1., -1.,  1.],
         [ 1.,  1., -1.,  ..., -1.,  1.,  1.],
         [ 1., -1.,  1.,  ...,  1.,  1.,  1.],
         ...,
         [-1.,  1.,  1.,  ...,  1.,  1., -1.],
         [ 1.,  1., -1.,  ...,  1., -1.,  1.],
         [ 1.,  1., -1.,  ..., -1.,  1.,  1.]]], device='cuda:0',
       grad_fn=<ViewBackward0>)
Epoch: 47
dLoss: tensor(100., device='cuda:0')
gLoss: tensor(100., device='cuda:0')
tensor([[[ 1.,  1.,  1.,  ...,  1., -1.,  1.],
         [ 1.,  1., -1.,  ..., -1.,  1.,  1.],
         [ 1., -1.,  1.,  ...,  1.,  1.,  1.],
         ...,
         [-1.,  1.,  1.,  ...,  1.,  1., -1.],
         [ 1.,  1., -1.,  ...,  1., -1.,  1.],
         [ 1.,  1., -1.,  ..., -1.,  1.,  1.]],

        [[ 1.,  1.,  1.,  ...,  1., -1.,  1.],
         [ 1.,  1., -1.,  ..., -1.,  1.,  1.],
         [ 1., -1.,  1.,  ...,  1.,  1.,  1.],
         ...,
         [-1.,  1.,  1.,  ...,  1.,  1., -1.],
         [ 1.,  1., -1.,  ...,  1., -1.,  1.],
         [ 1.,  1., -1.,  ..., -1.,  1.,  1.]],

        [[ 1.,  1.,  1.,  ...,  1., -1.,  1.],
         [ 1.,  1., -1.,  ..., -1.,  1.,  1.],
         [ 1., -1.,  1.,  ...,  1.,  1.,  1.],
         ...,
         [-1.,  1.,  1.,  ...,  1.,  1., -1.],
         [ 1.,  1., -1.,  ...,  1., -1.,  1.],
         [ 1.,  1., -1.,  ..., -1.,  1.,  1.]],

        ...,

        [[ 1.,  1.,  1.,  ...,  1., -1.,  1.],
         [ 1.,  1., -1.,  ..., -1.,  1.,  1.],
         [ 1., -1.,  1.,  ...,  1.,  1.,  1.],
         ...,
         [-1.,  1.,  1.,  ...,  1.,  1., -1.],
         [ 1.,  1., -1.,  ...,  1., -1.,  1.],
         [ 1.,  1., -1.,  ..., -1.,  1.,  1.]],

        [[ 1.,  1.,  1.,  ...,  1., -1.,  1.],
         [ 1.,  1., -1.,  ..., -1.,  1.,  1.],
         [ 1., -1.,  1.,  ...,  1.,  1.,  1.],
         ...,
         [-1.,  1.,  1.,  ...,  1.,  1., -1.],
         [ 1.,  1., -1.,  ...,  1., -1.,  1.],
         [ 1.,  1., -1.,  ..., -1.,  1.,  1.]],

        [[ 1.,  1.,  1.,  ...,  1., -1.,  1.],
         [ 1.,  1., -1.,  ..., -1.,  1.,  1.],
         [ 1., -1.,  1.,  ...,  1.,  1.,  1.],
         ...,
         [-1.,  1.,  1.,  ...,  1.,  1., -1.],
         [ 1.,  1., -1.,  ...,  1., -1.,  1.],
         [ 1.,  1., -1.,  ..., -1.,  1.,  1.]]], device='cuda:0',
       grad_fn=<ViewBackward0>)
Epoch: 48
dLoss: tensor(100., device='cuda:0')
gLoss: tensor(100., device='cuda:0')
tensor([[[ 1.,  1.,  1.,  ...,  1., -1.,  1.],
         [ 1.,  1., -1.,  ..., -1.,  1.,  1.],
         [ 1., -1.,  1.,  ...,  1.,  1.,  1.],
         ...,
         [-1.,  1.,  1.,  ...,  1.,  1., -1.],
         [ 1.,  1., -1.,  ...,  1., -1.,  1.],
         [ 1.,  1., -1.,  ..., -1.,  1.,  1.]],

        [[ 1.,  1.,  1.,  ...,  1., -1.,  1.],
         [ 1.,  1., -1.,  ..., -1.,  1.,  1.],
         [ 1., -1.,  1.,  ...,  1.,  1.,  1.],
         ...,
         [-1.,  1.,  1.,  ...,  1.,  1., -1.],
         [ 1.,  1., -1.,  ...,  1., -1.,  1.],
         [ 1.,  1., -1.,  ..., -1.,  1.,  1.]],

        [[ 1.,  1.,  1.,  ...,  1., -1.,  1.],
         [ 1.,  1., -1.,  ..., -1.,  1.,  1.],
         [ 1., -1.,  1.,  ...,  1.,  1.,  1.],
         ...,
         [-1.,  1.,  1.,  ...,  1.,  1., -1.],
         [ 1.,  1., -1.,  ...,  1., -1.,  1.],
         [ 1.,  1., -1.,  ..., -1.,  1.,  1.]],

        ...,

        [[ 1.,  1.,  1.,  ...,  1., -1.,  1.],
         [ 1.,  1., -1.,  ..., -1.,  1.,  1.],
         [ 1., -1.,  1.,  ...,  1.,  1.,  1.],
         ...,
         [-1.,  1.,  1.,  ...,  1.,  1., -1.],
         [ 1.,  1., -1.,  ...,  1., -1.,  1.],
         [ 1.,  1., -1.,  ..., -1.,  1.,  1.]],

        [[ 1.,  1.,  1.,  ...,  1., -1.,  1.],
         [ 1.,  1., -1.,  ..., -1.,  1.,  1.],
         [ 1., -1.,  1.,  ...,  1.,  1.,  1.],
         ...,
         [-1.,  1.,  1.,  ...,  1.,  1., -1.],
         [ 1.,  1., -1.,  ...,  1., -1.,  1.],
         [ 1.,  1., -1.,  ..., -1.,  1.,  1.]],

        [[ 1.,  1.,  1.,  ...,  1., -1.,  1.],
         [ 1.,  1., -1.,  ..., -1.,  1.,  1.],
         [ 1., -1.,  1.,  ...,  1.,  1.,  1.],
         ...,
         [-1.,  1.,  1.,  ...,  1.,  1., -1.],
         [ 1.,  1., -1.,  ...,  1., -1.,  1.],
         [ 1.,  1., -1.,  ..., -1.,  1.,  1.]]], device='cuda:0',
       grad_fn=<ViewBackward0>)
Epoch: 49
dLoss: tensor(100., device='cuda:0')
gLoss: tensor(100., device='cuda:0')
tensor([[[ 1.,  1.,  1.,  ...,  1., -1.,  1.],
         [ 1.,  1., -1.,  ..., -1.,  1.,  1.],
         [ 1., -1.,  1.,  ...,  1.,  1.,  1.],
         ...,
         [-1.,  1.,  1.,  ...,  1.,  1., -1.],
         [ 1.,  1., -1.,  ...,  1., -1.,  1.],
         [ 1.,  1., -1.,  ..., -1.,  1.,  1.]],

        [[ 1.,  1.,  1.,  ...,  1., -1.,  1.],
         [ 1.,  1., -1.,  ..., -1.,  1.,  1.],
         [ 1., -1.,  1.,  ...,  1.,  1.,  1.],
         ...,
         [-1.,  1.,  1.,  ...,  1.,  1., -1.],
         [ 1.,  1., -1.,  ...,  1., -1.,  1.],
         [ 1.,  1., -1.,  ..., -1.,  1.,  1.]],

        [[ 1.,  1.,  1.,  ...,  1., -1.,  1.],
         [ 1.,  1., -1.,  ..., -1.,  1.,  1.],
         [ 1., -1.,  1.,  ...,  1.,  1.,  1.],
         ...,
         [-1.,  1.,  1.,  ...,  1.,  1., -1.],
         [ 1.,  1., -1.,  ...,  1., -1.,  1.],
         [ 1.,  1., -1.,  ..., -1.,  1.,  1.]],

        ...,

        [[ 1.,  1.,  1.,  ...,  1., -1.,  1.],
         [ 1.,  1., -1.,  ..., -1.,  1.,  1.],
         [ 1., -1.,  1.,  ...,  1.,  1.,  1.],
         ...,
         [-1.,  1.,  1.,  ...,  1.,  1., -1.],
         [ 1.,  1., -1.,  ...,  1., -1.,  1.],
         [ 1.,  1., -1.,  ..., -1.,  1.,  1.]],

        [[ 1.,  1.,  1.,  ...,  1., -1.,  1.],
         [ 1.,  1., -1.,  ..., -1.,  1.,  1.],
         [ 1., -1.,  1.,  ...,  1.,  1.,  1.],
         ...,
         [-1.,  1.,  1.,  ...,  1.,  1., -1.],
         [ 1.,  1., -1.,  ...,  1., -1.,  1.],
         [ 1.,  1., -1.,  ..., -1.,  1.,  1.]],

        [[ 1.,  1.,  1.,  ...,  1., -1.,  1.],
         [ 1.,  1., -1.,  ..., -1.,  1.,  1.],
         [ 1., -1.,  1.,  ...,  1.,  1.,  1.],
         ...,
         [-1.,  1.,  1.,  ...,  1.,  1., -1.],
         [ 1.,  1., -1.,  ...,  1., -1.,  1.],
         [ 1.,  1., -1.,  ..., -1.,  1.,  1.]]], device='cuda:0',
       grad_fn=<ViewBackward0>)
