nohup: ignoring input
Processing file 0 of 32 for inD
Processing file 1 of 32 for inD
Processing file 2 of 32 for inD
Processing file 3 of 32 for inD
Processing file 4 of 32 for inD
Processing file 5 of 32 for inD
Processing file 6 of 32 for inD
Processing file 7 of 32 for inD
Processing file 8 of 32 for inD
Processing file 9 of 32 for inD
Processing file 10 of 32 for inD
Processing file 11 of 32 for inD
Processing file 12 of 32 for inD
Processing file 13 of 32 for inD
Processing file 14 of 32 for inD
Processing file 15 of 32 for inD
Processing file 16 of 32 for inD
Processing file 17 of 32 for inD
Processing file 18 of 32 for inD
Processing file 19 of 32 for inD
Processing file 20 of 32 for inD
Processing file 21 of 32 for inD
Processing file 22 of 32 for inD
Processing file 23 of 32 for inD
Processing file 24 of 32 for inD
Processing file 25 of 32 for inD
Processing file 26 of 32 for inD
Processing file 27 of 32 for inD
Processing file 28 of 32 for inD
Processing file 29 of 32 for inD
Processing file 30 of 32 for inD
Processing file 31 of 32 for inD
Processing file 32 of 32 for inD
Processing file 0 of 8 for rounD
Processing file 1 of 8 for rounD
Processing file 2 of 8 for rounD
Processing file 3 of 8 for rounD
Processing file 4 of 8 for rounD
Processing file 5 of 8 for rounD
Processing file 6 of 8 for rounD
Processing file 7 of 8 for rounD
Processing file 8 of 8 for rounD
nohup: ignoring input
Processing file 0 of 32 for inD
num_cases:237
num_cases_filtered:237
Processing file 1 of 32 for inD
num_cases:255
num_cases_filtered:255
Processing file 2 of 32 for inD
num_cases:223
num_cases_filtered:223
Processing file 3 of 32 for inD
num_cases:253
num_cases_filtered:253
Processing file 4 of 32 for inD
num_cases:158
num_cases_filtered:157
Processing file 5 of 32 for inD
num_cases:232
num_cases_filtered:232
Processing file 6 of 32 for inD
num_cases:271
num_cases_filtered:271
Processing file 7 of 32 for inD
num_cases:260
num_cases_filtered:260
Processing file 8 of 32 for inD
num_cases:263
num_cases_filtered:263
Processing file 9 of 32 for inD
num_cases:192
num_cases_filtered:192
Processing file 10 of 32 for inD
num_cases:210
num_cases_filtered:210
Processing file 11 of 32 for inD
num_cases:222
num_cases_filtered:222
Processing file 12 of 32 for inD
num_cases:278
num_cases_filtered:278
Processing file 13 of 32 for inD
num_cases:245
num_cases_filtered:245
Processing file 14 of 32 for inD
num_cases:248
num_cases_filtered:248
Processing file 15 of 32 for inD
num_cases:267
num_cases_filtered:267
Processing file 16 of 32 for inD
num_cases:297
num_cases_filtered:297
Processing file 17 of 32 for inD
num_cases:259
num_cases_filtered:259
Processing file 18 of 32 for inD
num_cases:276
num_cases_filtered:276
Processing file 19 of 32 for inD
num_cases:245
num_cases_filtered:245
Processing file 20 of 32 for inD
num_cases:322
num_cases_filtered:322
Processing file 21 of 32 for inD
num_cases:308
num_cases_filtered:308
Processing file 22 of 32 for inD
num_cases:304
num_cases_filtered:304
Processing file 23 of 32 for inD
num_cases:312
num_cases_filtered:312
Processing file 24 of 32 for inD
num_cases:235
num_cases_filtered:235
Processing file 25 of 32 for inD
num_cases:308
num_cases_filtered:308
Processing file 26 of 32 for inD
num_cases:321
num_cases_filtered:321
Processing file 27 of 32 for inD
num_cases:329
num_cases_filtered:329
Processing file 28 of 32 for inD
num_cases:314
num_cases_filtered:314
Processing file 29 of 32 for inD
num_cases:321
num_cases_filtered:321
Processing file 30 of 32 for inD
num_cases:253
num_cases_filtered:253
Processing file 31 of 32 for inD
num_cases:253
num_cases_filtered:253
Processing file 32 of 32 for inD
num_cases:250
num_cases_filtered:250
Processing file 0 of 8 for rounD
num_cases:254
num_cases_filtered:254
Processing file 1 of 8 for rounD
num_cases:261
num_cases_filtered:261
Processing file 2 of 8 for rounD
num_cases:134
num_cases_filtered:134
Processing file 3 of 8 for rounD
num_cases:265
num_cases_filtered:265
Processing file 4 of 8 for rounD
num_cases:286
num_cases_filtered:286
Processing file 5 of 8 for rounD
num_cases:272
num_cases_filtered:272
Processing file 6 of 8 for rounD
num_cases:309
num_cases_filtered:309
Processing file 7 of 8 for rounD
num_cases:301
num_cases_filtered:301
Processing file 8 of 8 for rounD
num_cases:247
num_cases_filtered:247
