nohup: ignoring input
/home/rzhou/Projects/scenariogenerationai/data_process_diffts/dataprocess.py:81: FutureWarning: The behavior of DataFrame concatenation with empty or all-NA entries is deprecated. In a future version, this will no longer exclude empty or all-NA columns when determining the result dtypes. To retain the old behavior, exclude the relevant entries before the concat operation.
  df = pd.concat([df, new_rows_df], ignore_index=True)
/home/rzhou/Projects/scenariogenerationai/data_process_diffts/dataprocess.py:81: FutureWarning: The behavior of DataFrame concatenation with empty or all-NA entries is deprecated. In a future version, this will no longer exclude empty or all-NA columns when determining the result dtypes. To retain the old behavior, exclude the relevant entries before the concat operation.
  df = pd.concat([df, new_rows_df], ignore_index=True)
/home/rzhou/Projects/scenariogenerationai/data_process_diffts/dataprocess.py:81: FutureWarning: The behavior of DataFrame concatenation with empty or all-NA entries is deprecated. In a future version, this will no longer exclude empty or all-NA columns when determining the result dtypes. To retain the old behavior, exclude the relevant entries before the concat operation.
  df = pd.concat([df, new_rows_df], ignore_index=True)
Processing file 0 of 32 for inD
24027.0
最多的track数量为: 34
case: 1
case: 2
case: 3
case: 4
case: 5
case: 6
case: 7
case: 8
case: 9
case: 10
case: 11
case: 12
case: 13
case: 14
case: 15
case: 16
case: 17
case: 18
case: 19
case: 20
case: 21
case: 22
case: 23
case: 24
case: 25
case: 26
case: 27
case: 28
case: 29
case: 30
case: 31
case: 32
case: 33
case: 34
case: 35
case: 36
case: 37
case: 38
case: 39
case: 40
case: 41
case: 42
case: 43
case: 44
case: 45
case: 46
case: 47
case: 48
case: 49
case: 50
case: 51
case: 52
case: 53
case: 54
case: 55
case: 56
case: 57
case: 58
case: 59
case: 60
case: 61
case: 62
case: 63
case: 64
case: 65
case: 66
case: 67
case: 68
case: 69
case: 70
case: 71
case: 72
case: 73
case: 74
case: 75
case: 76
case: 77
case: 78
case: 79
case: 80
case: 81
case: 82
case: 83
case: 84
case: 85
case: 86
case: 87
case: 88
case: 89
case: 90
case: 91
case: 92
case: 93
case: 94
case: 95
case: 96
case: 97
case: 98
case: 99
case: 100
case: 101
case: 102
case: 103
case: 104
case: 105
case: 106
case: 107
case: 108
case: 109
case: 110
case: 111
case: 112
case: 113
case: 114
case: 115
case: 116
case: 117
case: 118
case: 119
case: 120
case: 121
case: 122
case: 123
case: 124
case: 125
case: 126
case: 127
case: 128
case: 129
case: 130
case: 131
case: 132
case: 133
case: 134
case: 135
case: 136
case: 137
case: 138
case: 139
case: 140
case: 141
case: 142
case: 143
case: 144
case: 145
case: 146
case: 147
case: 148
case: 149
case: 150
case: 151
case: 152
case: 153
case: 154
case: 155
case: 156
case: 157
case: 158
case: 159
case: 160
case: 161
case: 162
case: 163
case: 164
case: 165
case: 166
case: 167
case: 168
case: 169
case: 170
case: 171
case: 172
case: 173
case: 174
case: 175
case: 176
case: 177
case: 178
case: 179
case: 180
case: 181
case: 182
case: 183
case: 184
case: 185
case: 186
case: 187
case: 188
case: 189
case: 190
case: 191
case: 192
case: 193
case: 194
case: 195
case: 196
case: 197
case: 198
case: 199
case: 200
case: 201
case: 202
case: 203
case: 204
case: 205
case: 206
case: 207
case: 208
case: 209
case: 210
case: 211
case: 212
case: 213
case: 214
case: 215
case: 216
case: 217
case: 218
case: 219
case: 220
case: 221
case: 222
case: 223
case: 224
case: 225
case: 226
case: 227
case: 228
case: 229
case: 230
case: 231
Processing file 1 of 32 for inD
25808.0
最多的track数量为: 31
case: 1
case: 2
case: 3
case: 4
case: 5
case: 6
case: 7
case: 8
case: 9
case: 10
case: 11
case: 12
case: 13
case: 14
case: 15
case: 16
case: 17
case: 18
case: 19
case: 20
case: 21
case: 22
case: 23
case: 24
case: 25
case: 26
case: 27
case: 28
case: 29
case: 30
case: 31
case: 32
case: 33
case: 34
case: 35
case: 36
case: 37
case: 38
case: 39
case: 40
case: 41
case: 42
case: 43
case: 44
case: 45
case: 46
case: 47
case: 48
case: 49
case: 50
case: 51
case: 52
case: 53
case: 54
case: 55
case: 56
case: 57
case: 58
case: 59
case: 60
case: 61
case: 62
case: 63
case: 64
case: 65
case: 66
case: 67
case: 68
case: 69
case: 70
case: 71
case: 72
case: 73
case: 74
case: 75
case: 76
case: 77
case: 78
case: 79
case: 80
case: 81
case: 82
case: 83
case: 84
case: 85
case: 86
case: 87
case: 88
case: 89
case: 90
case: 91
case: 92
case: 93
case: 94
case: 95
case: 96
case: 97
case: 98
case: 99
case: 100
case: 101
case: 102
case: 103
case: 104
case: 105
case: 106
case: 107
case: 108
case: 109
case: 110
case: 111
case: 112
case: 113
case: 114
case: 115
case: 116
case: 117
case: 118
case: 119
case: 120
case: 121
case: 122
case: 123
case: 124
case: 125
case: 126
case: 127
case: 128
case: 129
case: 130
case: 131
case: 132
case: 133
case: 134
case: 135
case: 136
case: 137
case: 138
case: 139
case: 140
case: 141
case: 142
case: 143
case: 144
case: 145
case: 146
case: 147
case: 148
case: 149
case: 150
case: 151
case: 152
case: 153
case: 154
case: 155
case: 156
case: 157
case: 158
case: 159
case: 160
case: 161
case: 162
case: 163
case: 164
case: 165
case: 166
case: 167
case: 168
case: 169
case: 170
case: 171
case: 172
case: 173
case: 174
case: 175
case: 176
case: 177
case: 178
case: 179
case: 180
case: 181
case: 182
case: 183
case: 184
case: 185
case: 186
case: 187
case: 188
case: 189
case: 190
case: 191
case: 192
case: 193
case: 194
case: 195
case: 196
case: 197
case: 198
case: 199
case: 200
case: 201
case: 202
case: 203
case: 204
case: 205
case: 206
case: 207
case: 208
case: 209
case: 210
case: 211
case: 212
case: 213
case: 214
case: 215
case: 216
case: 217
case: 218
case: 219
case: 220
case: 221
case: 222
case: 223
case: 224
case: 225
case: 226
case: 227
case: 228
case: 229
case: 230
case: 231
case: 232
case: 233
case: 234
case: 235
case: 236
case: 237
case: 238
case: 239
case: 240
case: 241
case: 242
case: 243
case: 244
case: 245
case: 246
case: 247
case: 248
case: 249
Processing file 2 of 32 for inD
22639.0
最多的track数量为: 35
case: 1
case: 2
case: 3
case: 4
case: 5
case: 6
case: 7
case: 8
case: 9
case: 10
case: 11
case: 12
case: 13
case: 14
case: 15
case: 16
case: 17
case: 18
case: 19
case: 20
case: 21
case: 22
case: 23
case: 24
case: 25
case: 26
case: 27
case: 28
case: 29
case: 30
case: 31
case: 32
case: 33
case: 34
case: 35
case: 36
case: 37
case: 38
case: 39
case: 40
case: 41
case: 42
case: 43
case: 44
case: 45
case: 46
case: 47
case: 48
case: 49
case: 50
case: 51
case: 52
case: 53
case: 54
case: 55
case: 56
case: 57
case: 58
case: 59
case: 60
case: 61
case: 62
case: 63
case: 64
case: 65
case: 66
case: 67
case: 68
case: 69
case: 70
case: 71
case: 72
case: 73
case: 74
case: 75
case: 76
case: 77
case: 78
case: 79
case: 80
case: 81
case: 82
case: 83
case: 84
case: 85
case: 86
case: 87
case: 88
case: 89
case: 90
case: 91
case: 92
case: 93
case: 94
case: 95
case: 96
case: 97
case: 98
case: 99
case: 100
case: 101
case: 102
case: 103
case: 104
case: 105
case: 106
case: 107
case: 108
case: 109
case: 110
case: 111
case: 112
case: 113
case: 114
case: 115
case: 116
case: 117
case: 118
case: 119
case: 120
case: 121
case: 122
case: 123
case: 124
case: 125
case: 126
case: 127
case: 128
case: 129
case: 130
case: 131
case: 132
case: 133
case: 134
case: 135
case: 136
case: 137
case: 138
case: 139
case: 140
case: 141
case: 142
case: 143
case: 144
case: 145
case: 146
case: 147
case: 148
case: 149
case: 150
case: 151
case: 152
case: 153
case: 154
case: 155
case: 156
case: 157
case: 158
case: 159
case: 160
case: 161
case: 162
case: 163
case: 164
case: 165
case: 166
case: 167
case: 168
case: 169
case: 170
case: 171
case: 172
case: 173
case: 174
case: 175
case: 176
case: 177
case: 178
case: 179
case: 180
case: 181
case: 182
case: 183
case: 184
case: 185
case: 186
case: 187
case: 188
case: 189
case: 190
case: 191
case: 192
case: 193
case: 194
case: 195
case: 196
case: 197
case: 198
case: 199
case: 200
case: 201
case: 202
case: 203
case: 204
case: 205
case: 206
case: 207
case: 208
case: 209
case: 210
case: 211
case: 212
case: 213
case: 214
case: 215
case: 216
case: 217
Processing file 3 of 32 for inD
25672.000000000004
最多的track数量为: 24
case: 1
case: 2
case: 3
case: 4
case: 5
case: 6
case: 7
case: 8
case: 9
case: 10
case: 11
case: 12
case: 13
case: 14
case: 15
case: 16
case: 17
case: 18
case: 19
case: 20
case: 21
case: 22
case: 23
case: 24
case: 25
case: 26
case: 27
case: 28
case: 29
case: 30
case: 31
case: 32
case: 33
case: 34
case: 35
case: 36
case: 37
case: 38
case: 39
case: 40
case: 41
case: 42
case: 43
case: 44
case: 45
case: 46
case: 47
case: 48
case: 49
case: 50
case: 51
case: 52
case: 53
case: 54
case: 55
case: 56
case: 57
case: 58
case: 59
case: 60
case: 61
case: 62
case: 63
case: 64
case: 65
case: 66
case: 67
case: 68
case: 69
case: 70
case: 71
case: 72
case: 73
case: 74
case: 75
case: 76
case: 77
case: 78
case: 79
case: 80
case: 81
case: 82
case: 83
case: 84
case: 85
case: 86
case: 87
case: 88
case: 89
case: 90
case: 91
case: 92
case: 93
case: 94
case: 95
case: 96
case: 97
case: 98
case: 99
case: 100
case: 101
case: 102
case: 103
case: 104
case: 105
case: 106
case: 107
case: 108
case: 109
case: 110
case: 111
case: 112
case: 113
case: 114
case: 115
case: 116
case: 117
case: 118
case: 119
case: 120
case: 121
case: 122
case: 123
case: 124
case: 125
case: 126
case: 127
case: 128
case: 129
case: 130
case: 131
case: 132
case: 133
case: 134
case: 135
case: 136
case: 137
/home/rzhou/Projects/scenariogenerationai/data_process_diffts/dataprocess.py:81: FutureWarning: The behavior of DataFrame concatenation with empty or all-NA entries is deprecated. In a future version, this will no longer exclude empty or all-NA columns when determining the result dtypes. To retain the old behavior, exclude the relevant entries before the concat operation.
  df = pd.concat([df, new_rows_df], ignore_index=True)
/home/rzhou/Projects/scenariogenerationai/data_process_diffts/dataprocess.py:81: FutureWarning: The behavior of DataFrame concatenation with empty or all-NA entries is deprecated. In a future version, this will no longer exclude empty or all-NA columns when determining the result dtypes. To retain the old behavior, exclude the relevant entries before the concat operation.
  df = pd.concat([df, new_rows_df], ignore_index=True)
/home/rzhou/Projects/scenariogenerationai/data_process_diffts/dataprocess.py:81: FutureWarning: The behavior of DataFrame concatenation with empty or all-NA entries is deprecated. In a future version, this will no longer exclude empty or all-NA columns when determining the result dtypes. To retain the old behavior, exclude the relevant entries before the concat operation.
  df = pd.concat([df, new_rows_df], ignore_index=True)
/home/rzhou/Projects/scenariogenerationai/data_process_diffts/dataprocess.py:81: FutureWarning: The behavior of DataFrame concatenation with empty or all-NA entries is deprecated. In a future version, this will no longer exclude empty or all-NA columns when determining the result dtypes. To retain the old behavior, exclude the relevant entries before the concat operation.
  df = pd.concat([df, new_rows_df], ignore_index=True)
case: 138
case: 139
case: 140
case: 141
case: 142
case: 143
case: 144
case: 145
case: 146
case: 147
case: 148
case: 149
case: 150
case: 151
case: 152
case: 153
case: 154
case: 155
case: 156
case: 157
case: 158
case: 159
case: 160
case: 161
case: 162
case: 163
case: 164
case: 165
case: 166
case: 167
case: 168
case: 169
case: 170
case: 171
case: 172
case: 173
case: 174
case: 175
case: 176
case: 177
case: 178
case: 179
case: 180
case: 181
case: 182
case: 183
case: 184
case: 185
case: 186
case: 187
case: 188
case: 189
case: 190
case: 191
case: 192
case: 193
case: 194
case: 195
case: 196
case: 197
case: 198
case: 199
case: 200
case: 201
case: 202
case: 203
case: 204
case: 205
case: 206
case: 207
case: 208
case: 209
case: 210
case: 211
case: 212
case: 213
case: 214
case: 215
case: 216
case: 217
case: 218
case: 219
case: 220
case: 221
case: 222
case: 223
case: 224
case: 225
case: 226
case: 227
case: 228
case: 229
case: 230
case: 231
case: 232
case: 233
case: 234
case: 235
case: 236
case: 237
case: 238
case: 239
case: 240
case: 241
case: 242
case: 243
case: 244
case: 245
case: 246
case: 247
Processing file 4 of 32 for inD
16191.999999999998
最多的track数量为: 24
case: 1
case: 2
case: 3
case: 4
case: 5
case: 6
case: 7
case: 8
case: 9
case: 10
case: 11
case: 12
case: 13
case: 14
case: 15
case: 16
case: 17
case: 18
case: 19
case: 20
case: 21
case: 22
case: 23
case: 24
case: 25
case: 26
case: 27
case: 28
case: 29
case: 30
case: 31
case: 32
case: 33
case: 34
case: 35
case: 36
case: 37
case: 38
case: 39
case: 40
case: 41
case: 42
case: 43
case: 44
case: 45
case: 46
case: 47
case: 48
case: 49
case: 50
case: 51
case: 52
case: 53
case: 54
case: 55
case: 56
case: 57
case: 58
case: 59
case: 60
case: 61
case: 62
case: 63
case: 64
case: 65
case: 66
case: 67
case: 68
case: 69
case: 70
case: 71
case: 72
case: 73
case: 74
case: 75
case: 76
case: 77
case: 78
case: 79
case: 80
case: 81
case: 82
case: 83
case: 84
case: 85
case: 86
case: 87
case: 88
case: 89
case: 90
case: 91
case: 92
case: 93
case: 94
case: 95
case: 96
case: 97
case: 98
case: 99
case: 100
case: 101
case: 102
case: 103
case: 104
case: 105
case: 106
case: 107
case: 108
case: 109
case: 110
case: 111
case: 112
case: 113
case: 114
case: 115
case: 116
case: 117
case: 118
case: 119
case: 120
case: 121
case: 122
case: 123
case: 124
case: 125
case: 126
case: 127
case: 128
case: 129
case: 130
case: 131
case: 132
case: 133
case: 134
case: 135
case: 136
case: 137
case: 138
case: 139
case: 140
case: 141
case: 142
case: 143
case: 144
case: 145
case: 146
case: 147
case: 148
case: 149
case: 150
case: 151
case: 152
Processing file 5 of 32 for inD
23530.0
最多的track数量为: 26
case: 1
case: 2
case: 3
case: 4
case: 5
case: 6
case: 7
case: 8
case: 9
case: 10
case: 11
case: 12
case: 13
case: 14
case: 15
case: 16
case: 17
case: 18
case: 19
case: 20
case: 21
case: 22
case: 23
case: 24
case: 25
case: 26
case: 27
case: 28
case: 29
case: 30
case: 31
case: 32
case: 33
case: 34
case: 35
case: 36
case: 37
case: 38
case: 39
case: 40
case: 41
case: 42
case: 43
case: 44
case: 45
case: 46
case: 47
case: 48
case: 49
case: 50
case: 51
case: 52
case: 53
case: 54
case: 55
case: 56
case: 57
case: 58
case: 59
case: 60
case: 61
case: 62
case: 63
case: 64
case: 65
case: 66
case: 67
case: 68
case: 69
case: 70
case: 71
case: 72
case: 73
case: 74
case: 75
case: 76
case: 77
case: 78
case: 79
case: 80
case: 81
case: 82
case: 83
case: 84
case: 85
case: 86
case: 87
case: 88
case: 89
case: 90
case: 91
case: 92
case: 93
case: 94
case: 95
case: 96
case: 97
case: 98
case: 99
case: 100
case: 101
case: 102
case: 103
case: 104
case: 105
case: 106
case: 107
case: 108
case: 109
case: 110
case: 111
case: 112
case: 113
case: 114
case: 115
case: 116
case: 117
case: 118
case: 119
case: 120
case: 121
case: 122
case: 123
case: 124
case: 125
case: 126
case: 127
case: 128
case: 129
case: 130
case: 131
case: 132
case: 133
case: 134
case: 135
case: 136
case: 137
case: 138
case: 139
case: 140
case: 141
case: 142
case: 143
case: 144
case: 145
case: 146
case: 147
case: 148
case: 149
case: 150
case: 151
case: 152
case: 153
case: 154
case: 155
case: 156
case: 157
case: 158
case: 159
case: 160
case: 161
case: 162
case: 163
case: 164
case: 165
case: 166
case: 167
case: 168
case: 169
case: 170
case: 171
case: 172
case: 173
case: 174
case: 175
case: 176
case: 177
case: 178
case: 179
case: 180
case: 181
case: 182
case: 183
case: 184
case: 185
case: 186
case: 187
case: 188
case: 189
case: 190
case: 191
case: 192
case: 193
case: 194
case: 195
case: 196
case: 197
case: 198
case: 199
case: 200
case: 201
case: 202
case: 203
case: 204
case: 205
case: 206
case: 207
case: 208
case: 209
case: 210
case: 211
case: 212
case: 213
case: 214
case: 215
case: 216
case: 217
case: 218
case: 219
case: 220
case: 221
case: 222
case: 223
case: 224
case: 225
case: 226
Processing file 6 of 32 for inD
27401.0
最多的track数量为: 34
case: 1
case: 2
case: 3
case: 4
case: 5
case: 6
case: 7
case: 8
case: 9
case: 10
case: 11
case: 12
case: 13
case: 14
case: 15
case: 16
case: 17
case: 18
case: 19
case: 20
case: 21
case: 22
case: 23
case: 24
case: 25
case: 26
case: 27
case: 28
case: 29
case: 30
case: 31
case: 32
case: 33
case: 34
case: 35
case: 36
case: 37
case: 38
case: 39
case: 40
case: 41
case: 42
case: 43
case: 44
case: 45
case: 46
case: 47
case: 48
case: 49
case: 50
case: 51
case: 52
case: 53
case: 54
case: 55
case: 56
case: 57
case: 58
case: 59
case: 60
case: 61
case: 62
case: 63
case: 64
case: 65
case: 66
case: 67
case: 68
case: 69
case: 70
case: 71
case: 72
case: 73
case: 74
case: 75
case: 76
case: 77
case: 78
case: 79
case: 80
case: 81
case: 82
case: 83
case: 84
case: 85
case: 86
case: 87
case: 88
case: 89
case: 90
case: 91
case: 92
case: 93
case: 94
case: 95
case: 96
case: 97
case: 98
case: 99
case: 100
case: 101
case: 102
case: 103
case: 104
case: 105
case: 106
case: 107
case: 108
case: 109
case: 110
case: 111
case: 112
case: 113
case: 114
case: 115
case: 116
case: 117
case: 118
case: 119
case: 120
case: 121
case: 122
case: 123
case: 124
case: 125
case: 126
case: 127
case: 128
case: 129
case: 130
case: 131
case: 132
case: 133
case: 134
case: 135
case: 136
case: 137
case: 138
case: 139
case: 140
case: 141
case: 142
case: 143
case: 144
case: 145
case: 146
case: 147
case: 148
case: 149
case: 150
case: 151
case: 152
case: 153
case: 154
case: 155
case: 156
case: 157
case: 158
case: 159
case: 160
case: 161
case: 162
case: 163
case: 164
case: 165
case: 166
case: 167
case: 168
case: 169
case: 170
case: 171
case: 172
case: 173
case: 174
case: 175
case: 176
case: 177
case: 178
case: 179
case: 180
case: 181
case: 182
case: 183
case: 184
case: 185
case: 186
case: 187
case: 188
case: 189
case: 190
case: 191
case: 192
case: 193
case: 194
case: 195
case: 196
case: 197
case: 198
case: 199
case: 200
case: 201
case: 202
case: 203
case: 204
case: 205
case: 206
case: 207
case: 208
case: 209
case: 210
case: 211
case: 212
case: 213
case: 214
case: 215
case: 216
case: 217
case: 218
case: 219
case: 220
case: 221
case: 222
case: 223
case: 224
case: 225
case: 226
case: 227
case: 228
case: 229
case: 230
case: 231
case: 232
case: 233
case: 234
case: 235
case: 236
case: 237
case: 238
case: 239
case: 240
case: 241
case: 242
case: 243
case: 244
case: 245
case: 246
case: 247
case: 248
case: 249
case: 250
case: 251
case: 252
case: 253
case: 254
case: 255
case: 256
case: 257
case: 258
case: 259
case: 260
case: 261
case: 262
case: 263
case: 264
case: 265
Processing file 7 of 32 for inD
26382.0
最多的track数量为: 19
case: 1
case: 2
case: 3
case: 4
case: 5
case: 6
case: 7
case: 8
case: 9
case: 10
case: 11
case: 12
case: 13
case: 14
case: 15
case: 16
case: 17
case: 18
case: 19
case: 20
case: 21
case: 22
case: 23
case: 24
case: 25
case: 26
case: 27
case: 28
case: 29
case: 30
case: 31
case: 32
case: 33
case: 34
case: 35
case: 36
case: 37
case: 38
case: 39
case: 40
case: 41
case: 42
case: 43
case: 44
case: 45
case: 46
case: 47
case: 48
case: 49
case: 50
case: 51
case: 52
case: 53
case: 54
case: 55
case: 56
case: 57
case: 58
case: 59
case: 60
case: 61
case: 62
case: 63
case: 64
case: 65
case: 66
case: 67
case: 68
case: 69
case: 70
case: 71
case: 72
case: 73
case: 74
case: 75
case: 76
case: 77
case: 78
case: 79
/home/rzhou/Projects/scenariogenerationai/data_process_diffts/dataprocess.py:81: FutureWarning: The behavior of DataFrame concatenation with empty or all-NA entries is deprecated. In a future version, this will no longer exclude empty or all-NA columns when determining the result dtypes. To retain the old behavior, exclude the relevant entries before the concat operation.
  df = pd.concat([df, new_rows_df], ignore_index=True)
/home/rzhou/Projects/scenariogenerationai/data_process_diffts/dataprocess.py:81: FutureWarning: The behavior of DataFrame concatenation with empty or all-NA entries is deprecated. In a future version, this will no longer exclude empty or all-NA columns when determining the result dtypes. To retain the old behavior, exclude the relevant entries before the concat operation.
  df = pd.concat([df, new_rows_df], ignore_index=True)
/home/rzhou/Projects/scenariogenerationai/data_process_diffts/dataprocess.py:81: FutureWarning: The behavior of DataFrame concatenation with empty or all-NA entries is deprecated. In a future version, this will no longer exclude empty or all-NA columns when determining the result dtypes. To retain the old behavior, exclude the relevant entries before the concat operation.
  df = pd.concat([df, new_rows_df], ignore_index=True)
/home/rzhou/Projects/scenariogenerationai/data_process_diffts/dataprocess.py:81: FutureWarning: The behavior of DataFrame concatenation with empty or all-NA entries is deprecated. In a future version, this will no longer exclude empty or all-NA columns when determining the result dtypes. To retain the old behavior, exclude the relevant entries before the concat operation.
  df = pd.concat([df, new_rows_df], ignore_index=True)
case: 80
case: 81
case: 82
case: 83
case: 84
case: 85
case: 86
case: 87
case: 88
case: 89
case: 90
case: 91
case: 92
case: 93
case: 94
case: 95
case: 96
case: 97
case: 98
case: 99
case: 100
case: 101
case: 102
case: 103
case: 104
case: 105
case: 106
case: 107
case: 108
case: 109
case: 110
case: 111
case: 112
case: 113
case: 114
case: 115
case: 116
case: 117
case: 118
case: 119
case: 120
case: 121
case: 122
case: 123
case: 124
case: 125
case: 126
case: 127
case: 128
case: 129
case: 130
case: 131
case: 132
case: 133
case: 134
case: 135
case: 136
case: 137
case: 138
case: 139
case: 140
case: 141
case: 142
case: 143
case: 144
case: 145
case: 146
case: 147
case: 148
case: 149
case: 150
case: 151
case: 152
case: 153
case: 154
case: 155
case: 156
case: 157
case: 158
case: 159
case: 160
case: 161
case: 162
case: 163
case: 164
case: 165
case: 166
case: 167
case: 168
case: 169
case: 170
case: 171
case: 172
case: 173
case: 174
case: 175
case: 176
case: 177
case: 178
case: 179
case: 180
case: 181
case: 182
case: 183
case: 184
case: 185
case: 186
case: 187
case: 188
case: 189
case: 190
case: 191
case: 192
case: 193
case: 194
case: 195
case: 196
case: 197
case: 198
case: 199
case: 200
case: 201
case: 202
case: 203
case: 204
case: 205
case: 206
case: 207
case: 208
case: 209
case: 210
case: 211
case: 212
case: 213
case: 214
case: 215
case: 216
case: 217
case: 218
case: 219
case: 220
case: 221
case: 222
case: 223
case: 224
case: 225
case: 226
case: 227
case: 228
case: 229
case: 230
case: 231
case: 232
case: 233
case: 234
case: 235
case: 236
case: 237
case: 238
case: 239
case: 240
case: 241
case: 242
case: 243
case: 244
case: 245
case: 246
case: 247
case: 248
case: 249
case: 250
case: 251
case: 252
case: 253
case: 254
Processing file 8 of 32 for inD
26639.999999999996
最多的track数量为: 32
case: 1
case: 2
case: 3
case: 4
case: 5
case: 6
case: 7
case: 8
case: 9
case: 10
case: 11
case: 12
case: 13
case: 14
case: 15
case: 16
case: 17
case: 18
case: 19
case: 20
case: 21
case: 22
case: 23
case: 24
case: 25
case: 26
case: 27
case: 28
case: 29
case: 30
case: 31
case: 32
case: 33
case: 34
case: 35
case: 36
case: 37
case: 38
case: 39
case: 40
case: 41
case: 42
case: 43
case: 44
case: 45
case: 46
case: 47
case: 48
case: 49
case: 50
case: 51
case: 52
case: 53
case: 54
case: 55
case: 56
case: 57
case: 58
case: 59
case: 60
case: 61
case: 62
case: 63
case: 64
case: 65
case: 66
case: 67
case: 68
case: 69
case: 70
case: 71
case: 72
case: 73
case: 74
case: 75
case: 76
case: 77
case: 78
case: 79
case: 80
case: 81
case: 82
case: 83
case: 84
case: 85
case: 86
case: 87
case: 88
case: 89
case: 90
case: 91
case: 92
case: 93
case: 94
case: 95
case: 96
case: 97
case: 98
case: 99
case: 100
case: 101
case: 102
case: 103
case: 104
case: 105
case: 106
case: 107
case: 108
case: 109
case: 110
case: 111
case: 112
case: 113
case: 114
case: 115
case: 116
case: 117
case: 118
case: 119
case: 120
case: 121
case: 122
case: 123
case: 124
case: 125
case: 126
case: 127
case: 128
case: 129
case: 130
case: 131
case: 132
case: 133
case: 134
case: 135
case: 136
case: 137
case: 138
case: 139
case: 140
case: 141
case: 142
case: 143
case: 144
case: 145
case: 146
case: 147
case: 148
case: 149
case: 150
case: 151
case: 152
case: 153
case: 154
case: 155
case: 156
case: 157
case: 158
case: 159
case: 160
case: 161
case: 162
case: 163
case: 164
case: 165
case: 166
case: 167
case: 168
case: 169
case: 170
case: 171
case: 172
case: 173
case: 174
case: 175
case: 176
case: 177
case: 178
case: 179
case: 180
case: 181
case: 182
case: 183
case: 184
case: 185
case: 186
case: 187
case: 188
case: 189
case: 190
case: 191
case: 192
case: 193
case: 194
case: 195
case: 196
case: 197
case: 198
case: 199
case: 200
case: 201
case: 202
case: 203
case: 204
case: 205
case: 206
case: 207
case: 208
case: 209
case: 210
case: 211
case: 212
case: 213
case: 214
case: 215
case: 216
case: 217
case: 218
case: 219
case: 220
case: 221
case: 222
case: 223
case: 224
case: 225
case: 226
case: 227
case: 228
case: 229
case: 230
case: 231
case: 232
case: 233
case: 234
case: 235
case: 236
case: 237
case: 238
case: 239
case: 240
case: 241
case: 242
case: 243
case: 244
case: 245
case: 246
case: 247
case: 248
case: 249
case: 250
case: 251
case: 252
case: 253
case: 254
case: 255
case: 256
case: 257
Processing file 9 of 32 for inD
19592.0
最多的track数量为: 23
case: 1
case: 2
case: 3
case: 4
case: 5
case: 6
case: 7
case: 8
case: 9
case: 10
case: 11
case: 12
case: 13
case: 14
case: 15
case: 16
case: 17
case: 18
case: 19
case: 20
case: 21
case: 22
case: 23
case: 24
case: 25
case: 26
case: 27
case: 28
case: 29
case: 30
case: 31
case: 32
case: 33
case: 34
case: 35
case: 36
case: 37
case: 38
case: 39
case: 40
case: 41
case: 42
case: 43
case: 44
case: 45
case: 46
case: 47
case: 48
case: 49
case: 50
case: 51
case: 52
case: 53
case: 54
case: 55
case: 56
case: 57
case: 58
case: 59
case: 60
case: 61
case: 62
case: 63
case: 64
case: 65
case: 66
case: 67
case: 68
case: 69
case: 70
case: 71
case: 72
case: 73
case: 74
case: 75
case: 76
case: 77
case: 78
case: 79
case: 80
case: 81
case: 82
case: 83
case: 84
case: 85
case: 86
case: 87
case: 88
case: 89
case: 90
case: 91
case: 92
case: 93
case: 94
case: 95
case: 96
case: 97
case: 98
case: 99
case: 100
case: 101
case: 102
case: 103
case: 104
case: 105
case: 106
case: 107
case: 108
case: 109
case: 110
case: 111
case: 112
case: 113
case: 114
case: 115
case: 116
case: 117
case: 118
case: 119
case: 120
case: 121
case: 122
case: 123
case: 124
case: 125
case: 126
case: 127
case: 128
case: 129
case: 130
case: 131
case: 132
case: 133
case: 134
case: 135
case: 136
case: 137
case: 138
case: 139
case: 140
case: 141
case: 142
case: 143
case: 144
case: 145
case: 146
case: 147
case: 148
case: 149
case: 150
case: 151
case: 152
case: 153
case: 154
case: 155
case: 156
case: 157
case: 158
case: 159
case: 160
case: 161
case: 162
case: 163
case: 164
case: 165
case: 166
case: 167
case: 168
case: 169
case: 170
case: 171
case: 172
case: 173
case: 174
case: 175
case: 176
case: 177
case: 178
case: 179
case: 180
case: 181
case: 182
case: 183
case: 184
case: 185
case: 186
Processing file 10 of 32 for inD
21351.0
最多的track数量为: 24
case: 1
case: 2
case: 3
case: 4
case: 5
case: 6
case: 7
case: 8
case: 9
case: 10
case: 11
case: 12
case: 13
case: 14
case: 15
case: 16
case: 17
case: 18
case: 19
case: 20
case: 21
case: 22
case: 23
case: 24
case: 25
case: 26
case: 27
case: 28
case: 29
case: 30
case: 31
case: 32
case: 33
case: 34
case: 35
case: 36
case: 37
case: 38
case: 39
case: 40
case: 41
case: 42
case: 43
case: 44
case: 45
case: 46
case: 47
case: 48
case: 49
case: 50
case: 51
case: 52
case: 53
case: 54
case: 55
case: 56
case: 57
case: 58
case: 59
case: 60
case: 61
case: 62
case: 63
case: 64
case: 65
case: 66
case: 67
case: 68
case: 69
case: 70
case: 71
case: 72
case: 73
case: 74
case: 75
case: 76
case: 77
case: 78
case: 79
case: 80
case: 81
case: 82
case: 83
case: 84
case: 85
case: 86
case: 87
case: 88
case: 89
case: 90
case: 91
case: 92
case: 93
case: 94
case: 95
case: 96
case: 97
case: 98
case: 99
case: 100
case: 101
case: 102
case: 103
case: 104
case: 105
case: 106
case: 107
case: 108
case: 109
case: 110
case: 111
case: 112
case: 113
case: 114
case: 115
case: 116
case: 117
case: 118
case: 119
case: 120
case: 121
case: 122
case: 123
case: 124
case: 125
case: 126
case: 127
case: 128
case: 129
case: 130
case: 131
case: 132
case: 133
case: 134
case: 135
case: 136
case: 137
case: 138
case: 139
case: 140
case: 141
case: 142
case: 143
case: 144
case: 145
case: 146
case: 147
case: 148
case: 149
case: 150
case: 151
case: 152
case: 153
case: 154
case: 155
case: 156
case: 157
case: 158
case: 159
case: 160
case: 161
case: 162
case: 163
case: 164
case: 165
case: 166
case: 167
case: 168
case: 169
case: 170
case: 171
case: 172
case: 173
case: 174
case: 175
case: 176
case: 177
case: 178
case: 179
case: 180
case: 181
case: 182
case: 183
case: 184
case: 185
case: 186
case: 187
case: 188
case: 189
case: 190
case: 191
case: 192
case: 193
case: 194
case: 195
case: 196
case: 197
case: 198
case: 199
case: 200
case: 201
case: 202
case: 203
case: 204
Processing file 11 of 32 for inD
22540.0
最多的track数量为: 28
case: 1
case: 2
case: 3
case: 4/home/rzhou/Projects/scenariogenerationai/data_process_diffts/dataprocess.py:81: FutureWarning: The behavior of DataFrame concatenation with empty or all-NA entries is deprecated. In a future version, this will no longer exclude empty or all-NA columns when determining the result dtypes. To retain the old behavior, exclude the relevant entries before the concat operation.
  df = pd.concat([df, new_rows_df], ignore_index=True)
/home/rzhou/Projects/scenariogenerationai/data_process_diffts/dataprocess.py:81: FutureWarning: The behavior of DataFrame concatenation with empty or all-NA entries is deprecated. In a future version, this will no longer exclude empty or all-NA columns when determining the result dtypes. To retain the old behavior, exclude the relevant entries before the concat operation.
  df = pd.concat([df, new_rows_df], ignore_index=True)
/home/rzhou/Projects/scenariogenerationai/data_process_diffts/dataprocess.py:81: FutureWarning: The behavior of DataFrame concatenation with empty or all-NA entries is deprecated. In a future version, this will no longer exclude empty or all-NA columns when determining the result dtypes. To retain the old behavior, exclude the relevant entries before the concat operation.
  df = pd.concat([df, new_rows_df], ignore_index=True)

case: 5
case: 6
case: 7
case: 8
case: 9
case: 10
case: 11
case: 12
case: 13
case: 14
case: 15
case: 16
case: 17
case: 18
case: 19
case: 20
case: 21
case: 22
case: 23
case: 24
case: 25
case: 26
case: 27
case: 28
case: 29
case: 30
case: 31
case: 32
case: 33
case: 34
case: 35
case: 36
case: 37
case: 38
case: 39
case: 40
case: 41
case: 42
case: 43
case: 44
case: 45
case: 46
case: 47
case: 48
case: 49
case: 50
case: 51
case: 52
case: 53
case: 54
case: 55
case: 56
case: 57
case: 58
case: 59
case: 60
case: 61
case: 62
case: 63
case: 64
case: 65
case: 66
case: 67
case: 68
case: 69
case: 70
case: 71
case: 72
case: 73
case: 74
case: 75
case: 76
case: 77
case: 78
case: 79
case: 80
case: 81
case: 82
case: 83
case: 84
case: 85
case: 86
case: 87
case: 88
case: 89
case: 90
case: 91
case: 92
case: 93
case: 94
case: 95
case: 96
case: 97
case: 98
case: 99
case: 100
case: 101
case: 102
case: 103
case: 104
case: 105
case: 106
case: 107
case: 108
case: 109
case: 110
case: 111
case: 112
case: 113
case: 114
case: 115
case: 116
case: 117
case: 118
case: 119
case: 120
case: 121
case: 122
case: 123
case: 124
case: 125
case: 126
case: 127
case: 128
case: 129
case: 130
case: 131
case: 132
case: 133
case: 134
case: 135
case: 136
case: 137
case: 138
case: 139
case: 140
case: 141
case: 142
case: 143
case: 144
case: 145
case: 146
case: 147
case: 148
case: 149
case: 150
case: 151
case: 152
case: 153
case: 154
case: 155
case: 156
case: 157
case: 158
case: 159
case: 160
case: 161
case: 162
case: 163
case: 164
case: 165
case: 166
case: 167
case: 168
case: 169
case: 170
case: 171
case: 172
case: 173
case: 174
case: 175
case: 176
case: 177
case: 178
case: 179
case: 180
case: 181
case: 182
case: 183
case: 184
case: 185
case: 186
case: 187
case: 188
case: 189
case: 190
case: 191
case: 192
case: 193
case: 194
case: 195
case: 196
case: 197
case: 198
case: 199
case: 200
case: 201
case: 202
case: 203
case: 204
case: 205
case: 206
case: 207
case: 208
case: 209
case: 210
case: 211
case: 212
case: 213
case: 214
case: 215
case: 216
Processing file 12 of 32 for inD
28172.000000000004
最多的track数量为: 43
case: 1
case: 2
case: 3
case: 4
case: 5
case: 6
case: 7
case: 8
case: 9
case: 10
case: 11
case: 12
case: 13
case: 14
case: 15
case: 16
case: 17
case: 18
case: 19
case: 20
case: 21
case: 22
case: 23
case: 24
case: 25
case: 26
case: 27
case: 28
case: 29
case: 30
case: 31
case: 32
case: 33
case: 34
case: 35
case: 36
case: 37
case: 38
case: 39
case: 40
case: 41
case: 42
case: 43
case: 44
case: 45
case: 46
case: 47
case: 48
case: 49
case: 50
case: 51
case: 52
case: 53
case: 54
case: 55
case: 56
case: 57
case: 58
case: 59
case: 60
case: 61
case: 62
case: 63
case: 64
case: 65
case: 66
case: 67
case: 68
case: 69
case: 70
case: 71
case: 72
case: 73
case: 74
case: 75
case: 76
case: 77
case: 78
case: 79
case: 80
case: 81
case: 82
case: 83
case: 84
case: 85
case: 86
case: 87
case: 88
case: 89
case: 90
case: 91
case: 92
case: 93
case: 94
case: 95
case: 96
case: 97
case: 98
case: 99
case: 100
case: 101
case: 102
case: 103
case: 104
case: 105
case: 106
case: 107
case: 108
case: 109
case: 110
case: 111
case: 112
case: 113
case: 114
case: 115
case: 116
case: 117
case: 118
case: 119
case: 120
case: 121
case: 122
case: 123
case: 124
case: 125
case: 126
case: 127
case: 128
case: 129
case: 130
case: 131
case: 132
case: 133
case: 134
case: 135
case: 136
case: 137
case: 138
case: 139
case: 140
case: 141
case: 142
case: 143
case: 144
case: 145
case: 146
case: 147
case: 148
case: 149
case: 150
case: 151
case: 152
case: 153
case: 154
case: 155
case: 156
case: 157
case: 158
case: 159
case: 160
case: 161
case: 162
case: 163
case: 164
case: 165
case: 166
case: 167
case: 168
case: 169
case: 170
case: 171
case: 172
case: 173
case: 174
case: 175
case: 176
case: 177
case: 178
case: 179
case: 180
case: 181
case: 182
case: 183
case: 184
case: 185
case: 186
case: 187
case: 188
case: 189
case: 190
case: 191
case: 192
case: 193
case: 194
case: 195
case: 196
case: 197
case: 198
case: 199
case: 200
case: 201
case: 202
case: 203
case: 204
case: 205
case: 206
case: 207
case: 208
case: 209
case: 210
case: 211
case: 212
case: 213
case: 214
case: 215
case: 216
case: 217
case: 218
case: 219
case: 220
case: 221
case: 222
case: 223
case: 224
case: 225
case: 226
case: 227
case: 228
case: 229
case: 230
case: 231
case: 232
case: 233
case: 234
case: 235
case: 236
case: 237
case: 238
case: 239
case: 240
case: 241
case: 242
case: 243
case: 244
case: 245
case: 246
case: 247
case: 248
case: 249
case: 250
case: 251
case: 252
case: 253
case: 254
case: 255
case: 256
case: 257
case: 258
case: 259
case: 260
case: 261
case: 262
case: 263
case: 264
case: 265
case: 266
case: 267
case: 268
case: 269
case: 270
case: 271
case: 272
Processing file 13 of 32 for inD
24866.0
最多的track数量为: 31
case: 1
case: 2
case: 3
case: 4
case: 5
case: 6
case: 7
case: 8
case: 9
case: 10
case: 11
case: 12
case: 13
case: 14
case: 15
case: 16
case: 17
case: 18
case: 19
case: 20
case: 21
case: 22
case: 23
case: 24
case: 25
case: 26
case: 27
case: 28
case: 29
case: 30
case: 31
case: 32
case: 33
case: 34
case: 35
case: 36
case: 37
case: 38
case: 39
case: 40
case: 41
case: 42
case: 43
case: 44
case: 45
case: 46
case: 47
case: 48
case: 49
case: 50
case: 51
case: 52
case: 53
case: 54
case: 55
case: 56
case: 57
case: 58
case: 59
case: 60
case: 61
case: 62
case: 63
case: 64
case: 65
case: 66
case: 67
case: 68
case: 69
case: 70
case: 71
case: 72
case: 73
case: 74
case: 75
case: 76
case: 77
case: 78
case: 79
case: 80
case: 81
case: 82
case: 83
case: 84
case: 85
case: 86
case: 87
case: 88
case: 89
case: 90
case: 91
case: 92
case: 93
case: 94
case: 95
case: 96
case: 97
case: 98
case: 99
case: 100
case: 101
case: 102
case: 103
case: 104
case: 105
case: 106
case: 107
case: 108
case: 109
case: 110
case: 111
case: 112
case: 113
case: 114
case: 115
case: 116
case: 117
case: 118
case: 119
case: 120
case: 121
case: 122
case: 123
case: 124
case: 125
case: 126
case: 127
case: 128
case: 129
case: 130
case: 131
case: 132
case: 133
case: 134
case: 135
case: 136
case: 137
case: 138
case: 139
case: 140
case: 141
case: 142
case: 143
case: 144
case: 145
case: 146
case: 147
case: 148
case: 149
case: 150
case: 151
case: 152
case: 153
case: 154
case: 155
case: 156
case: 157
case: 158
case: 159
case: 160
case: 161
case: 162
case: 163
case: 164
case: 165
case: 166
case: 167
case: 168
case: 169
case: 170
case: 171
case: 172
case: 173
case: 174
case: 175
case: 176
case: 177
case: 178
case: 179
case: 180
case: 181
case: 182
case: 183
case: 184
case: 185
case: 186
case: 187
case: 188
case: 189
case: 190
case: 191
case: 192
case: 193
case: 194
case: 195
case: 196
case: 197
case: 198
case: 199
case: 200
case: 201
case: 202
case: 203
case: 204
case: 205
case: 206
case: 207
case: 208
case: 209
case: 210
case: 211
case: 212
case: 213
case: 214
case: 215
case: 216
case: 217
case: 218
case: 219
case: 220
case: 221
case: 222
case: 223
case: 224
case: 225
case: 226
case: 227
case: 228
case: 229
case: 230
case: 231
case: 232
case: 233
case: 234
case: 235
case: 236
case: 237
case: 238
case: 239
Processing file 14 of 32 for inD
25121.0
最多的track数量为: 31
case: 1
case: 2
case: 3
case: 4
case: 5
case: 6
case: 7
case: 8
case: 9
case: 10
case: 11
case: 12
case: 13
case: 14
case: 15
case: 16
case: 17
case: 18
case: 19
case: 20
case: 21
case: 22
case: 23
case: 24
case: 25
case: 26
case: 27
case: 28
case: 29
case: 30
case: 31
case: 32
case: 33
case: 34
case: 35
case: 36
case: 37
case: 38
case: 39
case: 40
case: 41
case: 42
case: 43
case: 44
case: 45
case: 46
case: 47
case: 48
case: 49
case: 50
case: 51
case: 52
case: 53
case: 54
case: 55
case: 56
case: 57
case: 58
case: 59
case: 60
case: 61
case: 62
case: 63
case: 64
case: 65
case: 66
case: 67
case: 68
case: 69
case: 70
case: 71
case: 72
case: 73
case: 74
case: 75
case: 76
case: 77
case: 78
case: 79
case: 80
case: 81
case: 82
case: 83
case: 84
case: 85
case: 86
case: 87
case: 88
case: 89
case: 90
case: 91
case: 92
case: 93
case: 94
case: 95
case: 96
case: 97
case: 98
case: 99
case: 100
case: 101
case: 102
case: 103
case: 104
case: 105
case: 106
case: 107
case: 108
case: 109
case: 110
case: 111
case: 112
case: 113
case: 114
case: 115
case: 116
/home/rzhou/Projects/scenariogenerationai/data_process_diffts/dataprocess.py:81: FutureWarning: The behavior of DataFrame concatenation with empty or all-NA entries is deprecated. In a future version, this will no longer exclude empty or all-NA columns when determining the result dtypes. To retain the old behavior, exclude the relevant entries before the concat operation.
  df = pd.concat([df, new_rows_df], ignore_index=True)
/home/rzhou/Projects/scenariogenerationai/data_process_diffts/dataprocess.py:81: FutureWarning: The behavior of DataFrame concatenation with empty or all-NA entries is deprecated. In a future version, this will no longer exclude empty or all-NA columns when determining the result dtypes. To retain the old behavior, exclude the relevant entries before the concat operation.
  df = pd.concat([df, new_rows_df], ignore_index=True)
/home/rzhou/Projects/scenariogenerationai/data_process_diffts/dataprocess.py:81: FutureWarning: The behavior of DataFrame concatenation with empty or all-NA entries is deprecated. In a future version, this will no longer exclude empty or all-NA columns when determining the result dtypes. To retain the old behavior, exclude the relevant entries before the concat operation.
  df = pd.concat([df, new_rows_df], ignore_index=True)
case: 117
case: 118
case: 119
case: 120
case: 121
case: 122
case: 123
case: 124
case: 125
case: 126
case: 127
case: 128
case: 129
case: 130
case: 131
case: 132
case: 133
case: 134
case: 135
case: 136
case: 137
case: 138
case: 139
case: 140
case: 141
case: 142
case: 143
case: 144
case: 145
case: 146
case: 147
case: 148
case: 149
case: 150
case: 151
case: 152
case: 153
case: 154
case: 155
case: 156
case: 157
case: 158
case: 159
case: 160
case: 161
case: 162
case: 163
case: 164
case: 165
case: 166
case: 167
case: 168
case: 169
case: 170
case: 171
case: 172
case: 173
case: 174
case: 175
case: 176
case: 177
case: 178
case: 179
case: 180
case: 181
case: 182
case: 183
case: 184
case: 185
case: 186
case: 187
case: 188
case: 189
case: 190
case: 191
case: 192
case: 193
case: 194
case: 195
case: 196
case: 197
case: 198
case: 199
case: 200
case: 201
case: 202
case: 203
case: 204
case: 205
case: 206
case: 207
case: 208
case: 209
case: 210
case: 211
case: 212
case: 213
case: 214
case: 215
case: 216
case: 217
case: 218
case: 219
case: 220
case: 221
case: 222
case: 223
case: 224
case: 225
case: 226
case: 227
case: 228
case: 229
case: 230
case: 231
case: 232
case: 233
case: 234
case: 235
case: 236
case: 237
case: 238
case: 239
case: 240
case: 241
case: 242
Processing file 15 of 32 for inD
27076.0
最多的track数量为: 29
case: 1
case: 2
case: 3
case: 4
case: 5
case: 6
case: 7
case: 8
case: 9
case: 10
case: 11
case: 12
case: 13
case: 14
case: 15
case: 16
case: 17
case: 18
case: 19
case: 20
case: 21
case: 22
case: 23
case: 24
case: 25
case: 26
case: 27
case: 28
case: 29
case: 30
case: 31
case: 32
case: 33
case: 34
case: 35
case: 36
case: 37
case: 38
case: 39
case: 40
case: 41
case: 42
case: 43
case: 44
case: 45
case: 46
case: 47
case: 48
case: 49
case: 50
case: 51
case: 52
case: 53
case: 54
case: 55
case: 56
case: 57
case: 58
case: 59
case: 60
case: 61
case: 62
case: 63
case: 64
case: 65
case: 66
case: 67
case: 68
case: 69
case: 70
case: 71
case: 72
case: 73
case: 74
case: 75
case: 76
case: 77
case: 78
case: 79
case: 80
case: 81
case: 82
case: 83
case: 84
case: 85
case: 86
case: 87
case: 88
case: 89
case: 90
case: 91
case: 92
case: 93
case: 94
case: 95
case: 96
case: 97
case: 98
case: 99
case: 100
case: 101
case: 102
case: 103
case: 104
case: 105
case: 106
case: 107
case: 108
case: 109
case: 110
case: 111
case: 112
case: 113
case: 114
case: 115
case: 116
case: 117
case: 118
case: 119
case: 120
case: 121
case: 122
case: 123
case: 124
case: 125
case: 126
case: 127
case: 128
case: 129
case: 130
case: 131
case: 132
case: 133
case: 134
case: 135
case: 136
case: 137
case: 138
case: 139
case: 140
case: 141
case: 142
case: 143
case: 144
case: 145
case: 146
case: 147
case: 148
case: 149
case: 150
case: 151
case: 152
case: 153
case: 154
case: 155
case: 156
case: 157
case: 158
case: 159
case: 160
case: 161
case: 162
case: 163
case: 164
case: 165
case: 166
case: 167
case: 168
case: 169
case: 170
case: 171
case: 172
case: 173
case: 174
case: 175
case: 176
case: 177
case: 178
case: 179
case: 180
case: 181
case: 182
case: 183
case: 184
case: 185
case: 186
case: 187
case: 188
case: 189
case: 190
case: 191
case: 192
case: 193
case: 194
case: 195
case: 196
case: 197
case: 198
case: 199
case: 200
case: 201
case: 202
case: 203
case: 204
case: 205
case: 206
case: 207
case: 208
case: 209
case: 210
case: 211
case: 212
case: 213
case: 214
case: 215
case: 216
case: 217
case: 218
case: 219
case: 220
case: 221
case: 222
case: 223
case: 224
case: 225
case: 226
case: 227
case: 228
case: 229
case: 230
case: 231
case: 232
case: 233
case: 234
case: 235
case: 236
case: 237
case: 238
case: 239
case: 240
case: 241
case: 242
case: 243
case: 244
case: 245
case: 246
case: 247
case: 248
case: 249
case: 250
case: 251
case: 252
case: 253
case: 254
case: 255
case: 256
case: 257
case: 258
case: 259
case: 260
case: 261
Processing file 16 of 32 for inD
30025.0
最多的track数量为: 32
case: 1
case: 2
case: 3
case: 4
case: 5
case: 6
case: 7
case: 8
case: 9
case: 10
case: 11
case: 12
case: 13
case: 14
case: 15
case: 16
case: 17
case: 18
case: 19
case: 20
case: 21
case: 22
case: 23
case: 24
case: 25
case: 26
case: 27
case: 28
case: 29
case: 30
case: 31
case: 32
case: 33
case: 34
case: 35
case: 36
case: 37
case: 38
case: 39
case: 40
case: 41
case: 42
case: 43
case: 44
case: 45
case: 46
case: 47
case: 48
case: 49
case: 50
case: 51
case: 52
case: 53
case: 54
case: 55
case: 56
case: 57
case: 58
case: 59
case: 60
case: 61
case: 62
case: 63
case: 64
case: 65
case: 66
case: 67
case: 68
case: 69
case: 70
case: 71
case: 72
case: 73
case: 74
case: 75
case: 76
case: 77
case: 78
case: 79
case: 80
case: 81
case: 82
case: 83
case: 84
case: 85
case: 86
case: 87
case: 88
case: 89
case: 90
case: 91
case: 92
case: 93
case: 94
case: 95
case: 96
case: 97
case: 98
case: 99
case: 100
case: 101
case: 102
case: 103
case: 104
case: 105
case: 106
case: 107
case: 108
case: 109
case: 110
case: 111
case: 112
case: 113
case: 114
case: 115
case: 116
case: 117
case: 118
case: 119
case: 120
case: 121
case: 122
case: 123
case: 124
case: 125
case: 126
case: 127
case: 128
case: 129
case: 130
case: 131
case: 132
case: 133
case: 134
case: 135
case: 136
case: 137
case: 138
case: 139
case: 140
case: 141
case: 142
case: 143
case: 144
case: 145
case: 146
case: 147
case: 148
case: 149
case: 150
case: 151
case: 152
case: 153
case: 154
case: 155
case: 156
case: 157
case: 158
case: 159
case: 160
case: 161
case: 162
case: 163
case: 164
case: 165
case: 166
case: 167
case: 168
case: 169
case: 170
case: 171
case: 172
case: 173
case: 174
case: 175
case: 176
case: 177
case: 178
case: 179
case: 180
case: 181
case: 182
case: 183
case: 184
case: 185
case: 186
case: 187
case: 188
case: 189
case: 190
case: 191
case: 192
case: 193
case: 194
case: 195
case: 196
case: 197
case: 198
case: 199
case: 200
case: 201
case: 202
case: 203
case: 204
case: 205
case: 206
case: 207
case: 208
case: 209
case: 210
case: 211
case: 212
case: 213
case: 214
case: 215
case: 216
case: 217
case: 218
case: 219
case: 220
case: 221
case: 222
case: 223
case: 224
case: 225
case: 226
case: 227
case: 228
case: 229
case: 230
case: 231
case: 232
case: 233
case: 234
case: 235
case: 236
case: 237
case: 238
case: 239
case: 240
case: 241
case: 242
case: 243
case: 244
case: 245
case: 246
case: 247
case: 248
case: 249
case: 250
case: 251
case: 252
case: 253
case: 254
case: 255
case: 256
case: 257
case: 258
case: 259
case: 260
case: 261
case: 262
case: 263
case: 264
case: 265
case: 266
case: 267
case: 268
case: 269
case: 270
case: 271
case: 272
case: 273
case: 274
case: 275
case: 276
case: 277
case: 278
case: 279
case: 280
case: 281
case: 282
case: 283
case: 284
case: 285
case: 286
case: 287
case: 288
case: 289
case: 290
case: 291
Processing file 17 of 32 for inD
26261.0
最多的track数量为: 29
case: 1
case: 2
case: 3
case: 4
case: 5
case: 6
case: 7
case: 8
case: 9
case: 10
case: 11
case: 12
case: 13
case: 14
case: 15
case: 16
case: 17
case: 18
case: 19
case: 20
case: 21
case: 22
case: 23
case: 24
case: 25
case: 26
case: 27
case: 28
case: 29
case: 30
case: 31
case: 32
case: 33
case: 34
case: 35
case: 36
case: 37
case: 38
case: 39
case: 40
case: 41
case: 42
case: 43
case: 44
case: 45
case: 46
case: 47
case: 48
case: 49
case: 50
case: 51
case: 52
case: 53
case: 54
case: 55
case: 56
case: 57
case: 58
case: 59
case: 60
case: 61
case: 62
case: 63
case: 64
case: 65
case: 66
case: 67
case: 68
case: 69
case: 70
case: 71
case: 72
case: 73
case: 74
case: 75
case: 76
case: 77
case: 78
case: 79
case: 80
case: 81
case: 82
case: 83
case: 84
case: 85
case: 86
case: 87
case: 88
case: 89
case: 90
case: 91
case: 92
case: 93
case: 94
case: 95
case: 96
case: 97
case: 98
case: 99
case: 100
case: 101
case: 102
case: 103
case: 104
case: 105
case: 106
case: 107
case: 108
case: 109
case: 110
case: 111
case: 112
case: 113
case: 114
case: 115
case: 116
case: 117
case: 118
case: 119
case: 120
case: 121
case: 122
case: 123
case: 124
case: 125
case: 126
case: 127
case: 128
case: 129
case: 130
case: 131
case: 132
case: 133
case: 134
case: 135
case: 136
case: 137
case: 138
case: 139
case: 140
case: 141
case: 142
case: 143
case: 144
case: 145
case: 146
case: 147
case: 148
case: 149
case: 150
case: 151
case: 152
case: 153/home/rzhou/Projects/scenariogenerationai/data_process_diffts/dataprocess.py:81: FutureWarning: The behavior of DataFrame concatenation with empty or all-NA entries is deprecated. In a future version, this will no longer exclude empty or all-NA columns when determining the result dtypes. To retain the old behavior, exclude the relevant entries before the concat operation.
  df = pd.concat([df, new_rows_df], ignore_index=True)
/home/rzhou/Projects/scenariogenerationai/data_process_diffts/dataprocess.py:81: FutureWarning: The behavior of DataFrame concatenation with empty or all-NA entries is deprecated. In a future version, this will no longer exclude empty or all-NA columns when determining the result dtypes. To retain the old behavior, exclude the relevant entries before the concat operation.
  df = pd.concat([df, new_rows_df], ignore_index=True)
/home/rzhou/Projects/scenariogenerationai/data_process_diffts/dataprocess.py:81: FutureWarning: The behavior of DataFrame concatenation with empty or all-NA entries is deprecated. In a future version, this will no longer exclude empty or all-NA columns when determining the result dtypes. To retain the old behavior, exclude the relevant entries before the concat operation.
  df = pd.concat([df, new_rows_df], ignore_index=True)

case: 154
case: 155
case: 156
case: 157
case: 158
case: 159
case: 160
case: 161
case: 162
case: 163
case: 164
case: 165
case: 166
case: 167
case: 168
case: 169
case: 170
case: 171
case: 172
case: 173
case: 174
case: 175
case: 176
case: 177
case: 178
case: 179
case: 180
case: 181
case: 182
case: 183
case: 184
case: 185
case: 186
case: 187
case: 188
case: 189
case: 190
case: 191
case: 192
case: 193
case: 194
case: 195
case: 196
case: 197
case: 198
case: 199
case: 200
case: 201
case: 202
case: 203
case: 204
case: 205
case: 206
case: 207
case: 208
case: 209
case: 210
case: 211
case: 212
case: 213
case: 214
case: 215
case: 216
case: 217
case: 218
case: 219
case: 220
case: 221
case: 222
case: 223
case: 224
case: 225
case: 226
case: 227
case: 228
case: 229
case: 230
case: 231
case: 232
case: 233
case: 234
case: 235
case: 236
case: 237
case: 238
case: 239
case: 240
case: 241
case: 242
case: 243
case: 244
case: 245
case: 246
case: 247
case: 248
case: 249
case: 250
case: 251
case: 252
case: 253
Processing file 18 of 32 for inD
27991.000000000004
最多的track数量为: 37
case: 1
case: 2
case: 3
case: 4
case: 5
case: 6
case: 7
case: 8
case: 9
case: 10
case: 11
case: 12
case: 13
case: 14
case: 15
case: 16
case: 17
case: 18
case: 19
case: 20
case: 21
case: 22
case: 23
case: 24
case: 25
case: 26
case: 27
case: 28
case: 29
case: 30
case: 31
case: 32
case: 33
case: 34
case: 35
case: 36
case: 37
case: 38
case: 39
case: 40
case: 41
case: 42
case: 43
case: 44
case: 45
case: 46
case: 47
case: 48
case: 49
case: 50
case: 51
case: 52
case: 53
case: 54
case: 55
case: 56
case: 57
case: 58
case: 59
case: 60
case: 61
case: 62
case: 63
case: 64
case: 65
case: 66
case: 67
case: 68
case: 69
case: 70
case: 71
case: 72
case: 73
case: 74
case: 75
case: 76
case: 77
case: 78
case: 79
case: 80
case: 81
case: 82
case: 83
case: 84
case: 85
case: 86
case: 87
case: 88
case: 89
case: 90
case: 91
case: 92
case: 93
case: 94
case: 95
case: 96
case: 97
case: 98
case: 99
case: 100
case: 101
case: 102
case: 103
case: 104
case: 105
case: 106
case: 107
case: 108
case: 109
case: 110
case: 111
case: 112
case: 113
case: 114
case: 115
case: 116
case: 117
case: 118
case: 119
case: 120
case: 121
case: 122
case: 123
case: 124
case: 125
case: 126
case: 127
case: 128
case: 129
case: 130
case: 131
case: 132
case: 133
case: 134
case: 135
case: 136
case: 137
case: 138
case: 139
case: 140
case: 141
case: 142
case: 143
case: 144
case: 145
case: 146
case: 147
case: 148
case: 149
case: 150
case: 151
case: 152
case: 153
case: 154
case: 155
case: 156
case: 157
case: 158
case: 159
case: 160
case: 161
case: 162
case: 163
case: 164
case: 165
case: 166
case: 167
case: 168
case: 169
case: 170
case: 171
case: 172
case: 173
case: 174
case: 175
case: 176
case: 177
case: 178
case: 179
case: 180
case: 181
case: 182
case: 183
case: 184
case: 185
case: 186
case: 187
case: 188
case: 189
case: 190
case: 191
case: 192
case: 193
case: 194
case: 195
case: 196
case: 197
case: 198
case: 199
case: 200
case: 201
case: 202
case: 203
case: 204
case: 205
case: 206
case: 207
case: 208
case: 209
case: 210
case: 211
case: 212
case: 213
case: 214
case: 215
case: 216
case: 217
case: 218
case: 219
case: 220
case: 221
case: 222
case: 223
case: 224
case: 225
case: 226
case: 227
case: 228
case: 229
case: 230
case: 231
case: 232
case: 233
case: 234
case: 235
case: 236
case: 237
case: 238
case: 239
case: 240
case: 241
case: 242
case: 243
case: 244
case: 245
case: 246
case: 247
case: 248
case: 249
case: 250
case: 251
case: 252
case: 253
case: 254
case: 255
case: 256
case: 257
case: 258
case: 259
case: 260
case: 261
case: 262
case: 263
case: 264
case: 265
case: 266
case: 267
case: 268
case: 269
case: 270
Processing file 19 of 32 for inD
24836.0
最多的track数量为: 34
case: 1
case: 2
case: 3
case: 4
case: 5
case: 6
case: 7
case: 8
case: 9
case: 10
case: 11
case: 12
case: 13
case: 14
case: 15
case: 16
case: 17
case: 18
case: 19
case: 20
case: 21
case: 22
case: 23
case: 24
case: 25
case: 26
case: 27
case: 28
case: 29
case: 30
case: 31
case: 32
case: 33
case: 34
case: 35
case: 36
case: 37
case: 38
case: 39
case: 40
case: 41
case: 42
case: 43
case: 44
case: 45
case: 46
case: 47
case: 48
case: 49
case: 50
case: 51
case: 52
case: 53
case: 54
case: 55
case: 56
case: 57
case: 58
case: 59
case: 60
case: 61
case: 62
case: 63
case: 64
case: 65
case: 66
case: 67
case: 68
case: 69
case: 70
case: 71
case: 72
case: 73
case: 74
case: 75
case: 76
case: 77
case: 78
case: 79
case: 80
case: 81
case: 82
case: 83
case: 84
case: 85
case: 86
case: 87
case: 88
case: 89
case: 90
case: 91
case: 92
case: 93
case: 94
case: 95
case: 96
case: 97
case: 98
case: 99
case: 100
case: 101
case: 102
case: 103
case: 104
case: 105
case: 106
case: 107
case: 108
case: 109
case: 110
case: 111
case: 112
case: 113
case: 114
case: 115
case: 116
case: 117
case: 118
case: 119
case: 120
case: 121
case: 122
case: 123
case: 124
case: 125
case: 126
case: 127
case: 128
case: 129
case: 130
case: 131
case: 132
case: 133
case: 134
case: 135
case: 136
case: 137
case: 138
case: 139
case: 140
case: 141
case: 142
case: 143
case: 144
case: 145
case: 146
case: 147
case: 148
case: 149
case: 150
case: 151
case: 152
case: 153
case: 154
case: 155
case: 156
case: 157
case: 158
case: 159
case: 160
case: 161
case: 162
case: 163
case: 164
case: 165
case: 166
case: 167
case: 168
case: 169
case: 170
case: 171
case: 172
case: 173
case: 174
case: 175
case: 176
case: 177
case: 178
case: 179
case: 180
case: 181
case: 182
case: 183
case: 184
case: 185
case: 186
case: 187
case: 188
case: 189
case: 190
case: 191
case: 192
case: 193
case: 194
case: 195
case: 196
case: 197
case: 198
case: 199
case: 200
case: 201
case: 202
case: 203
case: 204
case: 205
case: 206
case: 207
case: 208
case: 209
case: 210
case: 211
case: 212
case: 213
case: 214
case: 215
case: 216
case: 217
case: 218
case: 219
case: 220
case: 221
case: 222
case: 223
case: 224
case: 225
case: 226
case: 227
case: 228
case: 229
case: 230
case: 231
case: 232
case: 233
case: 234
case: 235
case: 236
case: 237
case: 238
case: 239
Processing file 20 of 32 for inD
32543.0
最多的track数量为: 34
case: 1
case: 2
case: 3
case: 4
case: 5
case: 6
case: 7
case: 8
case: 9
case: 10
case: 11
case: 12
case: 13
case: 14
case: 15
case: 16
case: 17
case: 18
case: 19
case: 20
case: 21
case: 22
case: 23
case: 24
case: 25
case: 26
case: 27
case: 28
case: 29
case: 30
case: 31
case: 32
case: 33
case: 34
case: 35
case: 36
case: 37
case: 38
case: 39
case: 40
case: 41
case: 42
case: 43
case: 44
case: 45
case: 46
case: 47
case: 48
case: 49
case: 50
case: 51
case: 52
case: 53
case: 54
case: 55
case: 56
case: 57
case: 58
case: 59
case: 60
case: 61
case: 62
case: 63
case: 64
case: 65
case: 66
case: 67
case: 68
case: 69
case: 70
case: 71
case: 72
case: 73
case: 74
case: 75
case: 76
case: 77
case: 78
case: 79
case: 80
case: 81
case: 82
case: 83
case: 84
case: 85
case: 86
case: 87
case: 88
case: 89
case: 90
case: 91
case: 92
case: 93
case: 94
case: 95
case: 96
case: 97
case: 98
case: 99
case: 100
case: 101
case: 102
case: 103
case: 104
case: 105
case: 106
case: 107
case: 108
case: 109
case: 110
case: 111
case: 112
case: 113
case: 114
case: 115
case: 116
case: 117
case: 118
case: 119
case: 120
case: 121
case: 122
case: 123
case: 124
case: 125
case: 126
case: 127
case: 128
case: 129
case: 130
case: 131
case: 132
case: 133
case: 134
case: 135
case: 136
case: 137
case: 138
case: 139
case: 140
case: 141
case: 142
case: 143
case: 144
case: 145
case: 146
case: 147
case: 148
case: 149
case: 150
case: 151
case: 152
case: 153
case: 154
case: 155
case: 156
case: 157
case: 158
case: 159
case: 160
case: 161
case: 162
case: 163
case: 164
case: 165
case: 166
case: 167
case: 168
case: 169
case: 170
case: 171
case: 172
case: 173
case: 174
case: 175
case: 176
case: 177
case: 178
case: 179
case: 180
case: 181
case: 182
case: 183
case: 184
case: 185
case: 186
case: 187
case: 188
case: 189
case: 190
case: 191
case: 192
case: 193
case: 194
case: 195
case: 196
case: 197
case: 198
case: 199
case: 200
case: 201
case: 202
case: 203
case: 204
case: 205
case: 206
case: 207
case: 208
case: 209
case: 210
case: 211
case: 212
case: 213
case: 214
case: 215
case: 216
case: 217
case: 218
case: 219
case: 220
/home/rzhou/Projects/scenariogenerationai/data_process_diffts/dataprocess.py:81: FutureWarning: The behavior of DataFrame concatenation with empty or all-NA entries is deprecated. In a future version, this will no longer exclude empty or all-NA columns when determining the result dtypes. To retain the old behavior, exclude the relevant entries before the concat operation.
  df = pd.concat([df, new_rows_df], ignore_index=True)
